<?xml version="1.0" encoding="UTF-8"?>
<coverage generated="1777175175742" clover="3.2.0">
  <project timestamp="1777175175742" name="All files">
    <metrics statements="364" coveredstatements="143" conditionals="325" coveredconditionals="79" methods="83" coveredmethods="26" elements="772" coveredelements="248" complexity="0" loc="364" ncloc="364" packages="5" files="13" classes="13"/>
    <package name="src">
      <metrics statements="30" coveredstatements="15" conditionals="40" coveredconditionals="11" methods="9" coveredmethods="5"/>
      <file name="App.jsx" path="D:\Election Process education\src\App.jsx">
        <metrics statements="30" coveredstatements="15" conditionals="40" coveredconditionals="11" methods="9" coveredmethods="5"/>
        <line num="8" count="1" type="stmt"/>
        <line num="17" count="2" type="cond" truecount="1" falsecount="1"/>
        <line num="18" count="2" type="stmt"/>
        <line num="19" count="2" type="stmt"/>
        <line num="20" count="2" type="cond" truecount="1" falsecount="1"/>
        <line num="22" count="0" type="stmt"/>
        <line num="27" count="0" type="cond" truecount="0" falsecount="2"/>
        <line num="28" count="0" type="cond" truecount="0" falsecount="2"/>
        <line num="29" count="0" type="cond" truecount="0" falsecount="2"/>
        <line num="30" count="0" type="cond" truecount="0" falsecount="2"/>
        <line num="31" count="0" type="cond" truecount="0" falsecount="2"/>
        <line num="32" count="0" type="cond" truecount="0" falsecount="2"/>
        <line num="33" count="0" type="cond" truecount="0" falsecount="2"/>
        <line num="34" count="0" type="cond" truecount="0" falsecount="2"/>
        <line num="35" count="0" type="stmt"/>
        <line num="39" count="2" type="stmt"/>
        <line num="40" count="2" type="stmt"/>
        <line num="42" count="2" type="stmt"/>
        <line num="43" count="0" type="stmt"/>
        <line num="44" count="0" type="cond" truecount="0" falsecount="2"/>
        <line num="47" count="2" type="stmt"/>
        <line num="48" count="2" type="cond" truecount="1" falsecount="1"/>
        <line num="49" count="2" type="cond" truecount="1" falsecount="1"/>
        <line num="50" count="0" type="stmt"/>
        <line num="51" count="0" type="stmt"/>
        <line num="53" count="2" type="stmt"/>
        <line num="56" count="2" type="stmt"/>
        <line num="81" count="0" type="stmt"/>
        <line num="97" count="10" type="stmt"/>
        <line num="101" count="10" type="stmt"/>
      </file>
    </package>
    <package name="src.components">
      <metrics statements="111" coveredstatements="5" conditionals="118" coveredconditionals="0" methods="35" coveredmethods="0"/>
      <file name="ChatAssistant.jsx" path="D:\Election Process education\src\components\ChatAssistant.jsx">
        <metrics statements="42" coveredstatements="0" conditionals="34" coveredconditionals="0" methods="11" coveredmethods="0"/>
        <line num="8" count="0" type="stmt"/>
        <line num="9" count="0" type="stmt"/>
        <line num="10" count="0" type="cond" truecount="0" falsecount="2"/>
        <line num="12" count="0" type="stmt"/>
        <line num="13" count="0" type="stmt"/>
        <line num="14" count="0" type="stmt"/>
        <line num="15" count="0" type="stmt"/>
        <line num="17" count="0" type="stmt"/>
        <line num="18" count="0" type="stmt"/>
        <line num="19" count="0" type="stmt"/>
        <line num="20" count="0" type="cond" truecount="0" falsecount="5"/>
        <line num="21" count="0" type="stmt"/>
        <line num="23" count="0" type="stmt"/>
        <line num="32" count="0" type="stmt"/>
        <line num="35" count="0" type="stmt"/>
        <line num="36" count="0" type="stmt"/>
        <line num="37" count="0" type="cond" truecount="0" falsecount="2"/>
        <line num="38" count="0" type="stmt"/>
        <line num="41" count="0" type="stmt"/>
        <line num="42" count="0" type="cond" truecount="0" falsecount="2"/>
        <line num="43" count="0" type="cond" truecount="0" falsecount="4"/>
        <line num="45" count="0" type="stmt"/>
        <line num="46" count="0" type="stmt"/>
        <line num="47" count="0" type="stmt"/>
        <line num="48" count="0" type="stmt"/>
        <line num="51" count="0" type="stmt"/>
        <line num="53" count="0" type="stmt"/>
        <line num="55" count="0" type="stmt"/>
        <line num="56" count="0" type="stmt"/>
        <line num="57" count="0" type="stmt"/>
        <line num="60" count="0" type="stmt"/>
        <line num="63" count="0" type="stmt"/>
        <line num="94" count="0" type="cond" truecount="0" falsecount="2"/>
        <line num="95" count="0" type="cond" truecount="0" falsecount="2"/>
        <line num="96" count="0" type="stmt"/>
        <line num="100" count="0" type="stmt"/>
        <line num="125" count="0" type="stmt"/>
        <line num="154" count="0" type="stmt"/>
        <line num="156" count="0" type="cond" truecount="0" falsecount="2"/>
        <line num="157" count="0" type="stmt"/>
        <line num="158" count="0" type="stmt"/>
        <line num="166" count="0" type="stmt"/>
      </file>
      <file name="FindBooth.jsx" path="D:\Election Process education\src\components\FindBooth.jsx">
        <metrics statements="27" coveredstatements="3" conditionals="18" coveredconditionals="0" methods="11" coveredmethods="0"/>
        <line num="8" count="1" type="stmt"/>
        <line num="9" count="1" type="stmt"/>
        <line num="15" count="1" type="stmt"/>
        <line num="22" count="0" type="stmt"/>
        <line num="23" count="0" type="stmt"/>
        <line num="24" count="0" type="cond" truecount="0" falsecount="2"/>
        <line num="25" count="0" type="stmt"/>
        <line num="28" count="0" type="stmt"/>
        <line num="32" count="0" type="stmt"/>
        <line num="33" count="0" type="stmt"/>
        <line num="34" count="0" type="stmt"/>
        <line num="36" count="0" type="stmt"/>
        <line num="37" count="0" type="stmt"/>
        <line num="38" count="0" type="stmt"/>
        <line num="41" count="0" type="stmt"/>
        <line num="42" count="0" type="cond" truecount="0" falsecount="2"/>
        <line num="43" count="0" type="stmt"/>
        <line num="47" count="0" type="stmt"/>
        <line num="67" count="0" type="stmt"/>
        <line num="70" count="0" type="cond" truecount="0" falsecount="2"/>
        <line num="71" count="0" type="stmt"/>
        <line num="75" count="0" type="stmt"/>
        <line num="93" count="0" type="stmt"/>
        <line num="94" count="0" type="stmt"/>
        <line num="97" count="0" type="stmt"/>
        <line num="119" count="0" type="stmt"/>
        <line num="120" count="0" type="stmt"/>
      </file>
      <file name="PollingBoothMap.jsx" path="D:\Election Process education\src\components\PollingBoothMap.jsx">
        <metrics statements="36" coveredstatements="1" conditionals="60" coveredconditionals="0" methods="10" coveredmethods="0"/>
        <line num="5" count="1" type="stmt"/>
        <line num="15" count="0" type="stmt"/>
        <line num="16" count="0" type="stmt"/>
        <line num="17" count="0" type="cond" truecount="0" falsecount="2"/>
        <line num="18" count="0" type="cond" truecount="0" falsecount="2"/>
        <line num="19" count="0" type="stmt"/>
        <line num="20" count="0" type="stmt"/>
        <line num="22" count="0" type="stmt"/>
        <line num="23" count="0" type="cond" truecount="0" falsecount="2"/>
        <line num="24" count="0" type="stmt"/>
        <line num="25" count="0" type="stmt"/>
        <line num="26" count="0" type="cond" truecount="0" falsecount="2"/>
        <line num="27" count="0" type="stmt"/>
        <line num="31" count="0" type="stmt"/>
        <line num="32" count="0" type="cond" truecount="0" falsecount="2"/>
        <line num="35" count="0" type="cond" truecount="0" falsecount="2"/>
        <line num="36" count="0" type="stmt"/>
        <line num="37" count="0" type="stmt"/>
        <line num="38" count="0" type="stmt"/>
        <line num="41" count="0" type="stmt"/>
        <line num="42" count="0" type="stmt"/>
        <line num="45" count="0" type="stmt"/>
        <line num="48" count="0" type="stmt"/>
        <line num="49" count="0" type="stmt"/>
        <line num="50" count="0" type="stmt"/>
        <line num="53" count="0" type="stmt"/>
        <line num="54" count="0" type="cond" truecount="0" falsecount="2"/>
        <line num="55" count="0" type="cond" truecount="0" falsecount="4"/>
        <line num="56" count="0" type="stmt"/>
        <line num="59" count="0" type="stmt"/>
        <line num="160" count="0" type="stmt"/>
        <line num="161" count="0" type="cond" truecount="0" falsecount="2"/>
        <line num="162" count="0" type="stmt"/>
        <line num="206" count="0" type="stmt"/>
        <line num="207" count="0" type="stmt"/>
        <line num="209" count="0" type="stmt"/>
      </file>
      <file name="Timeline.jsx" path="D:\Election Process education\src\components\Timeline.jsx">
        <metrics statements="6" coveredstatements="1" conditionals="6" coveredconditionals="0" methods="3" coveredmethods="0"/>
        <line num="4" count="1" type="stmt"/>
        <line num="43" count="0" type="stmt"/>
        <line num="44" count="0" type="stmt"/>
        <line num="46" count="0" type="stmt"/>
        <line num="64" count="0" type="stmt"/>
        <line num="66" count="0" type="cond" truecount="0" falsecount="2"/>
      </file>
    </package>
    <package name="src.contexts">
      <metrics statements="11" coveredstatements="11" conditionals="0" coveredconditionals="0" methods="5" coveredmethods="5"/>
      <file name="LanguageContext.jsx" path="D:\Election Process education\src\contexts\LanguageContext.jsx">
        <metrics statements="6" coveredstatements="6" conditionals="0" coveredconditionals="0" methods="3" coveredmethods="3"/>
        <line num="4" count="2" type="stmt"/>
        <line num="6" count="2" type="stmt"/>
        <line num="16" count="2" type="stmt"/>
        <line num="17" count="22" type="stmt"/>
        <line num="19" count="2" type="stmt"/>
        <line num="27" count="4" type="stmt"/>
      </file>
      <file name="ProfileContext.jsx" path="D:\Election Process education\src\contexts\ProfileContext.jsx">
        <metrics statements="5" coveredstatements="5" conditionals="0" coveredconditionals="0" methods="2" coveredmethods="2"/>
        <line num="3" count="5" type="stmt"/>
        <line num="5" count="5" type="stmt"/>
        <line num="128" count="11" type="stmt"/>
        <line num="133" count="11" type="stmt"/>
        <line num="141" count="12" type="stmt"/>
      </file>
    </package>
    <package name="src.pages">
      <metrics statements="48" coveredstatements="40" conditionals="29" coveredconditionals="20" methods="19" coveredmethods="11"/>
      <file name="Dashboard.jsx" path="D:\Election Process education\src\pages\Dashboard.jsx">
        <metrics statements="22" coveredstatements="20" conditionals="15" coveredconditionals="13" methods="7" coveredmethods="5"/>
        <line num="9" count="2" type="stmt"/>
        <line num="84" count="2" type="stmt"/>
        <line num="91" count="1" type="cond" truecount="2" falsecount="0"/>
        <line num="93" count="1" type="stmt"/>
        <line num="129" count="3" type="stmt"/>
        <line num="148" count="3" type="stmt"/>
        <line num="173" count="5" type="stmt"/>
        <line num="174" count="5" type="stmt"/>
        <line num="176" count="5" type="cond" truecount="1" falsecount="1"/>
        <line num="177" count="5" type="stmt"/>
        <line num="178" count="5" type="cond" truecount="1" falsecount="1"/>
        <line num="181" count="5" type="cond" truecount="2" falsecount="0"/>
        <line num="182" count="1" type="stmt"/>
        <line num="189" count="4" type="cond" truecount="2" falsecount="0"/>
        <line num="190" count="1" type="stmt"/>
        <line num="197" count="3" type="cond" truecount="2" falsecount="0"/>
        <line num="198" count="1" type="stmt"/>
        <line num="205" count="2" type="cond" truecount="2" falsecount="0"/>
        <line num="206" count="1" type="stmt"/>
        <line num="213" count="1" type="stmt"/>
        <line num="216" count="0" type="stmt"/>
        <line num="217" count="0" type="stmt"/>
      </file>
      <file name="Entry.jsx" path="D:\Election Process education\src\pages\Entry.jsx">
        <metrics statements="19" coveredstatements="18" conditionals="10" coveredconditionals="7" methods="7" coveredmethods="6"/>
        <line num="8" count="5" type="stmt"/>
        <line num="9" count="5" type="stmt"/>
        <line num="10" count="5" type="stmt"/>
        <line num="11" count="5" type="stmt"/>
        <line num="13" count="5" type="stmt"/>
        <line num="20" count="5" type="stmt"/>
        <line num="22" count="5" type="stmt"/>
        <line num="23" count="1" type="stmt"/>
        <line num="24" count="2" type="stmt"/>
        <line num="26" count="1" type="stmt"/>
        <line num="30" count="1" type="stmt"/>
        <line num="31" count="1" type="stmt"/>
        <line num="33" count="1" type="stmt"/>
        <line num="38" count="1" type="stmt"/>
        <line num="41" count="5" type="stmt"/>
        <line num="76" count="20" type="stmt"/>
        <line num="89" count="1" type="stmt"/>
        <line num="103" count="30" type="stmt"/>
        <line num="116" count="0" type="stmt"/>
      </file>
      <file name="Home.jsx" path="D:\Election Process education\src\pages\Home.jsx">
        <metrics statements="7" coveredstatements="2" conditionals="4" coveredconditionals="0" methods="5" coveredmethods="0"/>
        <line num="4" count="1" type="stmt"/>
        <line num="27" count="1" type="stmt"/>
        <line num="30" count="0" type="stmt"/>
        <line num="75" count="0" type="stmt"/>
        <line num="99" count="0" type="stmt"/>
        <line num="127" count="0" type="stmt"/>
        <line num="143" count="0" type="stmt"/>
      </file>
    </package>
    <package name="src.utils">
      <metrics statements="164" coveredstatements="72" conditionals="138" coveredconditionals="48" methods="15" coveredmethods="5"/>
      <file name="chat.js" path="D:\Election Process education\src\utils\chat.js">
        <metrics statements="85" coveredstatements="43" conditionals="102" coveredconditionals="44" methods="4" coveredmethods="3"/>
        <line num="5" count="2" type="stmt"/>
        <line num="8" count="12" type="cond" truecount="1" falsecount="1"/>
        <line num="9" count="12" type="stmt"/>
        <line num="12" count="2" type="cond" truecount="1" falsecount="1"/>
        <line num="19" count="0" type="cond" truecount="0" falsecount="2"/>
        <line num="20" count="0" type="stmt"/>
        <line num="23" count="0" type="cond" truecount="0" falsecount="2"/>
        <line num="24" count="0" type="stmt"/>
        <line num="28" count="10" type="stmt"/>
        <line num="29" count="10" type="cond" truecount="1" falsecount="1"/>
        <line num="30" count="10" type="stmt"/>
        <line num="32" count="10" type="cond" truecount="2" falsecount="0"/>
        <line num="33" count="2" type="cond" truecount="3" falsecount="1"/>
        <line num="34" count="2" type="stmt"/>
        <line num="37" count="0" type="cond" truecount="0" falsecount="4"/>
        <line num="38" count="0" type="stmt"/>
        <line num="41" count="0" type="cond" truecount="0" falsecount="4"/>
        <line num="42" count="0" type="stmt"/>
        <line num="46" count="8" type="cond" truecount="2" falsecount="0"/>
        <line num="47" count="2" type="cond" truecount="4" falsecount="0"/>
        <line num="48" count="1" type="stmt"/>
        <line num="51" count="1" type="cond" truecount="2" falsecount="2"/>
        <line num="52" count="1" type="stmt"/>
        <line num="55" count="0" type="cond" truecount="0" falsecount="4"/>
        <line num="56" count="0" type="stmt"/>
        <line num="60" count="6" type="cond" truecount="2" falsecount="0"/>
        <line num="61" count="3" type="cond" truecount="4" falsecount="0"/>
        <line num="62" count="1" type="stmt"/>
        <line num="65" count="2" type="cond" truecount="4" falsecount="0"/>
        <line num="66" count="1" type="stmt"/>
        <line num="69" count="1" type="cond" truecount="2" falsecount="2"/>
        <line num="70" count="1" type="stmt"/>
        <line num="74" count="3" type="cond" truecount="2" falsecount="0"/>
        <line num="75" count="1" type="stmt"/>
        <line num="78" count="2" type="cond" truecount="2" falsecount="0"/>
        <line num="79" count="1" type="stmt"/>
        <line num="82" count="1" type="cond" truecount="1" falsecount="1"/>
        <line num="83" count="0" type="stmt"/>
        <line num="84" count="0" type="stmt"/>
        <line num="87" count="1" type="cond" truecount="1" falsecount="1"/>
        <line num="88" count="0" type="stmt"/>
        <line num="91" count="1" type="cond" truecount="1" falsecount="1"/>
        <line num="92" count="1" type="stmt"/>
        <line num="95" count="0" type="cond" truecount="0" falsecount="2"/>
        <line num="96" count="0" type="stmt"/>
        <line num="99" count="0" type="cond" truecount="0" falsecount="2"/>
        <line num="100" count="0" type="stmt"/>
        <line num="103" count="0" type="cond" truecount="0" falsecount="2"/>
        <line num="104" count="0" type="stmt"/>
        <line num="107" count="0" type="cond" truecount="0" falsecount="2"/>
        <line num="108" count="0" type="stmt"/>
        <line num="111" count="0" type="cond" truecount="0" falsecount="2"/>
        <line num="112" count="0" type="stmt"/>
        <line num="115" count="0" type="cond" truecount="0" falsecount="2"/>
        <line num="116" count="0" type="stmt"/>
        <line num="119" count="0" type="cond" truecount="0" falsecount="2"/>
        <line num="120" count="0" type="stmt"/>
        <line num="123" count="0" type="stmt"/>
        <line num="127" count="10" type="stmt"/>
        <line num="128" count="10" type="cond" truecount="2" falsecount="0"/>
        <line num="129" count="10" type="cond" truecount="1" falsecount="1"/>
        <line num="130" count="10" type="stmt"/>
        <line num="131" count="10" type="stmt"/>
        <line num="135" count="10" type="cond" truecount="2" falsecount="0"/>
        <line num="136" count="9" type="stmt"/>
        <line num="141" count="1" type="cond" truecount="1" falsecount="1"/>
        <line num="142" count="1" type="stmt"/>
        <line num="145" count="0" type="stmt"/>
        <line num="146" count="0" type="cond" truecount="0" falsecount="2"/>
        <line num="149" count="10" type="cond" truecount="1" falsecount="1"/>
        <line num="152" count="10" type="cond" truecount="0" falsecount="2"/>
        <line num="159" count="10" type="stmt"/>
        <line num="167" count="10" type="cond" truecount="2" falsecount="2"/>
        <line num="168" count="0" type="stmt"/>
        <line num="171" count="0" type="stmt"/>
        <line num="184" count="0" type="stmt"/>
        <line num="186" count="0" type="cond" truecount="0" falsecount="2"/>
        <line num="187" count="0" type="stmt"/>
        <line num="188" count="0" type="cond" truecount="0" falsecount="2"/>
        <line num="189" count="0" type="stmt"/>
        <line num="190" count="0" type="cond" truecount="0" falsecount="2"/>
        <line num="191" count="0" type="stmt"/>
        <line num="194" count="0" type="cond" truecount="0" falsecount="2"/>
        <line num="197" count="0" type="stmt"/>
        <line num="198" count="0" type="stmt"/>
      </file>
      <file name="firebase.js" path="D:\Election Process education\src\utils\firebase.js">
        <metrics statements="64" coveredstatements="15" conditionals="32" coveredconditionals="2" methods="8" coveredmethods="0"/>
        <line num="7" count="1" type="stmt"/>
        <line num="17" count="1" type="stmt"/>
        <line num="18" count="1" type="stmt"/>
        <line num="19" count="1" type="stmt"/>
        <line num="20" count="1" type="stmt"/>
        <line num="21" count="1" type="stmt"/>
        <line num="24" count="1" type="cond" truecount="2" falsecount="2"/>
        <line num="25" count="0" type="stmt"/>
        <line num="26" count="0" type="stmt"/>
        <line num="29" count="0" type="stmt"/>
        <line num="30" count="0" type="stmt"/>
        <line num="33" count="0" type="stmt"/>
        <line num="34" count="0" type="stmt"/>
        <line num="35" count="0" type="stmt"/>
        <line num="39" count="0" type="stmt"/>
        <line num="42" count="0" type="stmt"/>
        <line num="44" count="0" type="stmt"/>
        <line num="45" count="0" type="stmt"/>
        <line num="47" count="0" type="stmt"/>
        <line num="50" count="1" type="stmt"/>
        <line num="53" count="1" type="stmt"/>
        <line num="54" count="0" type="cond" truecount="0" falsecount="2"/>
        <line num="57" count="1" type="stmt"/>
        <line num="58" count="0" type="cond" truecount="0" falsecount="2"/>
        <line num="64" count="1" type="stmt"/>
        <line num="65" count="0" type="cond" truecount="0" falsecount="4"/>
        <line num="66" count="0" type="stmt"/>
        <line num="67" count="0" type="stmt"/>
        <line num="68" count="0" type="stmt"/>
        <line num="70" count="0" type="stmt"/>
        <line num="71" count="0" type="stmt"/>
        <line num="75" count="0" type="stmt"/>
        <line num="81" count="1" type="stmt"/>
        <line num="82" count="0" type="cond" truecount="0" falsecount="4"/>
        <line num="83" count="0" type="stmt"/>
        <line num="84" count="0" type="stmt"/>
        <line num="85" count="0" type="stmt"/>
        <line num="86" count="0" type="cond" truecount="0" falsecount="2"/>
        <line num="88" count="0" type="stmt"/>
        <line num="89" count="0" type="stmt"/>
        <line num="92" count="0" type="stmt"/>
        <line num="95" count="1" type="stmt"/>
        <line num="96" count="0" type="cond" truecount="0" falsecount="4"/>
        <line num="97" count="0" type="stmt"/>
        <line num="98" count="0" type="stmt"/>
        <line num="99" count="0" type="stmt"/>
        <line num="100" count="0" type="cond" truecount="0" falsecount="2"/>
        <line num="102" count="0" type="stmt"/>
        <line num="103" count="0" type="stmt"/>
        <line num="106" count="0" type="stmt"/>
        <line num="109" count="1" type="stmt"/>
        <line num="110" count="0" type="cond" truecount="0" falsecount="4"/>
        <line num="111" count="0" type="stmt"/>
        <line num="112" count="0" type="stmt"/>
        <line num="114" count="0" type="stmt"/>
        <line num="119" count="1" type="stmt"/>
        <line num="120" count="0" type="cond" truecount="0" falsecount="4"/>
        <line num="121" count="0" type="stmt"/>
        <line num="122" count="0" type="stmt"/>
        <line num="123" count="0" type="stmt"/>
        <line num="124" count="0" type="stmt"/>
        <line num="126" count="0" type="stmt"/>
        <line num="127" count="0" type="stmt"/>
        <line num="130" count="0" type="stmt"/>
      </file>
      <file name="translations.js" path="D:\Election Process education\src\utils\translations.js">
        <metrics statements="15" coveredstatements="14" conditionals="4" coveredconditionals="2" methods="3" coveredmethods="2"/>
        <line num="1" count="3" type="stmt"/>
        <line num="10" count="3" type="stmt"/>
        <line num="147" count="3" type="stmt"/>
        <line num="188" count="3" type="stmt"/>
        <line num="229" count="3" type="stmt"/>
        <line num="270" count="3" type="stmt"/>
        <line num="477" count="3" type="stmt"/>
        <line num="496" count="3" type="stmt"/>
        <line num="514" count="3" type="stmt"/>
        <line num="551" count="3" type="stmt"/>
        <line num="589" count="3" type="stmt"/>
        <line num="590" count="18" type="stmt"/>
        <line num="594" count="42" type="cond" truecount="1" falsecount="2"/>
        <line num="595" count="42" type="stmt"/>
        <line num="596" count="0" type="stmt"/>
      </file>
    </package>
  </project>
</coverage>
