{"D:\\Election Process education\\src\\App.jsx": {"path":"D:\\Election Process education\\src\\App.jsx","statementMap":{"0":{"start":{"line":8,"column":17},"end":{"line":14,"column":null}},"1":{"start":{"line":17,"column":2},"end":{"line":17,"column":null}},"2":{"start":{"line":17,"column":37},"end":{"line":17,"column":null}},"3":{"start":{"line":18,"column":2},"end":{"line":22,"column":null}},"4":{"start":{"line":19,"column":18},"end":{"line":19,"column":62}},"5":{"start":{"line":20,"column":4},"end":{"line":20,"column":null}},"6":{"start":{"line":22,"column":4},"end":{"line":22,"column":null}},"7":{"start":{"line":27,"column":2},"end":{"line":27,"column":null}},"8":{"start":{"line":27,"column":29},"end":{"line":27,"column":null}},"9":{"start":{"line":28,"column":2},"end":{"line":28,"column":null}},"10":{"start":{"line":28,"column":44},"end":{"line":28,"column":null}},"11":{"start":{"line":29,"column":2},"end":{"line":29,"column":null}},"12":{"start":{"line":29,"column":39},"end":{"line":29,"column":null}},"13":{"start":{"line":30,"column":2},"end":{"line":30,"column":null}},"14":{"start":{"line":30,"column":43},"end":{"line":30,"column":null}},"15":{"start":{"line":31,"column":2},"end":{"line":31,"column":null}},"16":{"start":{"line":31,"column":43},"end":{"line":31,"column":null}},"17":{"start":{"line":32,"column":2},"end":{"line":32,"column":null}},"18":{"start":{"line":32,"column":50},"end":{"line":32,"column":null}},"19":{"start":{"line":33,"column":2},"end":{"line":33,"column":null}},"20":{"start":{"line":33,"column":47},"end":{"line":33,"column":null}},"21":{"start":{"line":34,"column":2},"end":{"line":34,"column":null}},"22":{"start":{"line":34,"column":60},"end":{"line":34,"column":null}},"23":{"start":{"line":35,"column":2},"end":{"line":35,"column":null}},"24":{"start":{"line":39,"column":22},"end":{"line":39,"column":61}},"25":{"start":{"line":40,"column":33},"end":{"line":40,"column":52}},"26":{"start":{"line":42,"column":8},"end":{"line":44,"column":null}},"27":{"start":{"line":43,"column":4},"end":{"line":43,"column":null}},"28":{"start":{"line":44,"column":4},"end":{"line":44,"column":null}},"29":{"start":{"line":44,"column":33},"end":{"line":44,"column":93}},"30":{"start":{"line":47,"column":2},"end":{"line":54,"column":null}},"31":{"start":{"line":48,"column":4},"end":{"line":48,"column":null}},"32":{"start":{"line":48,"column":39},"end":{"line":48,"column":null}},"33":{"start":{"line":49,"column":4},"end":{"line":51,"column":null}},"34":{"start":{"line":50,"column":6},"end":{"line":50,"column":null}},"35":{"start":{"line":51,"column":6},"end":{"line":51,"column":null}},"36":{"start":{"line":53,"column":4},"end":{"line":53,"column":null}},"37":{"start":{"line":56,"column":2},"end":{"line":134,"column":null}},"38":{"start":{"line":81,"column":31},"end":{"line":81,"column":61}},"39":{"start":{"line":97,"column":14},"end":{"line":109,"column":null}},"40":{"start":{"line":101,"column":18},"end":{"line":104,"column":null}}},"fnMap":{"0":{"name":"loadProfile","decl":{"start":{"line":16,"column":9},"end":{"line":16,"column":23}},"loc":{"start":{"line":16,"column":23},"end":{"line":22,"column":null}},"line":16},"1":{"name":"getVoterTypeKey","decl":{"start":{"line":26,"column":9},"end":{"line":26,"column":25}},"loc":{"start":{"line":26,"column":34},"end":{"line":35,"column":null}},"line":26},"2":{"name":"App","decl":{"start":{"line":38,"column":24},"end":{"line":38,"column":30}},"loc":{"start":{"line":38,"column":30},"end":{"line":134,"column":null}},"line":38},"3":{"name":"(anonymous_3)","decl":{"start":{"line":42,"column":8},"end":{"line":42,"column":26}},"loc":{"start":{"line":42,"column":43},"end":{"line":44,"column":null}},"line":42},"4":{"name":"(anonymous_4)","decl":{"start":{"line":44,"column":4},"end":{"line":44,"column":20}},"loc":{"start":{"line":44,"column":33},"end":{"line":44,"column":93}},"line":44},"5":{"name":"(anonymous_5)","decl":{"start":{"line":47,"column":2},"end":{"line":47,"column":18}},"loc":{"start":{"line":47,"column":18},"end":{"line":54,"column":6}},"line":47},"6":{"name":"(anonymous_6)","decl":{"start":{"line":81,"column":14},"end":{"line":81,"column":25}},"loc":{"start":{"line":81,"column":31},"end":{"line":81,"column":61}},"line":81},"7":{"name":"(anonymous_7)","decl":{"start":{"line":96,"column":22},"end":{"line":96,"column":27}},"loc":{"start":{"line":97,"column":14},"end":{"line":109,"column":null}},"line":97},"8":{"name":"(anonymous_8)","decl":{"start":{"line":100,"column":16},"end":{"line":100,"column":28}},"loc":{"start":{"line":101,"column":18},"end":{"line":104,"column":null}},"line":101}},"branchMap":{"0":{"loc":{"start":{"line":17,"column":2},"end":{"line":17,"column":null}},"type":"if","locations":[{"start":{"line":17,"column":2},"end":{"line":17,"column":null}},{"start":{},"end":{}}],"line":17},"1":{"loc":{"start":{"line":20,"column":11},"end":{"line":20,"column":null}},"type":"cond-expr","locations":[{"start":{"line":20,"column":19},"end":{"line":20,"column":36}},{"start":{"line":20,"column":39},"end":{"line":20,"column":null}}],"line":20},"2":{"loc":{"start":{"line":27,"column":2},"end":{"line":27,"column":null}},"type":"if","locations":[{"start":{"line":27,"column":2},"end":{"line":27,"column":null}},{"start":{},"end":{}}],"line":27},"3":{"loc":{"start":{"line":28,"column":2},"end":{"line":28,"column":null}},"type":"if","locations":[{"start":{"line":28,"column":2},"end":{"line":28,"column":null}},{"start":{},"end":{}}],"line":28},"4":{"loc":{"start":{"line":29,"column":2},"end":{"line":29,"column":null}},"type":"if","locations":[{"start":{"line":29,"column":2},"end":{"line":29,"column":null}},{"start":{},"end":{}}],"line":29},"5":{"loc":{"start":{"line":30,"column":2},"end":{"line":30,"column":null}},"type":"if","locations":[{"start":{"line":30,"column":2},"end":{"line":30,"column":null}},{"start":{},"end":{}}],"line":30},"6":{"loc":{"start":{"line":31,"column":2},"end":{"line":31,"column":null}},"type":"if","locations":[{"start":{"line":31,"column":2},"end":{"line":31,"column":null}},{"start":{},"end":{}}],"line":31},"7":{"loc":{"start":{"line":32,"column":2},"end":{"line":32,"column":null}},"type":"if","locations":[{"start":{"line":32,"column":2},"end":{"line":32,"column":null}},{"start":{},"end":{}}],"line":32},"8":{"loc":{"start":{"line":33,"column":2},"end":{"line":33,"column":null}},"type":"if","locations":[{"start":{"line":33,"column":2},"end":{"line":33,"column":null}},{"start":{},"end":{}}],"line":33},"9":{"loc":{"start":{"line":34,"column":2},"end":{"line":34,"column":null}},"type":"if","locations":[{"start":{"line":34,"column":2},"end":{"line":34,"column":null}},{"start":{},"end":{}}],"line":34},"10":{"loc":{"start":{"line":44,"column":33},"end":{"line":44,"column":93}},"type":"cond-expr","locations":[{"start":{"line":44,"column":43},"end":{"line":44,"column":84}},{"start":{"line":44,"column":84},"end":{"line":44,"column":93}}],"line":44},"11":{"loc":{"start":{"line":48,"column":4},"end":{"line":48,"column":null}},"type":"if","locations":[{"start":{"line":48,"column":4},"end":{"line":48,"column":null}},{"start":{},"end":{}}],"line":48},"12":{"loc":{"start":{"line":49,"column":4},"end":{"line":51,"column":null}},"type":"if","locations":[{"start":{"line":49,"column":4},"end":{"line":51,"column":null}},{"start":{},"end":{}}],"line":49},"13":{"loc":{"start":{"line":73,"column":13},"end":{"line":77,"column":null}},"type":"cond-expr","locations":[{"start":{"line":74,"column":14},"end":{"line":77,"column":null}},{"start":{"line":77,"column":16},"end":{"line":77,"column":null}}],"line":73},"14":{"loc":{"start":{"line":102,"column":20},"end":{"line":104,"column":null}},"type":"cond-expr","locations":[{"start":{"line":103,"column":24},"end":{"line":103,"column":null}},{"start":{"line":104,"column":24},"end":{"line":104,"column":null}}],"line":102},"15":{"loc":{"start":{"line":122,"column":14},"end":{"line":125,"column":null}},"type":"cond-expr","locations":[{"start":{"line":123,"column":16},"end":{"line":125,"column":17}},{"start":{"line":125,"column":16},"end":{"line":125,"column":null}}],"line":122},"16":{"loc":{"start":{"line":129,"column":44},"end":{"line":129,"column":147}},"type":"cond-expr","locations":[{"start":{"line":129,"column":58},"end":{"line":129,"column":117}},{"start":{"line":129,"column":116},"end":{"line":129,"column":147}}],"line":129},"17":{"loc":{"start":{"line":130,"column":43},"end":{"line":130,"column":145}},"type":"cond-expr","locations":[{"start":{"line":130,"column":57},"end":{"line":130,"column":115}},{"start":{"line":130,"column":114},"end":{"line":130,"column":145}}],"line":130},"18":{"loc":{"start":{"line":131,"column":38},"end":{"line":131,"column":135}},"type":"cond-expr","locations":[{"start":{"line":131,"column":52},"end":{"line":131,"column":105}},{"start":{"line":131,"column":104},"end":{"line":131,"column":135}}],"line":131},"19":{"loc":{"start":{"line":132,"column":45},"end":{"line":132,"column":144}},"type":"cond-expr","locations":[{"start":{"line":132,"column":59},"end":{"line":132,"column":114}},{"start":{"line":132,"column":113},"end":{"line":132,"column":144}}],"line":132}},"s":{"0":1,"1":2,"2":0,"3":2,"4":2,"5":2,"6":0,"7":0,"8":0,"9":0,"10":0,"11":0,"12":0,"13":0,"14":0,"15":0,"16":0,"17":0,"18":0,"19":0,"20":0,"21":0,"22":0,"23":0,"24":2,"25":2,"26":2,"27":0,"28":0,"29":0,"30":2,"31":2,"32":0,"33":2,"34":0,"35":0,"36":2,"37":2,"38":0,"39":10,"40":10},"f":{"0":2,"1":0,"2":2,"3":0,"4":0,"5":2,"6":0,"7":10,"8":10},"b":{"0":[0,2],"1":[0,2],"2":[0,0],"3":[0,0],"4":[0,0],"5":[0,0],"6":[0,0],"7":[0,0],"8":[0,0],"9":[0,0],"10":[0,0],"11":[0,2],"12":[0,2],"13":[0,2],"14":[0,10],"15":[0,2],"16":[0,2],"17":[0,2],"18":[0,2],"19":[0,2]},"meta":{"lastBranch":20,"lastFunction":9,"lastStatement":41,"seen":{"s:8:17:14:Infinity":0,"f:16:9:16:23":0,"b:17:2:17:Infinity:undefined:undefined:undefined:undefined":0,"s:17:2:17:Infinity":1,"s:17:37:17:Infinity":2,"s:18:2:22:Infinity":3,"s:19:18:19:62":4,"s:20:4:20:Infinity":5,"b:20:19:20:36:20:39:20:Infinity":1,"s:22:4:22:Infinity":6,"f:26:9:26:25":1,"b:27:2:27:Infinity:undefined:undefined:undefined:undefined":2,"s:27:2:27:Infinity":7,"s:27:29:27:Infinity":8,"b:28:2:28:Infinity:undefined:undefined:undefined:undefined":3,"s:28:2:28:Infinity":9,"s:28:44:28:Infinity":10,"b:29:2:29:Infinity:undefined:undefined:undefined:undefined":4,"s:29:2:29:Infinity":11,"s:29:39:29:Infinity":12,"b:30:2:30:Infinity:undefined:undefined:undefined:undefined":5,"s:30:2:30:Infinity":13,"s:30:43:30:Infinity":14,"b:31:2:31:Infinity:undefined:undefined:undefined:undefined":6,"s:31:2:31:Infinity":15,"s:31:43:31:Infinity":16,"b:32:2:32:Infinity:undefined:undefined:undefined:undefined":7,"s:32:2:32:Infinity":17,"s:32:50:32:Infinity":18,"b:33:2:33:Infinity:undefined:undefined:undefined:undefined":8,"s:33:2:33:Infinity":19,"s:33:47:33:Infinity":20,"b:34:2:34:Infinity:undefined:undefined:undefined:undefined":9,"s:34:2:34:Infinity":21,"s:34:60:34:Infinity":22,"s:35:2:35:Infinity":23,"f:38:24:38:30":2,"s:39:22:39:61":24,"s:40:33:40:52":25,"s:42:8:44:Infinity":26,"f:42:8:42:26":3,"s:43:4:43:Infinity":27,"s:44:4:44:Infinity":28,"f:44:4:44:20":4,"s:44:33:44:93":29,"b:44:43:44:84:44:84:44:93":10,"s:47:2:54:Infinity":30,"f:47:2:47:18":5,"b:48:4:48:Infinity:undefined:undefined:undefined:undefined":11,"s:48:4:48:Infinity":31,"s:48:39:48:Infinity":32,"b:49:4:51:Infinity:undefined:undefined:undefined:undefined":12,"s:49:4:51:Infinity":33,"s:50:6:50:Infinity":34,"s:51:6:51:Infinity":35,"s:53:4:53:Infinity":36,"s:56:2:134:Infinity":37,"b:74:14:77:Infinity:77:16:77:Infinity":13,"f:81:14:81:25":6,"s:81:31:81:61":38,"f:96:22:96:27":7,"s:97:14:109:Infinity":39,"f:100:16:100:28":8,"s:101:18:104:Infinity":40,"b:103:24:103:Infinity:104:24:104:Infinity":14,"b:123:16:125:17:125:16:125:Infinity":15,"b:129:58:129:117:129:116:129:147":16,"b:130:57:130:115:130:114:130:145":17,"b:131:52:131:105:131:104:131:135":18,"b:132:59:132:114:132:113:132:144":19}}}
,"D:\\Election Process education\\src\\components\\ChatAssistant.jsx": {"path":"D:\\Election Process education\\src\\components\\ChatAssistant.jsx","statementMap":{"0":{"start":{"line":8,"column":20},"end":{"line":8,"column":39}},"1":{"start":{"line":9,"column":10},"end":{"line":9,"column":39}},"2":{"start":{"line":10,"column":17},"end":{"line":10,"column":null}},"3":{"start":{"line":12,"column":8},"end":{"line":12,"column":37}},"4":{"start":{"line":13,"column":19},"end":{"line":13,"column":46}},"5":{"start":{"line":14,"column":16},"end":{"line":14,"column":40}},"6":{"start":{"line":15,"column":19},"end":{"line":15,"column":49}},"7":{"start":{"line":17,"column":2},"end":{"line":33,"column":null}},"8":{"start":{"line":18,"column":24},"end":{"line":29,"column":null}},"9":{"start":{"line":19,"column":22},"end":{"line":19,"column":44}},"10":{"start":{"line":20,"column":6},"end":{"line":29,"column":null}},"11":{"start":{"line":21,"column":8},"end":{"line":21,"column":null}},"12":{"start":{"line":23,"column":8},"end":{"line":29,"column":null}},"13":{"start":{"line":32,"column":4},"end":{"line":32,"column":null}},"14":{"start":{"line":35,"column":2},"end":{"line":39,"column":null}},"15":{"start":{"line":36,"column":22},"end":{"line":36,"column":null}},"16":{"start":{"line":37,"column":4},"end":{"line":37,"column":null}},"17":{"start":{"line":37,"column":20},"end":{"line":37,"column":null}},"18":{"start":{"line":38,"column":4},"end":{"line":38,"column":null}},"19":{"start":{"line":41,"column":24},"end":{"line":60,"column":null}},"20":{"start":{"line":42,"column":18},"end":{"line":42,"column":null}},"21":{"start":{"line":43,"column":4},"end":{"line":43,"column":null}},"22":{"start":{"line":43,"column":35},"end":{"line":43,"column":null}},"23":{"start":{"line":45,"column":24},"end":{"line":45,"column":68}},"24":{"start":{"line":46,"column":4},"end":{"line":46,"column":null}},"25":{"start":{"line":47,"column":4},"end":{"line":47,"column":null}},"26":{"start":{"line":48,"column":4},"end":{"line":48,"column":null}},"27":{"start":{"line":51,"column":4},"end":{"line":51,"column":null}},"28":{"start":{"line":53,"column":18},"end":{"line":53,"column":114}},"29":{"start":{"line":55,"column":26},"end":{"line":55,"column":78}},"30":{"start":{"line":56,"column":4},"end":{"line":56,"column":null}},"31":{"start":{"line":57,"column":4},"end":{"line":57,"column":null}},"32":{"start":{"line":60,"column":4},"end":{"line":60,"column":null}},"33":{"start":{"line":63,"column":2},"end":{"line":172,"column":null}},"34":{"start":{"line":94,"column":35},"end":{"line":94,"column":null}},"35":{"start":{"line":95,"column":37},"end":{"line":95,"column":null}},"36":{"start":{"line":96,"column":16},"end":{"line":104,"column":null}},"37":{"start":{"line":100,"column":33},"end":{"line":100,"column":90}},"38":{"start":{"line":125,"column":14},"end":{"line":134,"column":null}},"39":{"start":{"line":154,"column":37},"end":{"line":154,"column":65}},"40":{"start":{"line":156,"column":18},"end":{"line":158,"column":null}},"41":{"start":{"line":157,"column":20},"end":{"line":157,"column":null}},"42":{"start":{"line":158,"column":20},"end":{"line":158,"column":null}},"43":{"start":{"line":166,"column":31},"end":{"line":166,"column":46}}},"fnMap":{"0":{"name":"ChatAssistant","decl":{"start":{"line":7,"column":24},"end":{"line":7,"column":38}},"loc":{"start":{"line":7,"column":63},"end":{"line":172,"column":null}},"line":7},"1":{"name":"(anonymous_1)","decl":{"start":{"line":17,"column":2},"end":{"line":17,"column":18}},"loc":{"start":{"line":17,"column":18},"end":{"line":33,"column":6}},"line":17},"2":{"name":"(anonymous_2)","decl":{"start":{"line":18,"column":24},"end":{"line":18,"column":36}},"loc":{"start":{"line":18,"column":36},"end":{"line":29,"column":null}},"line":18},"3":{"name":"(anonymous_3)","decl":{"start":{"line":35,"column":2},"end":{"line":35,"column":18}},"loc":{"start":{"line":35,"column":18},"end":{"line":39,"column":6}},"line":35},"4":{"name":"(anonymous_4)","decl":{"start":{"line":41,"column":24},"end":{"line":41,"column":31}},"loc":{"start":{"line":41,"column":42},"end":{"line":60,"column":null}},"line":41},"5":{"name":"(anonymous_5)","decl":{"start":{"line":93,"column":35},"end":{"line":93,"column":40}},"loc":{"start":{"line":93,"column":51},"end":{"line":104,"column":null}},"line":93},"6":{"name":"(anonymous_6)","decl":{"start":{"line":100,"column":18},"end":{"line":100,"column":33}},"loc":{"start":{"line":100,"column":33},"end":{"line":100,"column":90}},"line":100},"7":{"name":"(anonymous_7)","decl":{"start":{"line":124,"column":22},"end":{"line":124,"column":27}},"loc":{"start":{"line":125,"column":14},"end":{"line":134,"column":null}},"line":125},"8":{"name":"(anonymous_8)","decl":{"start":{"line":154,"column":16},"end":{"line":154,"column":27}},"loc":{"start":{"line":154,"column":37},"end":{"line":154,"column":65}},"line":154},"9":{"name":"(anonymous_9)","decl":{"start":{"line":155,"column":16},"end":{"line":155,"column":28}},"loc":{"start":{"line":155,"column":38},"end":{"line":158,"column":null}},"line":155},"10":{"name":"(anonymous_10)","decl":{"start":{"line":166,"column":16},"end":{"line":166,"column":31}},"loc":{"start":{"line":166,"column":31},"end":{"line":166,"column":46}},"line":166}},"branchMap":{"0":{"loc":{"start":{"line":7,"column":40},"end":{"line":7,"column":63}},"type":"default-arg","locations":[{"start":{"line":7,"column":55},"end":{"line":7,"column":63}}],"line":7},"1":{"loc":{"start":{"line":10,"column":17},"end":{"line":10,"column":null}},"type":"binary-expr","locations":[{"start":{"line":10,"column":17},"end":{"line":10,"column":59}},{"start":{"line":10,"column":59},"end":{"line":10,"column":null}}],"line":10},"2":{"loc":{"start":{"line":20,"column":6},"end":{"line":29,"column":null}},"type":"if","locations":[{"start":{"line":20,"column":6},"end":{"line":29,"column":null}},{"start":{"line":22,"column":13},"end":{"line":29,"column":null}}],"line":20},"3":{"loc":{"start":{"line":20,"column":10},"end":{"line":20,"column":78}},"type":"binary-expr","locations":[{"start":{"line":20,"column":10},"end":{"line":20,"column":21}},{"start":{"line":20,"column":21},"end":{"line":20,"column":43}},{"start":{"line":20,"column":43},"end":{"line":20,"column":78}}],"line":20},"4":{"loc":{"start":{"line":37,"column":4},"end":{"line":37,"column":null}},"type":"if","locations":[{"start":{"line":37,"column":4},"end":{"line":37,"column":null}},{"start":{},"end":{}}],"line":37},"5":{"loc":{"start":{"line":42,"column":18},"end":{"line":42,"column":null}},"type":"binary-expr","locations":[{"start":{"line":42,"column":18},"end":{"line":42,"column":34}},{"start":{"line":42,"column":34},"end":{"line":42,"column":null}}],"line":42},"6":{"loc":{"start":{"line":43,"column":4},"end":{"line":43,"column":null}},"type":"if","locations":[{"start":{"line":43,"column":4},"end":{"line":43,"column":null}},{"start":{},"end":{}}],"line":43},"7":{"loc":{"start":{"line":43,"column":8},"end":{"line":43,"column":35}},"type":"binary-expr","locations":[{"start":{"line":43,"column":8},"end":{"line":43,"column":21}},{"start":{"line":43,"column":25},"end":{"line":43,"column":35}}],"line":43},"8":{"loc":{"start":{"line":66,"column":8},"end":{"line":68,"column":null}},"type":"cond-expr","locations":[{"start":{"line":67,"column":12},"end":{"line":67,"column":null}},{"start":{"line":68,"column":12},"end":{"line":68,"column":null}}],"line":66},"9":{"loc":{"start":{"line":88,"column":43},"end":{"line":88,"column":null}},"type":"cond-expr","locations":[{"start":{"line":88,"column":58},"end":{"line":88,"column":85}},{"start":{"line":88,"column":85},"end":{"line":88,"column":null}}],"line":88},"10":{"loc":{"start":{"line":94,"column":35},"end":{"line":94,"column":null}},"type":"binary-expr","locations":[{"start":{"line":94,"column":35},"end":{"line":94,"column":50}},{"start":{"line":94,"column":50},"end":{"line":94,"column":null}}],"line":94},"11":{"loc":{"start":{"line":95,"column":37},"end":{"line":95,"column":null}},"type":"binary-expr","locations":[{"start":{"line":95,"column":37},"end":{"line":95,"column":54}},{"start":{"line":95,"column":54},"end":{"line":95,"column":null}}],"line":95},"12":{"loc":{"start":{"line":112,"column":15},"end":{"line":114,"column":null}},"type":"cond-expr","locations":[{"start":{"line":113,"column":18},"end":{"line":113,"column":73}},{"start":{"line":114,"column":18},"end":{"line":114,"column":null}}],"line":112},"13":{"loc":{"start":{"line":122,"column":72},"end":{"line":122,"column":127}},"type":"cond-expr","locations":[{"start":{"line":122,"column":87},"end":{"line":122,"column":111}},{"start":{"line":122,"column":111},"end":{"line":122,"column":127}}],"line":122},"14":{"loc":{"start":{"line":128,"column":18},"end":{"line":130,"column":null}},"type":"cond-expr","locations":[{"start":{"line":129,"column":22},"end":{"line":129,"column":null}},{"start":{"line":130,"column":22},"end":{"line":130,"column":null}}],"line":128},"15":{"loc":{"start":{"line":136,"column":13},"end":{"line":147,"column":null}},"type":"cond-expr","locations":[{"start":{"line":137,"column":14},"end":{"line":147,"column":null}},{"start":{"line":147,"column":16},"end":{"line":147,"column":null}}],"line":136},"16":{"loc":{"start":{"line":156,"column":18},"end":{"line":158,"column":null}},"type":"if","locations":[{"start":{"line":156,"column":18},"end":{"line":158,"column":null}},{"start":{},"end":{}}],"line":156}},"s":{"0":0,"1":0,"2":0,"3":0,"4":0,"5":0,"6":0,"7":0,"8":0,"9":0,"10":0,"11":0,"12":0,"13":0,"14":0,"15":0,"16":0,"17":0,"18":0,"19":0,"20":0,"21":0,"22":0,"23":0,"24":0,"25":0,"26":0,"27":0,"28":0,"29":0,"30":0,"31":0,"32":0,"33":0,"34":0,"35":0,"36":0,"37":0,"38":0,"39":0,"40":0,"41":0,"42":0,"43":0},"f":{"0":0,"1":0,"2":0,"3":0,"4":0,"5":0,"6":0,"7":0,"8":0,"9":0,"10":0},"b":{"0":[0],"1":[0,0],"2":[0,0],"3":[0,0,0],"4":[0,0],"5":[0,0],"6":[0,0],"7":[0,0],"8":[0,0],"9":[0,0],"10":[0,0],"11":[0,0],"12":[0,0],"13":[0,0],"14":[0,0],"15":[0,0],"16":[0,0]},"meta":{"lastBranch":17,"lastFunction":11,"lastStatement":44,"seen":{"f:7:24:7:38":0,"b:7:55:7:63":0,"s:8:20:8:39":0,"s:9:10:9:39":1,"s:10:17:10:Infinity":2,"b:10:17:10:59:10:59:10:Infinity":1,"s:12:8:12:37":3,"s:13:19:13:46":4,"s:14:16:14:40":5,"s:15:19:15:49":6,"s:17:2:33:Infinity":7,"f:17:2:17:18":1,"s:18:24:29:Infinity":8,"f:18:24:18:36":2,"s:19:22:19:44":9,"b:20:6:29:Infinity:22:13:29:Infinity":2,"s:20:6:29:Infinity":10,"b:20:10:20:21:20:21:20:43:20:43:20:78":3,"s:21:8:21:Infinity":11,"s:23:8:29:Infinity":12,"s:32:4:32:Infinity":13,"s:35:2:39:Infinity":14,"f:35:2:35:18":3,"s:36:22:36:Infinity":15,"b:37:4:37:Infinity:undefined:undefined:undefined:undefined":4,"s:37:4:37:Infinity":16,"s:37:20:37:Infinity":17,"s:38:4:38:Infinity":18,"s:41:24:60:Infinity":19,"f:41:24:41:31":4,"s:42:18:42:Infinity":20,"b:42:18:42:34:42:34:42:Infinity":5,"b:43:4:43:Infinity:undefined:undefined:undefined:undefined":6,"s:43:4:43:Infinity":21,"b:43:8:43:21:43:25:43:35":7,"s:43:35:43:Infinity":22,"s:45:24:45:68":23,"s:46:4:46:Infinity":24,"s:47:4:47:Infinity":25,"s:48:4:48:Infinity":26,"s:51:4:51:Infinity":27,"s:53:18:53:114":28,"s:55:26:55:78":29,"s:56:4:56:Infinity":30,"s:57:4:57:Infinity":31,"s:60:4:60:Infinity":32,"s:63:2:172:Infinity":33,"b:67:12:67:Infinity:68:12:68:Infinity":8,"b:88:58:88:85:88:85:88:Infinity":9,"f:93:35:93:40":5,"s:94:35:94:Infinity":34,"b:94:35:94:50:94:50:94:Infinity":10,"s:95:37:95:Infinity":35,"b:95:37:95:54:95:54:95:Infinity":11,"s:96:16:104:Infinity":36,"f:100:18:100:33":6,"s:100:33:100:90":37,"b:113:18:113:73:114:18:114:Infinity":12,"b:122:87:122:111:122:111:122:127":13,"f:124:22:124:27":7,"s:125:14:134:Infinity":38,"b:129:22:129:Infinity:130:22:130:Infinity":14,"b:137:14:147:Infinity:147:16:147:Infinity":15,"f:154:16:154:27":8,"s:154:37:154:65":39,"f:155:16:155:28":9,"b:156:18:158:Infinity:undefined:undefined:undefined:undefined":16,"s:156:18:158:Infinity":40,"s:157:20:157:Infinity":41,"s:158:20:158:Infinity":42,"f:166:16:166:31":10,"s:166:31:166:46":43}}}
,"D:\\Election Process education\\src\\components\\FindBooth.jsx": {"path":"D:\\Election Process education\\src\\components\\FindBooth.jsx","statementMap":{"0":{"start":{"line":8,"column":0},"end":{"line":8,"column":null}},"1":{"start":{"line":9,"column":0},"end":{"line":13,"column":null}},"2":{"start":{"line":15,"column":20},"end":{"line":19,"column":null}},"3":{"start":{"line":22,"column":8},"end":{"line":22,"column":22}},"4":{"start":{"line":23,"column":2},"end":{"line":27,"column":null}},"5":{"start":{"line":24,"column":4},"end":{"line":25,"column":null}},"6":{"start":{"line":25,"column":6},"end":{"line":25,"column":null}},"7":{"start":{"line":28,"column":2},"end":{"line":28,"column":null}},"8":{"start":{"line":32,"column":10},"end":{"line":32,"column":29}},"9":{"start":{"line":33,"column":24},"end":{"line":33,"column":68}},"10":{"start":{"line":34,"column":8},"end":{"line":34,"column":31}},"11":{"start":{"line":36,"column":8},"end":{"line":38,"column":null}},"12":{"start":{"line":37,"column":16},"end":{"line":37,"column":null}},"13":{"start":{"line":38,"column":4},"end":{"line":38,"column":null}},"14":{"start":{"line":41,"column":2},"end":{"line":45,"column":null}},"15":{"start":{"line":42,"column":4},"end":{"line":43,"column":null}},"16":{"start":{"line":43,"column":6},"end":{"line":43,"column":null}},"17":{"start":{"line":47,"column":2},"end":{"line":129,"column":null}},"18":{"start":{"line":67,"column":14},"end":{"line":82,"column":null}},"19":{"start":{"line":70,"column":18},"end":{"line":71,"column":null}},"20":{"start":{"line":71,"column":20},"end":{"line":71,"column":null}},"21":{"start":{"line":75,"column":46},"end":{"line":75,"column":69}},"22":{"start":{"line":93,"column":31},"end":{"line":93,"column":null}},"23":{"start":{"line":94,"column":12},"end":{"line":126,"column":null}},"24":{"start":{"line":97,"column":31},"end":{"line":97,"column":54}},"25":{"start":{"line":119,"column":20},"end":{"line":119,"column":null}},"26":{"start":{"line":120,"column":20},"end":{"line":120,"column":null}}},"fnMap":{"0":{"name":"MapController","decl":{"start":{"line":21,"column":9},"end":{"line":21,"column":23}},"loc":{"start":{"line":21,"column":35},"end":{"line":28,"column":null}},"line":21},"1":{"name":"(anonymous_1)","decl":{"start":{"line":23,"column":2},"end":{"line":23,"column":18}},"loc":{"start":{"line":23,"column":18},"end":{"line":27,"column":6}},"line":23},"2":{"name":"FindBooth","decl":{"start":{"line":31,"column":24},"end":{"line":31,"column":36}},"loc":{"start":{"line":31,"column":36},"end":{"line":129,"column":null}},"line":31},"3":{"name":"(anonymous_3)","decl":{"start":{"line":36,"column":8},"end":{"line":36,"column":31}},"loc":{"start":{"line":36,"column":41},"end":{"line":38,"column":null}},"line":36},"4":{"name":"(anonymous_4)","decl":{"start":{"line":41,"column":2},"end":{"line":41,"column":18}},"loc":{"start":{"line":41,"column":18},"end":{"line":45,"column":6}},"line":41},"5":{"name":"(anonymous_5)","decl":{"start":{"line":66,"column":25},"end":{"line":66,"column":29}},"loc":{"start":{"line":67,"column":14},"end":{"line":82,"column":null}},"line":67},"6":{"name":"(anonymous_6)","decl":{"start":{"line":69,"column":16},"end":{"line":69,"column":22}},"loc":{"start":{"line":69,"column":30},"end":{"line":71,"column":null}},"line":69},"7":{"name":"(anonymous_7)","decl":{"start":{"line":75,"column":33},"end":{"line":75,"column":46}},"loc":{"start":{"line":75,"column":46},"end":{"line":75,"column":69}},"line":75},"8":{"name":"(anonymous_8)","decl":{"start":{"line":92,"column":23},"end":{"line":92,"column":27}},"loc":{"start":{"line":92,"column":36},"end":{"line":126,"column":null}},"line":92},"9":{"name":"(anonymous_9)","decl":{"start":{"line":97,"column":16},"end":{"line":97,"column":31}},"loc":{"start":{"line":97,"column":31},"end":{"line":97,"column":54}},"line":97},"10":{"name":"(anonymous_10)","decl":{"start":{"line":118,"column":18},"end":{"line":118,"column":28}},"loc":{"start":{"line":118,"column":38},"end":{"line":120,"column":null}},"line":118}},"branchMap":{"0":{"loc":{"start":{"line":24,"column":4},"end":{"line":25,"column":null}},"type":"if","locations":[{"start":{"line":24,"column":4},"end":{"line":25,"column":null}},{"start":{},"end":{}}],"line":24},"1":{"loc":{"start":{"line":42,"column":4},"end":{"line":43,"column":null}},"type":"if","locations":[{"start":{"line":42,"column":4},"end":{"line":43,"column":null}},{"start":{},"end":{}}],"line":42},"2":{"loc":{"start":{"line":61,"column":35},"end":{"line":61,"column":100}},"type":"cond-expr","locations":[{"start":{"line":61,"column":51},"end":{"line":61,"column":89}},{"start":{"line":61,"column":92},"end":{"line":61,"column":100}}],"line":61},"3":{"loc":{"start":{"line":70,"column":18},"end":{"line":71,"column":null}},"type":"if","locations":[{"start":{"line":70,"column":18},"end":{"line":71,"column":null}},{"start":{},"end":{}}],"line":70},"4":{"loc":{"start":{"line":78,"column":27},"end":{"line":78,"column":103}},"type":"cond-expr","locations":[{"start":{"line":78,"column":64},"end":{"line":78,"column":80}},{"start":{"line":78,"column":83},"end":{"line":78,"column":103}}],"line":78},"5":{"loc":{"start":{"line":99,"column":18},"end":{"line":99,"column":null}},"type":"cond-expr","locations":[{"start":{"line":99,"column":31},"end":{"line":99,"column":73}},{"start":{"line":99,"column":73},"end":{"line":99,"column":null}}],"line":99},"6":{"loc":{"start":{"line":103,"column":46},"end":{"line":103,"column":null}},"type":"cond-expr","locations":[{"start":{"line":103,"column":59},"end":{"line":103,"column":73}},{"start":{"line":103,"column":73},"end":{"line":103,"column":null}}],"line":103},"7":{"loc":{"start":{"line":104,"column":21},"end":{"line":104,"column":null}},"type":"cond-expr","locations":[{"start":{"line":104,"column":58},"end":{"line":104,"column":74}},{"start":{"line":104,"column":77},"end":{"line":104,"column":null}}],"line":104},"8":{"loc":{"start":{"line":111,"column":50},"end":{"line":111,"column":null}},"type":"cond-expr","locations":[{"start":{"line":111,"column":75},"end":{"line":111,"column":92}},{"start":{"line":111,"column":92},"end":{"line":111,"column":null}}],"line":111}},"s":{"0":1,"1":1,"2":1,"3":0,"4":0,"5":0,"6":0,"7":0,"8":0,"9":0,"10":0,"11":0,"12":0,"13":0,"14":0,"15":0,"16":0,"17":0,"18":0,"19":0,"20":0,"21":0,"22":0,"23":0,"24":0,"25":0,"26":0},"f":{"0":0,"1":0,"2":0,"3":0,"4":0,"5":0,"6":0,"7":0,"8":0,"9":0,"10":0},"b":{"0":[0,0],"1":[0,0],"2":[0,0],"3":[0,0],"4":[0,0],"5":[0,0],"6":[0,0],"7":[0,0],"8":[0,0]},"meta":{"lastBranch":9,"lastFunction":11,"lastStatement":27,"seen":{"s:8:0:8:Infinity":0,"s:9:0:13:Infinity":1,"s:15:20:19:Infinity":2,"f:21:9:21:23":0,"s:22:8:22:22":3,"s:23:2:27:Infinity":4,"f:23:2:23:18":1,"b:24:4:25:Infinity:undefined:undefined:undefined:undefined":0,"s:24:4:25:Infinity":5,"s:25:6:25:Infinity":6,"s:28:2:28:Infinity":7,"f:31:24:31:36":2,"s:32:10:32:29":8,"s:33:24:33:68":9,"s:34:8:34:31":10,"s:36:8:38:Infinity":11,"f:36:8:36:31":3,"s:37:16:37:Infinity":12,"s:38:4:38:Infinity":13,"s:41:2:45:Infinity":14,"f:41:2:41:18":4,"b:42:4:43:Infinity:undefined:undefined:undefined:undefined":1,"s:42:4:43:Infinity":15,"s:43:6:43:Infinity":16,"s:47:2:129:Infinity":17,"b:61:51:61:89:61:92:61:100":2,"f:66:25:66:29":5,"s:67:14:82:Infinity":18,"f:69:16:69:22":6,"b:70:18:71:Infinity:undefined:undefined:undefined:undefined":3,"s:70:18:71:Infinity":19,"s:71:20:71:Infinity":20,"f:75:33:75:46":7,"s:75:46:75:69":21,"b:78:64:78:80:78:83:78:103":4,"f:92:23:92:27":8,"s:93:31:93:Infinity":22,"s:94:12:126:Infinity":23,"f:97:16:97:31":9,"s:97:31:97:54":24,"b:99:31:99:73:99:73:99:Infinity":5,"b:103:59:103:73:103:73:103:Infinity":6,"b:104:58:104:74:104:77:104:Infinity":7,"b:111:75:111:92:111:92:111:Infinity":8,"f:118:18:118:28":10,"s:119:20:119:Infinity":25,"s:120:20:120:Infinity":26}}}
,"D:\\Election Process education\\src\\components\\PollingBoothMap.jsx": {"path":"D:\\Election Process education\\src\\components\\PollingBoothMap.jsx","statementMap":{"0":{"start":{"line":5,"column":14},"end":{"line":12,"column":null}},"1":{"start":{"line":15,"column":10},"end":{"line":15,"column":29}},"2":{"start":{"line":16,"column":10},"end":{"line":16,"column":39}},"3":{"start":{"line":17,"column":21},"end":{"line":17,"column":null}},"4":{"start":{"line":18,"column":17},"end":{"line":18,"column":null}},"5":{"start":{"line":19,"column":26},"end":{"line":19,"column":60}},"6":{"start":{"line":20,"column":20},"end":{"line":20,"column":51}},"7":{"start":{"line":22,"column":2},"end":{"line":29,"column":null}},"8":{"start":{"line":23,"column":4},"end":{"line":27,"column":null}},"9":{"start":{"line":24,"column":6},"end":{"line":24,"column":null}},"10":{"start":{"line":25,"column":6},"end":{"line":25,"column":null}},"11":{"start":{"line":26,"column":15},"end":{"line":27,"column":null}},"12":{"start":{"line":27,"column":6},"end":{"line":27,"column":null}},"13":{"start":{"line":31,"column":2},"end":{"line":46,"column":null}},"14":{"start":{"line":32,"column":4},"end":{"line":32,"column":null}},"15":{"start":{"line":32,"column":20},"end":{"line":32,"column":null}},"16":{"start":{"line":35,"column":4},"end":{"line":38,"column":null}},"17":{"start":{"line":36,"column":6},"end":{"line":36,"column":null}},"18":{"start":{"line":37,"column":6},"end":{"line":37,"column":null}},"19":{"start":{"line":38,"column":6},"end":{"line":38,"column":null}},"20":{"start":{"line":41,"column":18},"end":{"line":43,"column":12}},"21":{"start":{"line":42,"column":6},"end":{"line":42,"column":null}},"22":{"start":{"line":42,"column":35},"end":{"line":42,"column":44}},"23":{"start":{"line":45,"column":4},"end":{"line":45,"column":null}},"24":{"start":{"line":45,"column":17},"end":{"line":45,"column":36}},"25":{"start":{"line":48,"column":8},"end":{"line":50,"column":null}},"26":{"start":{"line":49,"column":4},"end":{"line":49,"column":null}},"27":{"start":{"line":50,"column":4},"end":{"line":50,"column":null}},"28":{"start":{"line":53,"column":8},"end":{"line":56,"column":null}},"29":{"start":{"line":54,"column":4},"end":{"line":54,"column":null}},"30":{"start":{"line":54,"column":35},"end":{"line":54,"column":null}},"31":{"start":{"line":55,"column":4},"end":{"line":55,"column":null}},"32":{"start":{"line":55,"column":59},"end":{"line":55,"column":null}},"33":{"start":{"line":56,"column":4},"end":{"line":56,"column":null}},"34":{"start":{"line":59,"column":2},"end":{"line":230,"column":null}},"35":{"start":{"line":160,"column":31},"end":{"line":160,"column":null}},"36":{"start":{"line":161,"column":32},"end":{"line":161,"column":null}},"37":{"start":{"line":162,"column":14},"end":{"line":186,"column":null}},"38":{"start":{"line":206,"column":31},"end":{"line":206,"column":null}},"39":{"start":{"line":207,"column":31},"end":{"line":207,"column":null}},"40":{"start":{"line":209,"column":14},"end":{"line":227,"column":null}}},"fnMap":{"0":{"name":"PollingBoothMap","decl":{"start":{"line":14,"column":24},"end":{"line":14,"column":42}},"loc":{"start":{"line":14,"column":42},"end":{"line":230,"column":null}},"line":14},"1":{"name":"(anonymous_1)","decl":{"start":{"line":22,"column":2},"end":{"line":22,"column":18}},"loc":{"start":{"line":22,"column":18},"end":{"line":29,"column":6}},"line":22},"2":{"name":"(anonymous_2)","decl":{"start":{"line":31,"column":2},"end":{"line":31,"column":18}},"loc":{"start":{"line":31,"column":18},"end":{"line":46,"column":6}},"line":31},"3":{"name":"(anonymous_3)","decl":{"start":{"line":41,"column":18},"end":{"line":41,"column":35}},"loc":{"start":{"line":41,"column":35},"end":{"line":43,"column":12}},"line":41},"4":{"name":"(anonymous_4)","decl":{"start":{"line":42,"column":6},"end":{"line":42,"column":26}},"loc":{"start":{"line":42,"column":35},"end":{"line":42,"column":44}},"line":42},"5":{"name":"(anonymous_5)","decl":{"start":{"line":45,"column":4},"end":{"line":45,"column":17}},"loc":{"start":{"line":45,"column":17},"end":{"line":45,"column":36}},"line":45},"6":{"name":"(anonymous_6)","decl":{"start":{"line":48,"column":8},"end":{"line":48,"column":30}},"loc":{"start":{"line":48,"column":30},"end":{"line":50,"column":null}},"line":48},"7":{"name":"(anonymous_7)","decl":{"start":{"line":53,"column":8},"end":{"line":53,"column":24}},"loc":{"start":{"line":53,"column":34},"end":{"line":56,"column":null}},"line":53},"8":{"name":"(anonymous_8)","decl":{"start":{"line":159,"column":19},"end":{"line":159,"column":24}},"loc":{"start":{"line":159,"column":40},"end":{"line":186,"column":null}},"line":159},"9":{"name":"(anonymous_9)","decl":{"start":{"line":205,"column":19},"end":{"line":205,"column":24}},"loc":{"start":{"line":205,"column":40},"end":{"line":227,"column":null}},"line":205}},"branchMap":{"0":{"loc":{"start":{"line":17,"column":21},"end":{"line":17,"column":null}},"type":"binary-expr","locations":[{"start":{"line":17,"column":21},"end":{"line":17,"column":48}},{"start":{"line":17,"column":48},"end":{"line":17,"column":null}}],"line":17},"1":{"loc":{"start":{"line":18,"column":17},"end":{"line":18,"column":null}},"type":"binary-expr","locations":[{"start":{"line":18,"column":17},"end":{"line":18,"column":46}},{"start":{"line":18,"column":46},"end":{"line":18,"column":null}}],"line":18},"2":{"loc":{"start":{"line":23,"column":4},"end":{"line":27,"column":null}},"type":"if","locations":[{"start":{"line":23,"column":4},"end":{"line":27,"column":null}},{"start":{"line":26,"column":15},"end":{"line":27,"column":null}}],"line":23},"3":{"loc":{"start":{"line":26,"column":15},"end":{"line":27,"column":null}},"type":"if","locations":[{"start":{"line":26,"column":15},"end":{"line":27,"column":null}},{"start":{},"end":{}}],"line":26},"4":{"loc":{"start":{"line":32,"column":4},"end":{"line":32,"column":null}},"type":"if","locations":[{"start":{"line":32,"column":4},"end":{"line":32,"column":null}},{"start":{},"end":{}}],"line":32},"5":{"loc":{"start":{"line":35,"column":4},"end":{"line":38,"column":null}},"type":"if","locations":[{"start":{"line":35,"column":4},"end":{"line":38,"column":null}},{"start":{},"end":{}}],"line":35},"6":{"loc":{"start":{"line":54,"column":4},"end":{"line":54,"column":null}},"type":"if","locations":[{"start":{"line":54,"column":4},"end":{"line":54,"column":null}},{"start":{},"end":{}}],"line":54},"7":{"loc":{"start":{"line":55,"column":4},"end":{"line":55,"column":null}},"type":"if","locations":[{"start":{"line":55,"column":4},"end":{"line":55,"column":null}},{"start":{},"end":{}}],"line":55},"8":{"loc":{"start":{"line":55,"column":8},"end":{"line":55,"column":59}},"type":"binary-expr","locations":[{"start":{"line":55,"column":8},"end":{"line":55,"column":35}},{"start":{"line":55,"column":35},"end":{"line":55,"column":59}}],"line":55},"9":{"loc":{"start":{"line":76,"column":14},"end":{"line":76,"column":null}},"type":"cond-expr","locations":[{"start":{"line":76,"column":26},"end":{"line":76,"column":60}},{"start":{"line":76,"column":60},"end":{"line":76,"column":null}}],"line":76},"10":{"loc":{"start":{"line":79,"column":13},"end":{"line":79,"column":null}},"type":"cond-expr","locations":[{"start":{"line":79,"column":25},"end":{"line":79,"column":37}},{"start":{"line":79,"column":40},"end":{"line":79,"column":null}}],"line":79},"11":{"loc":{"start":{"line":143,"column":13},"end":{"line":147,"column":null}},"type":"binary-expr","locations":[{"start":{"line":143,"column":13},"end":{"line":143,"column":null}},{"start":{"line":144,"column":14},"end":{"line":147,"column":null}}],"line":143},"12":{"loc":{"start":{"line":150,"column":13},"end":{"line":155,"column":null}},"type":"binary-expr","locations":[{"start":{"line":150,"column":13},"end":{"line":150,"column":null}},{"start":{"line":151,"column":14},"end":{"line":155,"column":null}}],"line":150},"13":{"loc":{"start":{"line":161,"column":32},"end":{"line":161,"column":null}},"type":"binary-expr","locations":[{"start":{"line":161,"column":32},"end":{"line":161,"column":44}},{"start":{"line":161,"column":44},"end":{"line":161,"column":null}}],"line":161},"14":{"loc":{"start":{"line":164,"column":19},"end":{"line":167,"column":null}},"type":"binary-expr","locations":[{"start":{"line":164,"column":19},"end":{"line":164,"column":null}},{"start":{"line":165,"column":20},"end":{"line":167,"column":null}}],"line":164},"15":{"loc":{"start":{"line":171,"column":23},"end":{"line":171,"column":null}},"type":"cond-expr","locations":[{"start":{"line":171,"column":34},"end":{"line":171,"column":41}},{"start":{"line":171,"column":41},"end":{"line":171,"column":null}}],"line":171},"16":{"loc":{"start":{"line":173,"column":28},"end":{"line":173,"column":null}},"type":"cond-expr","locations":[{"start":{"line":173,"column":39},"end":{"line":173,"column":51}},{"start":{"line":173,"column":51},"end":{"line":173,"column":null}}],"line":173},"17":{"loc":{"start":{"line":179,"column":30},"end":{"line":179,"column":null}},"type":"cond-expr","locations":[{"start":{"line":179,"column":41},"end":{"line":179,"column":48}},{"start":{"line":179,"column":48},"end":{"line":179,"column":null}}],"line":179},"18":{"loc":{"start":{"line":181,"column":26},"end":{"line":181,"column":null}},"type":"cond-expr","locations":[{"start":{"line":181,"column":37},"end":{"line":181,"column":49}},{"start":{"line":181,"column":49},"end":{"line":181,"column":null}}],"line":181},"19":{"loc":{"start":{"line":197,"column":9},"end":{"line":230,"column":null}},"type":"cond-expr","locations":[{"start":{"line":198,"column":10},"end":{"line":204,"column":11}},{"start":{"line":204,"column":10},"end":{"line":230,"column":null}}],"line":197},"20":{"loc":{"start":{"line":197,"column":9},"end":{"line":197,"column":null}},"type":"binary-expr","locations":[{"start":{"line":197,"column":9},"end":{"line":197,"column":35}},{"start":{"line":197,"column":35},"end":{"line":197,"column":null}}],"line":197},"21":{"loc":{"start":{"line":210,"column":88},"end":{"line":210,"column":null}},"type":"cond-expr","locations":[{"start":{"line":210,"column":99},"end":{"line":210,"column":125}},{"start":{"line":210,"column":125},"end":{"line":210,"column":null}}],"line":210},"22":{"loc":{"start":{"line":210,"column":125},"end":{"line":210,"column":null}},"type":"cond-expr","locations":[{"start":{"line":210,"column":136},"end":{"line":210,"column":151}},{"start":{"line":210,"column":151},"end":{"line":210,"column":null}}],"line":210},"23":{"loc":{"start":{"line":213,"column":22},"end":{"line":215,"column":null}},"type":"cond-expr","locations":[{"start":{"line":213,"column":33},"end":{"line":213,"column":null}},{"start":{"line":214,"column":22},"end":{"line":215,"column":null}}],"line":213},"24":{"loc":{"start":{"line":214,"column":22},"end":{"line":215,"column":null}},"type":"cond-expr","locations":[{"start":{"line":214,"column":33},"end":{"line":214,"column":null}},{"start":{"line":215,"column":22},"end":{"line":215,"column":null}}],"line":214},"25":{"loc":{"start":{"line":219,"column":21},"end":{"line":220,"column":null}},"type":"binary-expr","locations":[{"start":{"line":219,"column":21},"end":{"line":219,"column":null}},{"start":{"line":220,"column":22},"end":{"line":220,"column":null}}],"line":219},"26":{"loc":{"start":{"line":220,"column":72},"end":{"line":220,"column":119}},"type":"cond-expr","locations":[{"start":{"line":220,"column":83},"end":{"line":220,"column":101}},{"start":{"line":220,"column":101},"end":{"line":220,"column":119}}],"line":220},"27":{"loc":{"start":{"line":223,"column":34},"end":{"line":223,"column":null}},"type":"cond-expr","locations":[{"start":{"line":223,"column":45},"end":{"line":223,"column":59}},{"start":{"line":223,"column":59},"end":{"line":223,"column":null}}],"line":223},"28":{"loc":{"start":{"line":224,"column":48},"end":{"line":224,"column":105}},"type":"cond-expr","locations":[{"start":{"line":224,"column":59},"end":{"line":224,"column":81}},{"start":{"line":224,"column":81},"end":{"line":224,"column":105}}],"line":224},"29":{"loc":{"start":{"line":225,"column":21},"end":{"line":225,"column":null}},"type":"binary-expr","locations":[{"start":{"line":225,"column":21},"end":{"line":225,"column":33}},{"start":{"line":225,"column":33},"end":{"line":225,"column":null}}],"line":225}},"s":{"0":1,"1":0,"2":0,"3":0,"4":0,"5":0,"6":0,"7":0,"8":0,"9":0,"10":0,"11":0,"12":0,"13":0,"14":0,"15":0,"16":0,"17":0,"18":0,"19":0,"20":0,"21":0,"22":0,"23":0,"24":0,"25":0,"26":0,"27":0,"28":0,"29":0,"30":0,"31":0,"32":0,"33":0,"34":0,"35":0,"36":0,"37":0,"38":0,"39":0,"40":0},"f":{"0":0,"1":0,"2":0,"3":0,"4":0,"5":0,"6":0,"7":0,"8":0,"9":0},"b":{"0":[0,0],"1":[0,0],"2":[0,0],"3":[0,0],"4":[0,0],"5":[0,0],"6":[0,0],"7":[0,0],"8":[0,0],"9":[0,0],"10":[0,0],"11":[0,0],"12":[0,0],"13":[0,0],"14":[0,0],"15":[0,0],"16":[0,0],"17":[0,0],"18":[0,0],"19":[0,0],"20":[0,0],"21":[0,0],"22":[0,0],"23":[0,0],"24":[0,0],"25":[0,0],"26":[0,0],"27":[0,0],"28":[0,0],"29":[0,0]},"meta":{"lastBranch":30,"lastFunction":10,"lastStatement":41,"seen":{"s:5:14:12:Infinity":0,"f:14:24:14:42":0,"s:15:10:15:29":1,"s:16:10:16:39":2,"s:17:21:17:Infinity":3,"b:17:21:17:48:17:48:17:Infinity":0,"s:18:17:18:Infinity":4,"b:18:17:18:46:18:46:18:Infinity":1,"s:19:26:19:60":5,"s:20:20:20:51":6,"s:22:2:29:Infinity":7,"f:22:2:22:18":1,"b:23:4:27:Infinity:26:15:27:Infinity":2,"s:23:4:27:Infinity":8,"s:24:6:24:Infinity":9,"s:25:6:25:Infinity":10,"b:26:15:27:Infinity:undefined:undefined:undefined:undefined":3,"s:26:15:27:Infinity":11,"s:27:6:27:Infinity":12,"s:31:2:46:Infinity":13,"f:31:2:31:18":2,"b:32:4:32:Infinity:undefined:undefined:undefined:undefined":4,"s:32:4:32:Infinity":14,"s:32:20:32:Infinity":15,"b:35:4:38:Infinity:undefined:undefined:undefined:undefined":5,"s:35:4:38:Infinity":16,"s:36:6:36:Infinity":17,"s:37:6:37:Infinity":18,"s:38:6:38:Infinity":19,"s:41:18:43:12":20,"f:41:18:41:35":3,"s:42:6:42:Infinity":21,"f:42:6:42:26":4,"s:42:35:42:44":22,"s:45:4:45:Infinity":23,"f:45:4:45:17":5,"s:45:17:45:36":24,"s:48:8:50:Infinity":25,"f:48:8:48:30":6,"s:49:4:49:Infinity":26,"s:50:4:50:Infinity":27,"s:53:8:56:Infinity":28,"f:53:8:53:24":7,"b:54:4:54:Infinity:undefined:undefined:undefined:undefined":6,"s:54:4:54:Infinity":29,"s:54:35:54:Infinity":30,"b:55:4:55:Infinity:undefined:undefined:undefined:undefined":7,"s:55:4:55:Infinity":31,"b:55:8:55:35:55:35:55:59":8,"s:55:59:55:Infinity":32,"s:56:4:56:Infinity":33,"s:59:2:230:Infinity":34,"b:76:26:76:60:76:60:76:Infinity":9,"b:79:25:79:37:79:40:79:Infinity":10,"b:143:13:143:Infinity:144:14:147:Infinity":11,"b:150:13:150:Infinity:151:14:155:Infinity":12,"f:159:19:159:24":8,"s:160:31:160:Infinity":35,"s:161:32:161:Infinity":36,"b:161:32:161:44:161:44:161:Infinity":13,"s:162:14:186:Infinity":37,"b:164:19:164:Infinity:165:20:167:Infinity":14,"b:171:34:171:41:171:41:171:Infinity":15,"b:173:39:173:51:173:51:173:Infinity":16,"b:179:41:179:48:179:48:179:Infinity":17,"b:181:37:181:49:181:49:181:Infinity":18,"b:198:10:204:11:204:10:230:Infinity":19,"b:197:9:197:35:197:35:197:Infinity":20,"f:205:19:205:24":9,"s:206:31:206:Infinity":38,"s:207:31:207:Infinity":39,"s:209:14:227:Infinity":40,"b:210:99:210:125:210:125:210:Infinity":21,"b:210:136:210:151:210:151:210:Infinity":22,"b:213:33:213:Infinity:214:22:215:Infinity":23,"b:214:33:214:Infinity:215:22:215:Infinity":24,"b:219:21:219:Infinity:220:22:220:Infinity":25,"b:220:83:220:101:220:101:220:119":26,"b:223:45:223:59:223:59:223:Infinity":27,"b:224:59:224:81:224:81:224:105":28,"b:225:21:225:33:225:33:225:Infinity":29}}}
,"D:\\Election Process education\\src\\components\\Timeline.jsx": {"path":"D:\\Election Process education\\src\\components\\Timeline.jsx","statementMap":{"0":{"start":{"line":4,"column":15},"end":{"line":40,"column":null}},"1":{"start":{"line":43,"column":10},"end":{"line":43,"column":29}},"2":{"start":{"line":44,"column":22},"end":{"line":44,"column":54}},"3":{"start":{"line":46,"column":2},"end":{"line":81,"column":null}},"4":{"start":{"line":64,"column":10},"end":{"line":79,"column":null}},"5":{"start":{"line":66,"column":27},"end":{"line":66,"column":79}}},"fnMap":{"0":{"name":"Timeline","decl":{"start":{"line":42,"column":24},"end":{"line":42,"column":35}},"loc":{"start":{"line":42,"column":35},"end":{"line":81,"column":null}},"line":42},"1":{"name":"(anonymous_1)","decl":{"start":{"line":63,"column":16},"end":{"line":63,"column":21}},"loc":{"start":{"line":64,"column":10},"end":{"line":79,"column":null}},"line":64},"2":{"name":"(anonymous_2)","decl":{"start":{"line":66,"column":12},"end":{"line":66,"column":27}},"loc":{"start":{"line":66,"column":27},"end":{"line":66,"column":79}},"line":66}},"branchMap":{"0":{"loc":{"start":{"line":66,"column":42},"end":{"line":66,"column":79}},"type":"cond-expr","locations":[{"start":{"line":66,"column":66},"end":{"line":66,"column":73}},{"start":{"line":66,"column":73},"end":{"line":66,"column":79}}],"line":66},"1":{"loc":{"start":{"line":67,"column":116},"end":{"line":67,"column":null}},"type":"cond-expr","locations":[{"start":{"line":67,"column":140},"end":{"line":67,"column":172}},{"start":{"line":67,"column":172},"end":{"line":67,"column":null}}],"line":67},"2":{"loc":{"start":{"line":73,"column":13},"end":{"line":76,"column":null}},"type":"binary-expr","locations":[{"start":{"line":73,"column":13},"end":{"line":73,"column":null}},{"start":{"line":74,"column":14},"end":{"line":76,"column":null}}],"line":73}},"s":{"0":1,"1":0,"2":0,"3":0,"4":0,"5":0},"f":{"0":0,"1":0,"2":0},"b":{"0":[0,0],"1":[0,0],"2":[0,0]},"meta":{"lastBranch":3,"lastFunction":3,"lastStatement":6,"seen":{"s:4:15:40:Infinity":0,"f:42:24:42:35":0,"s:43:10:43:29":1,"s:44:22:44:54":2,"s:46:2:81:Infinity":3,"f:63:16:63:21":1,"s:64:10:79:Infinity":4,"f:66:12:66:27":2,"s:66:27:66:79":5,"b:66:66:66:73:66:73:66:79":0,"b:67:140:67:172:67:172:67:Infinity":1,"b:73:13:73:Infinity:74:14:76:Infinity":2}}}
,"D:\\Election Process education\\src\\contexts\\LanguageContext.jsx": {"path":"D:\\Election Process education\\src\\contexts\\LanguageContext.jsx","statementMap":{"0":{"start":{"line":4,"column":6},"end":{"line":4,"column":39}},"1":{"start":{"line":6,"column":25},"end":{"line":13,"column":null}},"2":{"start":{"line":16,"column":19},"end":{"line":16,"column":53}},"3":{"start":{"line":17,"column":8},"end":{"line":17,"column":66}},"4":{"start":{"line":17,"column":18},"end":{"line":17,"column":66}},"5":{"start":{"line":19,"column":2},"end":{"line":22,"column":null}},"6":{"start":{"line":27,"column":2},"end":{"line":27,"column":null}}},"fnMap":{"0":{"name":"LanguageProvider","decl":{"start":{"line":15,"column":16},"end":{"line":15,"column":33}},"loc":{"start":{"line":15,"column":47},"end":{"line":22,"column":null}},"line":15},"1":{"name":"(anonymous_1)","decl":{"start":{"line":17,"column":8},"end":{"line":17,"column":13}},"loc":{"start":{"line":17,"column":18},"end":{"line":17,"column":66}},"line":17},"2":{"name":"useLanguage","decl":{"start":{"line":26,"column":16},"end":{"line":26,"column":30}},"loc":{"start":{"line":26,"column":30},"end":{"line":27,"column":null}},"line":26}},"branchMap":{},"s":{"0":2,"1":2,"2":2,"3":2,"4":22,"5":2,"6":4},"f":{"0":2,"1":22,"2":4},"b":{},"meta":{"lastBranch":0,"lastFunction":3,"lastStatement":7,"seen":{"s:4:6:4:39":0,"s:6:25:13:Infinity":1,"f:15:16:15:33":0,"s:16:19:16:53":2,"s:17:8:17:66":3,"f:17:8:17:13":1,"s:17:18:17:66":4,"s:19:2:22:Infinity":5,"f:26:16:26:30":2,"s:27:2:27:Infinity":6}}}
,"D:\\Election Process education\\src\\contexts\\ProfileContext.jsx": {"path":"D:\\Election Process education\\src\\contexts\\ProfileContext.jsx","statementMap":{"0":{"start":{"line":3,"column":6},"end":{"line":3,"column":42}},"1":{"start":{"line":5,"column":29},"end":{"line":125,"column":null}},"2":{"start":{"line":128,"column":23},"end":{"line":131,"column":4}},"3":{"start":{"line":133,"column":2},"end":{"line":136,"column":null}},"4":{"start":{"line":141,"column":2},"end":{"line":141,"column":null}}},"fnMap":{"0":{"name":"ProfileProvider","decl":{"start":{"line":127,"column":16},"end":{"line":127,"column":32}},"loc":{"start":{"line":127,"column":46},"end":{"line":136,"column":null}},"line":127},"1":{"name":"useProfile","decl":{"start":{"line":140,"column":16},"end":{"line":140,"column":29}},"loc":{"start":{"line":140,"column":29},"end":{"line":141,"column":null}},"line":140}},"branchMap":{},"s":{"0":5,"1":5,"2":11,"3":11,"4":12},"f":{"0":11,"1":12},"b":{},"meta":{"lastBranch":0,"lastFunction":2,"lastStatement":5,"seen":{"s:3:6:3:42":0,"s:5:29:125:Infinity":1,"f:127:16:127:32":0,"s:128:23:131:4":2,"s:133:2:136:Infinity":3,"f:140:16:140:29":1,"s:141:2:141:Infinity":4}}}
,"D:\\Election Process education\\src\\pages\\Dashboard.jsx": {"path":"D:\\Election Process education\\src\\pages\\Dashboard.jsx","statementMap":{"0":{"start":{"line":9,"column":24},"end":{"line":82,"column":null}},"1":{"start":{"line":84,"column":14},"end":{"line":88,"column":null}},"2":{"start":{"line":91,"column":18},"end":{"line":91,"column":null}},"3":{"start":{"line":93,"column":2},"end":{"line":167,"column":null}},"4":{"start":{"line":129,"column":12},"end":{"line":137,"column":null}},"5":{"start":{"line":148,"column":12},"end":{"line":156,"column":null}},"6":{"start":{"line":173,"column":10},"end":{"line":173,"column":39}},"7":{"start":{"line":174,"column":8},"end":{"line":174,"column":32}},"8":{"start":{"line":176,"column":24},"end":{"line":176,"column":null}},"9":{"start":{"line":177,"column":8},"end":{"line":179,"column":21}},"10":{"start":{"line":178,"column":4},"end":{"line":178,"column":null}},"11":{"start":{"line":181,"column":2},"end":{"line":185,"column":null}},"12":{"start":{"line":182,"column":4},"end":{"line":185,"column":null}},"13":{"start":{"line":189,"column":2},"end":{"line":193,"column":null}},"14":{"start":{"line":190,"column":4},"end":{"line":193,"column":null}},"15":{"start":{"line":197,"column":2},"end":{"line":201,"column":null}},"16":{"start":{"line":198,"column":4},"end":{"line":201,"column":null}},"17":{"start":{"line":205,"column":2},"end":{"line":209,"column":null}},"18":{"start":{"line":206,"column":4},"end":{"line":209,"column":null}},"19":{"start":{"line":213,"column":2},"end":{"line":218,"column":null}},"20":{"start":{"line":216,"column":29},"end":{"line":216,"column":51}},"21":{"start":{"line":217,"column":29},"end":{"line":217,"column":null}}},"fnMap":{"0":{"name":"DashboardHome","decl":{"start":{"line":90,"column":9},"end":{"line":90,"column":23}},"loc":{"start":{"line":90,"column":72},"end":{"line":167,"column":null}},"line":90},"1":{"name":"(anonymous_1)","decl":{"start":{"line":128,"column":25},"end":{"line":128,"column":30}},"loc":{"start":{"line":129,"column":12},"end":{"line":137,"column":null}},"line":129},"2":{"name":"(anonymous_2)","decl":{"start":{"line":147,"column":17},"end":{"line":147,"column":22}},"loc":{"start":{"line":148,"column":12},"end":{"line":156,"column":null}},"line":148},"3":{"name":"Dashboard","decl":{"start":{"line":172,"column":24},"end":{"line":172,"column":34}},"loc":{"start":{"line":172,"column":70},"end":{"line":218,"column":null}},"line":172},"4":{"name":"(anonymous_4)","decl":{"start":{"line":177,"column":20},"end":{"line":177,"column":34}},"loc":{"start":{"line":177,"column":34},"end":{"line":179,"column":6}},"line":177},"5":{"name":"(anonymous_5)","decl":{"start":{"line":216,"column":6},"end":{"line":216,"column":29}},"loc":{"start":{"line":216,"column":29},"end":{"line":216,"column":51}},"line":216},"6":{"name":"(anonymous_6)","decl":{"start":{"line":217,"column":6},"end":{"line":217,"column":29}},"loc":{"start":{"line":217,"column":29},"end":{"line":217,"column":null}},"line":217}},"branchMap":{"0":{"loc":{"start":{"line":91,"column":18},"end":{"line":91,"column":null}},"type":"binary-expr","locations":[{"start":{"line":91,"column":18},"end":{"line":91,"column":48}},{"start":{"line":91,"column":48},"end":{"line":91,"column":null}}],"line":91},"1":{"loc":{"start":{"line":172,"column":36},"end":{"line":172,"column":55}},"type":"default-arg","locations":[{"start":{"line":172,"column":42},"end":{"line":172,"column":55}}],"line":172},"2":{"loc":{"start":{"line":176,"column":24},"end":{"line":176,"column":null}},"type":"cond-expr","locations":[{"start":{"line":176,"column":49},"end":{"line":176,"column":63}},{"start":{"line":176,"column":63},"end":{"line":176,"column":null}}],"line":176},"3":{"loc":{"start":{"line":178,"column":11},"end":{"line":178,"column":null}},"type":"binary-expr","locations":[{"start":{"line":178,"column":11},"end":{"line":178,"column":39}},{"start":{"line":178,"column":39},"end":{"line":178,"column":null}}],"line":178},"4":{"loc":{"start":{"line":181,"column":2},"end":{"line":185,"column":null}},"type":"if","locations":[{"start":{"line":181,"column":2},"end":{"line":185,"column":null}},{"start":{},"end":{}}],"line":181},"5":{"loc":{"start":{"line":189,"column":2},"end":{"line":193,"column":null}},"type":"if","locations":[{"start":{"line":189,"column":2},"end":{"line":193,"column":null}},{"start":{},"end":{}}],"line":189},"6":{"loc":{"start":{"line":197,"column":2},"end":{"line":201,"column":null}},"type":"if","locations":[{"start":{"line":197,"column":2},"end":{"line":201,"column":null}},{"start":{},"end":{}}],"line":197},"7":{"loc":{"start":{"line":205,"column":2},"end":{"line":209,"column":null}},"type":"if","locations":[{"start":{"line":205,"column":2},"end":{"line":209,"column":null}},{"start":{},"end":{}}],"line":205}},"s":{"0":2,"1":2,"2":1,"3":1,"4":3,"5":3,"6":5,"7":5,"8":5,"9":5,"10":5,"11":5,"12":1,"13":4,"14":1,"15":3,"16":1,"17":2,"18":1,"19":1,"20":0,"21":0},"f":{"0":1,"1":3,"2":3,"3":5,"4":5,"5":0,"6":0},"b":{"0":[1,1],"1":[5],"2":[5,0],"3":[5,0],"4":[1,4],"5":[1,3],"6":[1,2],"7":[1,1]},"meta":{"lastBranch":8,"lastFunction":7,"lastStatement":22,"seen":{"s:9:24:82:Infinity":0,"s:84:14:88:Infinity":1,"f:90:9:90:23":0,"s:91:18:91:Infinity":2,"b:91:18:91:48:91:48:91:Infinity":0,"s:93:2:167:Infinity":3,"f:128:25:128:30":1,"s:129:12:137:Infinity":4,"f:147:17:147:22":2,"s:148:12:156:Infinity":5,"f:172:24:172:34":3,"b:172:42:172:55":1,"s:173:10:173:39":6,"s:174:8:174:32":7,"s:176:24:176:Infinity":8,"b:176:49:176:63:176:63:176:Infinity":2,"s:177:8:179:21":9,"f:177:20:177:34":4,"s:178:4:178:Infinity":10,"b:178:11:178:39:178:39:178:Infinity":3,"b:181:2:185:Infinity:undefined:undefined:undefined:undefined":4,"s:181:2:185:Infinity":11,"s:182:4:185:Infinity":12,"b:189:2:193:Infinity:undefined:undefined:undefined:undefined":5,"s:189:2:193:Infinity":13,"s:190:4:193:Infinity":14,"b:197:2:201:Infinity:undefined:undefined:undefined:undefined":6,"s:197:2:201:Infinity":15,"s:198:4:201:Infinity":16,"b:205:2:209:Infinity:undefined:undefined:undefined:undefined":7,"s:205:2:209:Infinity":17,"s:206:4:209:Infinity":18,"s:213:2:218:Infinity":19,"f:216:6:216:29":5,"s:216:29:216:51":20,"f:217:6:217:29":6,"s:217:29:217:Infinity":21}}}
,"D:\\Election Process education\\src\\pages\\Entry.jsx": {"path":"D:\\Election Process education\\src\\pages\\Entry.jsx","statementMap":{"0":{"start":{"line":8,"column":8},"end":{"line":8,"column":32}},"1":{"start":{"line":9,"column":20},"end":{"line":9,"column":64}},"2":{"start":{"line":10,"column":33},"end":{"line":10,"column":52}},"3":{"start":{"line":11,"column":10},"end":{"line":11,"column":42}},"4":{"start":{"line":13,"column":21},"end":{"line":18,"column":null}},"5":{"start":{"line":20,"column":20},"end":{"line":20,"column":null}},"6":{"start":{"line":22,"column":8},"end":{"line":38,"column":null}},"7":{"start":{"line":23,"column":4},"end":{"line":23,"column":null}},"8":{"start":{"line":24,"column":25},"end":{"line":24,"column":76}},"9":{"start":{"line":24,"column":51},"end":{"line":24,"column":76}},"10":{"start":{"line":26,"column":27},"end":{"line":29,"column":null}},"11":{"start":{"line":30,"column":4},"end":{"line":30,"column":null}},"12":{"start":{"line":31,"column":4},"end":{"line":31,"column":null}},"13":{"start":{"line":33,"column":4},"end":{"line":37,"column":null}},"14":{"start":{"line":38,"column":4},"end":{"line":38,"column":null}},"15":{"start":{"line":41,"column":2},"end":{"line":134,"column":null}},"16":{"start":{"line":76,"column":18},"end":{"line":94,"column":null}},"17":{"start":{"line":89,"column":39},"end":{"line":89,"column":67}},"18":{"start":{"line":103,"column":18},"end":{"line":120,"column":null}},"19":{"start":{"line":116,"column":39},"end":{"line":116,"column":66}}},"fnMap":{"0":{"name":"Entry","decl":{"start":{"line":7,"column":24},"end":{"line":7,"column":30}},"loc":{"start":{"line":7,"column":56},"end":{"line":134,"column":null}},"line":7},"1":{"name":"(anonymous_1)","decl":{"start":{"line":22,"column":8},"end":{"line":22,"column":24}},"loc":{"start":{"line":22,"column":30},"end":{"line":38,"column":null}},"line":22},"2":{"name":"(anonymous_2)","decl":{"start":{"line":24,"column":36},"end":{"line":24,"column":42}},"loc":{"start":{"line":24,"column":51},"end":{"line":24,"column":76}},"line":24},"3":{"name":"(anonymous_3)","decl":{"start":{"line":75,"column":28},"end":{"line":75,"column":33}},"loc":{"start":{"line":76,"column":18},"end":{"line":94,"column":null}},"line":76},"4":{"name":"(anonymous_4)","decl":{"start":{"line":89,"column":22},"end":{"line":89,"column":33}},"loc":{"start":{"line":89,"column":39},"end":{"line":89,"column":67}},"line":89},"5":{"name":"(anonymous_5)","decl":{"start":{"line":102,"column":27},"end":{"line":102,"column":32}},"loc":{"start":{"line":103,"column":18},"end":{"line":120,"column":null}},"line":103},"6":{"name":"(anonymous_6)","decl":{"start":{"line":116,"column":22},"end":{"line":116,"column":33}},"loc":{"start":{"line":116,"column":39},"end":{"line":116,"column":66}},"line":116}},"branchMap":{"0":{"loc":{"start":{"line":27,"column":17},"end":{"line":27,"column":null}},"type":"binary-expr","locations":[{"start":{"line":27,"column":17},"end":{"line":27,"column":41}},{"start":{"line":27,"column":41},"end":{"line":27,"column":null}}],"line":27},"1":{"loc":{"start":{"line":34,"column":17},"end":{"line":34,"column":null}},"type":"binary-expr","locations":[{"start":{"line":34,"column":17},"end":{"line":34,"column":41}},{"start":{"line":34,"column":41},"end":{"line":34,"column":null}}],"line":34},"2":{"loc":{"start":{"line":35,"column":20},"end":{"line":35,"column":null}},"type":"binary-expr","locations":[{"start":{"line":35,"column":20},"end":{"line":35,"column":41}},{"start":{"line":35,"column":41},"end":{"line":35,"column":null}}],"line":35},"3":{"loc":{"start":{"line":79,"column":22},"end":{"line":81,"column":null}},"type":"cond-expr","locations":[{"start":{"line":80,"column":26},"end":{"line":80,"column":null}},{"start":{"line":81,"column":26},"end":{"line":81,"column":null}}],"line":79},"4":{"loc":{"start":{"line":106,"column":22},"end":{"line":108,"column":null}},"type":"cond-expr","locations":[{"start":{"line":107,"column":26},"end":{"line":107,"column":null}},{"start":{"line":108,"column":26},"end":{"line":108,"column":null}}],"line":106}},"s":{"0":5,"1":5,"2":5,"3":5,"4":5,"5":5,"6":5,"7":1,"8":1,"9":2,"10":1,"11":1,"12":1,"13":1,"14":1,"15":5,"16":20,"17":1,"18":30,"19":0},"f":{"0":5,"1":1,"2":2,"3":20,"4":1,"5":30,"6":0},"b":{"0":[1,0],"1":[1,0],"2":[1,0],"3":[5,15],"4":[5,25]},"meta":{"lastBranch":5,"lastFunction":7,"lastStatement":20,"seen":{"f:7:24:7:30":0,"s:8:8:8:32":0,"s:9:20:9:64":1,"s:10:33:10:52":2,"s:11:10:11:42":3,"s:13:21:18:Infinity":4,"s:20:20:20:Infinity":5,"s:22:8:38:Infinity":6,"f:22:8:22:24":1,"s:23:4:23:Infinity":7,"s:24:25:24:76":8,"f:24:36:24:42":2,"s:24:51:24:76":9,"s:26:27:29:Infinity":10,"b:27:17:27:41:27:41:27:Infinity":0,"s:30:4:30:Infinity":11,"s:31:4:31:Infinity":12,"s:33:4:37:Infinity":13,"b:34:17:34:41:34:41:34:Infinity":1,"b:35:20:35:41:35:41:35:Infinity":2,"s:38:4:38:Infinity":14,"s:41:2:134:Infinity":15,"f:75:28:75:33":3,"s:76:18:94:Infinity":16,"b:80:26:80:Infinity:81:26:81:Infinity":3,"f:89:22:89:33":4,"s:89:39:89:67":17,"f:102:27:102:32":5,"s:103:18:120:Infinity":18,"b:107:26:107:Infinity:108:26:108:Infinity":4,"f:116:22:116:33":6,"s:116:39:116:66":19}}}
,"D:\\Election Process education\\src\\pages\\Home.jsx": {"path":"D:\\Election Process education\\src\\pages\\Home.jsx","statementMap":{"0":{"start":{"line":4,"column":21},"end":{"line":25,"column":null}},"1":{"start":{"line":27,"column":18},"end":{"line":27,"column":null}},"2":{"start":{"line":30,"column":2},"end":{"line":157,"column":null}},"3":{"start":{"line":75,"column":18},"end":{"line":77,"column":null}},"4":{"start":{"line":99,"column":12},"end":{"line":106,"column":null}},"5":{"start":{"line":127,"column":14},"end":{"line":130,"column":null}},"6":{"start":{"line":143,"column":14},"end":{"line":149,"column":null}}},"fnMap":{"0":{"name":"Home","decl":{"start":{"line":29,"column":24},"end":{"line":29,"column":29}},"loc":{"start":{"line":29,"column":46},"end":{"line":157,"column":null}},"line":29},"1":{"name":"(anonymous_1)","decl":{"start":{"line":74,"column":27},"end":{"line":74,"column":32}},"loc":{"start":{"line":75,"column":18},"end":{"line":77,"column":null}},"line":75},"2":{"name":"(anonymous_2)","decl":{"start":{"line":98,"column":24},"end":{"line":98,"column":29}},"loc":{"start":{"line":99,"column":12},"end":{"line":106,"column":null}},"line":99},"3":{"name":"(anonymous_3)","decl":{"start":{"line":126,"column":14},"end":{"line":126,"column":19}},"loc":{"start":{"line":127,"column":14},"end":{"line":130,"column":null}},"line":127},"4":{"name":"(anonymous_4)","decl":{"start":{"line":142,"column":14},"end":{"line":142,"column":19}},"loc":{"start":{"line":143,"column":14},"end":{"line":149,"column":null}},"line":143}},"branchMap":{"0":{"loc":{"start":{"line":57,"column":17},"end":{"line":57,"column":null}},"type":"cond-expr","locations":[{"start":{"line":57,"column":31},"end":{"line":57,"column":53}},{"start":{"line":57,"column":53},"end":{"line":57,"column":null}}],"line":57},"1":{"loc":{"start":{"line":59,"column":15},"end":{"line":65,"column":null}},"type":"binary-expr","locations":[{"start":{"line":59,"column":15},"end":{"line":59,"column":null}},{"start":{"line":60,"column":16},"end":{"line":65,"column":null}}],"line":59}},"s":{"0":1,"1":1,"2":0,"3":0,"4":0,"5":0,"6":0},"f":{"0":0,"1":0,"2":0,"3":0,"4":0},"b":{"0":[0,0],"1":[0,0]},"meta":{"lastBranch":2,"lastFunction":5,"lastStatement":7,"seen":{"s:4:21:25:Infinity":0,"s:27:18:27:Infinity":1,"f:29:24:29:29":0,"s:30:2:157:Infinity":2,"b:57:31:57:53:57:53:57:Infinity":0,"b:59:15:59:Infinity:60:16:65:Infinity":1,"f:74:27:74:32":1,"s:75:18:77:Infinity":3,"f:98:24:98:29":2,"s:99:12:106:Infinity":4,"f:126:14:126:19":3,"s:127:14:130:Infinity":5,"f:142:14:142:19":4,"s:143:14:149:Infinity":6}}}
,"D:\\Election Process education\\src\\utils\\chat.js": {"path":"D:\\Election Process education\\src\\utils\\chat.js","statementMap":{"0":{"start":{"line":5,"column":15},"end":{"line":5,"column":50}},"1":{"start":{"line":8,"column":2},"end":{"line":8,"column":null}},"2":{"start":{"line":8,"column":14},"end":{"line":8,"column":null}},"3":{"start":{"line":9,"column":2},"end":{"line":9,"column":null}},"4":{"start":{"line":12,"column":11},"end":{"line":16,"column":8}},"5":{"start":{"line":19,"column":2},"end":{"line":21,"column":null}},"6":{"start":{"line":20,"column":4},"end":{"line":20,"column":null}},"7":{"start":{"line":23,"column":14},"end":{"line":23,"column":94}},"8":{"start":{"line":24,"column":2},"end":{"line":24,"column":null}},"9":{"start":{"line":28,"column":28},"end":{"line":28,"column":49}},"10":{"start":{"line":29,"column":19},"end":{"line":29,"column":53}},"11":{"start":{"line":30,"column":20},"end":{"line":30,"column":42}},"12":{"start":{"line":32,"column":2},"end":{"line":44,"column":null}},"13":{"start":{"line":33,"column":4},"end":{"line":35,"column":null}},"14":{"start":{"line":34,"column":6},"end":{"line":34,"column":null}},"15":{"start":{"line":37,"column":4},"end":{"line":39,"column":null}},"16":{"start":{"line":38,"column":6},"end":{"line":38,"column":null}},"17":{"start":{"line":41,"column":4},"end":{"line":43,"column":null}},"18":{"start":{"line":42,"column":6},"end":{"line":42,"column":null}},"19":{"start":{"line":46,"column":2},"end":{"line":58,"column":null}},"20":{"start":{"line":47,"column":4},"end":{"line":49,"column":null}},"21":{"start":{"line":48,"column":6},"end":{"line":48,"column":null}},"22":{"start":{"line":51,"column":4},"end":{"line":53,"column":null}},"23":{"start":{"line":52,"column":6},"end":{"line":52,"column":null}},"24":{"start":{"line":55,"column":4},"end":{"line":57,"column":null}},"25":{"start":{"line":56,"column":6},"end":{"line":56,"column":null}},"26":{"start":{"line":60,"column":2},"end":{"line":72,"column":null}},"27":{"start":{"line":61,"column":4},"end":{"line":63,"column":null}},"28":{"start":{"line":62,"column":6},"end":{"line":62,"column":null}},"29":{"start":{"line":65,"column":4},"end":{"line":67,"column":null}},"30":{"start":{"line":66,"column":6},"end":{"line":66,"column":null}},"31":{"start":{"line":69,"column":4},"end":{"line":71,"column":null}},"32":{"start":{"line":70,"column":6},"end":{"line":70,"column":null}},"33":{"start":{"line":74,"column":2},"end":{"line":76,"column":null}},"34":{"start":{"line":75,"column":4},"end":{"line":75,"column":null}},"35":{"start":{"line":78,"column":2},"end":{"line":80,"column":null}},"36":{"start":{"line":79,"column":4},"end":{"line":79,"column":null}},"37":{"start":{"line":82,"column":2},"end":{"line":85,"column":null}},"38":{"start":{"line":83,"column":22},"end":{"line":83,"column":70}},"39":{"start":{"line":84,"column":4},"end":{"line":84,"column":null}},"40":{"start":{"line":87,"column":2},"end":{"line":89,"column":null}},"41":{"start":{"line":88,"column":4},"end":{"line":88,"column":null}},"42":{"start":{"line":91,"column":2},"end":{"line":93,"column":null}},"43":{"start":{"line":92,"column":4},"end":{"line":92,"column":null}},"44":{"start":{"line":95,"column":2},"end":{"line":97,"column":null}},"45":{"start":{"line":96,"column":4},"end":{"line":96,"column":null}},"46":{"start":{"line":99,"column":2},"end":{"line":101,"column":null}},"47":{"start":{"line":100,"column":4},"end":{"line":100,"column":null}},"48":{"start":{"line":103,"column":2},"end":{"line":105,"column":null}},"49":{"start":{"line":104,"column":4},"end":{"line":104,"column":null}},"50":{"start":{"line":107,"column":2},"end":{"line":109,"column":null}},"51":{"start":{"line":108,"column":4},"end":{"line":108,"column":null}},"52":{"start":{"line":111,"column":2},"end":{"line":113,"column":null}},"53":{"start":{"line":112,"column":4},"end":{"line":112,"column":null}},"54":{"start":{"line":115,"column":2},"end":{"line":117,"column":null}},"55":{"start":{"line":116,"column":4},"end":{"line":116,"column":null}},"56":{"start":{"line":119,"column":2},"end":{"line":121,"column":null}},"57":{"start":{"line":120,"column":4},"end":{"line":120,"column":null}},"58":{"start":{"line":123,"column":2},"end":{"line":123,"column":null}},"59":{"start":{"line":127,"column":22},"end":{"line":127,"column":44}},"60":{"start":{"line":128,"column":21},"end":{"line":128,"column":69}},"61":{"start":{"line":129,"column":19},"end":{"line":129,"column":53}},"62":{"start":{"line":130,"column":24},"end":{"line":130,"column":73}},"63":{"start":{"line":131,"column":22},"end":{"line":131,"column":63}},"64":{"start":{"line":135,"column":2},"end":{"line":137,"column":null}},"65":{"start":{"line":136,"column":4},"end":{"line":136,"column":null}},"66":{"start":{"line":141,"column":2},"end":{"line":143,"column":null}},"67":{"start":{"line":142,"column":4},"end":{"line":142,"column":null}},"68":{"start":{"line":145,"column":2},"end":{"line":199,"column":null}},"69":{"start":{"line":146,"column":22},"end":{"line":146,"column":60}},"70":{"start":{"line":149,"column":31},"end":{"line":150,"column":50}},"71":{"start":{"line":152,"column":25},"end":{"line":157,"column":39}},"72":{"start":{"line":159,"column":30},"end":{"line":165,"column":16}},"73":{"start":{"line":167,"column":4},"end":{"line":169,"column":null}},"74":{"start":{"line":168,"column":6},"end":{"line":168,"column":null}},"75":{"start":{"line":171,"column":21},"end":{"line":181,"column":6}},"76":{"start":{"line":184,"column":20},"end":{"line":184,"column":22}},"77":{"start":{"line":186,"column":4},"end":{"line":192,"column":null}},"78":{"start":{"line":187,"column":6},"end":{"line":187,"column":null}},"79":{"start":{"line":188,"column":11},"end":{"line":192,"column":null}},"80":{"start":{"line":189,"column":6},"end":{"line":189,"column":null}},"81":{"start":{"line":190,"column":11},"end":{"line":192,"column":null}},"82":{"start":{"line":191,"column":6},"end":{"line":191,"column":null}},"83":{"start":{"line":194,"column":4},"end":{"line":194,"column":null}},"84":{"start":{"line":197,"column":4},"end":{"line":197,"column":null}},"85":{"start":{"line":198,"column":4},"end":{"line":198,"column":null}}},"fnMap":{"0":{"name":"sanitizeInput","decl":{"start":{"line":7,"column":16},"end":{"line":7,"column":29}},"loc":{"start":{"line":7,"column":37},"end":{"line":10,"column":null}},"line":7},"1":{"name":"buildWelcomeMessage","decl":{"start":{"line":18,"column":9},"end":{"line":18,"column":28}},"loc":{"start":{"line":18,"column":42},"end":{"line":25,"column":null}},"line":18},"2":{"name":"buildLocalReply","decl":{"start":{"line":27,"column":9},"end":{"line":27,"column":24}},"loc":{"start":{"line":27,"column":55},"end":{"line":124,"column":null}},"line":27},"3":{"name":"getAssistantReply","decl":{"start":{"line":126,"column":22},"end":{"line":126,"column":39}},"loc":{"start":{"line":126,"column":70},"end":{"line":200,"column":null}},"line":126}},"branchMap":{"0":{"loc":{"start":{"line":8,"column":2},"end":{"line":8,"column":null}},"type":"if","locations":[{"start":{"line":8,"column":2},"end":{"line":8,"column":null}},{"start":{},"end":{}}],"line":8},"1":{"loc":{"start":{"line":12,"column":11},"end":{"line":16,"column":8}},"type":"cond-expr","locations":[{"start":{"line":13,"column":4},"end":{"line":15,"column":null}},{"start":{"line":16,"column":4},"end":{"line":16,"column":8}}],"line":12},"2":{"loc":{"start":{"line":19,"column":2},"end":{"line":21,"column":null}},"type":"if","locations":[{"start":{"line":19,"column":2},"end":{"line":21,"column":null}},{"start":{},"end":{}}],"line":19},"3":{"loc":{"start":{"line":23,"column":14},"end":{"line":23,"column":94}},"type":"cond-expr","locations":[{"start":{"line":23,"column":55},"end":{"line":23,"column":73}},{"start":{"line":23,"column":76},"end":{"line":23,"column":94}}],"line":23},"4":{"loc":{"start":{"line":29,"column":19},"end":{"line":29,"column":53}},"type":"binary-expr","locations":[{"start":{"line":29,"column":19},"end":{"line":29,"column":40}},{"start":{"line":29,"column":44},"end":{"line":29,"column":53}}],"line":29},"5":{"loc":{"start":{"line":32,"column":2},"end":{"line":44,"column":null}},"type":"if","locations":[{"start":{"line":32,"column":2},"end":{"line":44,"column":null}},{"start":{},"end":{}}],"line":32},"6":{"loc":{"start":{"line":33,"column":4},"end":{"line":35,"column":null}},"type":"if","locations":[{"start":{"line":33,"column":4},"end":{"line":35,"column":null}},{"start":{},"end":{}}],"line":33},"7":{"loc":{"start":{"line":33,"column":8},"end":{"line":33,"column":114}},"type":"binary-expr","locations":[{"start":{"line":33,"column":8},"end":{"line":33,"column":28}},{"start":{"line":33,"column":32},"end":{"line":33,"column":114}}],"line":33},"8":{"loc":{"start":{"line":37,"column":4},"end":{"line":39,"column":null}},"type":"if","locations":[{"start":{"line":37,"column":4},"end":{"line":39,"column":null}},{"start":{},"end":{}}],"line":37},"9":{"loc":{"start":{"line":37,"column":8},"end":{"line":37,"column":80}},"type":"binary-expr","locations":[{"start":{"line":37,"column":8},"end":{"line":37,"column":24}},{"start":{"line":37,"column":28},"end":{"line":37,"column":80}}],"line":37},"10":{"loc":{"start":{"line":41,"column":4},"end":{"line":43,"column":null}},"type":"if","locations":[{"start":{"line":41,"column":4},"end":{"line":43,"column":null}},{"start":{},"end":{}}],"line":41},"11":{"loc":{"start":{"line":41,"column":8},"end":{"line":41,"column":75}},"type":"binary-expr","locations":[{"start":{"line":41,"column":8},"end":{"line":41,"column":26}},{"start":{"line":41,"column":30},"end":{"line":41,"column":75}}],"line":41},"12":{"loc":{"start":{"line":46,"column":2},"end":{"line":58,"column":null}},"type":"if","locations":[{"start":{"line":46,"column":2},"end":{"line":58,"column":null}},{"start":{},"end":{}}],"line":46},"13":{"loc":{"start":{"line":47,"column":4},"end":{"line":49,"column":null}},"type":"if","locations":[{"start":{"line":47,"column":4},"end":{"line":49,"column":null}},{"start":{},"end":{}}],"line":47},"14":{"loc":{"start":{"line":47,"column":8},"end":{"line":47,"column":86}},"type":"binary-expr","locations":[{"start":{"line":47,"column":8},"end":{"line":47,"column":35}},{"start":{"line":47,"column":39},"end":{"line":47,"column":86}}],"line":47},"15":{"loc":{"start":{"line":51,"column":4},"end":{"line":53,"column":null}},"type":"if","locations":[{"start":{"line":51,"column":4},"end":{"line":53,"column":null}},{"start":{},"end":{}}],"line":51},"16":{"loc":{"start":{"line":51,"column":8},"end":{"line":51,"column":106}},"type":"binary-expr","locations":[{"start":{"line":51,"column":8},"end":{"line":51,"column":37}},{"start":{"line":51,"column":41},"end":{"line":51,"column":106}}],"line":51},"17":{"loc":{"start":{"line":55,"column":4},"end":{"line":57,"column":null}},"type":"if","locations":[{"start":{"line":55,"column":4},"end":{"line":57,"column":null}},{"start":{},"end":{}}],"line":55},"18":{"loc":{"start":{"line":55,"column":8},"end":{"line":55,"column":111}},"type":"binary-expr","locations":[{"start":{"line":55,"column":8},"end":{"line":55,"column":31}},{"start":{"line":55,"column":35},"end":{"line":55,"column":111}}],"line":55},"19":{"loc":{"start":{"line":60,"column":2},"end":{"line":72,"column":null}},"type":"if","locations":[{"start":{"line":60,"column":2},"end":{"line":72,"column":null}},{"start":{},"end":{}}],"line":60},"20":{"loc":{"start":{"line":61,"column":4},"end":{"line":63,"column":null}},"type":"if","locations":[{"start":{"line":61,"column":4},"end":{"line":63,"column":null}},{"start":{},"end":{}}],"line":61},"21":{"loc":{"start":{"line":61,"column":8},"end":{"line":61,"column":94}},"type":"binary-expr","locations":[{"start":{"line":61,"column":8},"end":{"line":61,"column":36}},{"start":{"line":61,"column":40},"end":{"line":61,"column":94}}],"line":61},"22":{"loc":{"start":{"line":65,"column":4},"end":{"line":67,"column":null}},"type":"if","locations":[{"start":{"line":65,"column":4},"end":{"line":67,"column":null}},{"start":{},"end":{}}],"line":65},"23":{"loc":{"start":{"line":65,"column":8},"end":{"line":65,"column":131}},"type":"binary-expr","locations":[{"start":{"line":65,"column":8},"end":{"line":65,"column":40}},{"start":{"line":65,"column":44},"end":{"line":65,"column":131}}],"line":65},"24":{"loc":{"start":{"line":69,"column":4},"end":{"line":71,"column":null}},"type":"if","locations":[{"start":{"line":69,"column":4},"end":{"line":71,"column":null}},{"start":{},"end":{}}],"line":69},"25":{"loc":{"start":{"line":69,"column":8},"end":{"line":69,"column":110}},"type":"binary-expr","locations":[{"start":{"line":69,"column":8},"end":{"line":69,"column":41}},{"start":{"line":69,"column":45},"end":{"line":69,"column":110}}],"line":69},"26":{"loc":{"start":{"line":74,"column":2},"end":{"line":76,"column":null}},"type":"if","locations":[{"start":{"line":74,"column":2},"end":{"line":76,"column":null}},{"start":{},"end":{}}],"line":74},"27":{"loc":{"start":{"line":78,"column":2},"end":{"line":80,"column":null}},"type":"if","locations":[{"start":{"line":78,"column":2},"end":{"line":80,"column":null}},{"start":{},"end":{}}],"line":78},"28":{"loc":{"start":{"line":82,"column":2},"end":{"line":85,"column":null}},"type":"if","locations":[{"start":{"line":82,"column":2},"end":{"line":85,"column":null}},{"start":{},"end":{}}],"line":82},"29":{"loc":{"start":{"line":87,"column":2},"end":{"line":89,"column":null}},"type":"if","locations":[{"start":{"line":87,"column":2},"end":{"line":89,"column":null}},{"start":{},"end":{}}],"line":87},"30":{"loc":{"start":{
[...]
undefined":8,"s:37:4:39:Infinity":15,"b:37:8:37:24:37:28:37:80":9,"s:38:6:38:Infinity":16,"b:41:4:43:Infinity:undefined:undefined:undefined:undefined":10,"s:41:4:43:Infinity":17,"b:41:8:41:26:41:30:41:75":11,"s:42:6:42:Infinity":18,"b:46:2:58:Infinity:undefined:undefined:undefined:undefined":12,"s:46:2:58:Infinity":19,"b:47:4:49:Infinity:undefined:undefined:undefined:undefined":13,"s:47:4:49:Infinity":20,"b:47:8:47:35:47:39:47:86":14,"s:48:6:48:Infinity":21,"b:51:4:53:Infinity:undefined:undefined:undefined:undefined":15,"s:51:4:53:Infinity":22,"b:51:8:51:37:51:41:51:106":16,"s:52:6:52:Infinity":23,"b:55:4:57:Infinity:undefined:undefined:undefined:undefined":17,"s:55:4:57:Infinity":24,"b:55:8:55:31:55:35:55:111":18,"s:56:6:56:Infinity":25,"b:60:2:72:Infinity:undefined:undefined:undefined:undefined":19,"s:60:2:72:Infinity":26,"b:61:4:63:Infinity:undefined:undefined:undefined:undefined":20,"s:61:4:63:Infinity":27,"b:61:8:61:36:61:40:61:94":21,"s:62:6:62:Infinity":28,"b:65:4:67:Infinity:undefined:undefined:undefined:undefined":22,"s:65:4:67:Infinity":29,"b:65:8:65:40:65:44:65:131":23,"s:66:6:66:Infinity":30,"b:69:4:71:Infinity:undefined:undefined:undefined:undefined":24,"s:69:4:71:Infinity":31,"b:69:8:69:41:69:45:69:110":25,"s:70:6:70:Infinity":32,"b:74:2:76:Infinity:undefined:undefined:undefined:undefined":26,"s:74:2:76:Infinity":33,"s:75:4:75:Infinity":34,"b:78:2:80:Infinity:undefined:undefined:undefined:undefined":27,"s:78:2:80:Infinity":35,"s:79:4:79:Infinity":36,"b:82:2:85:Infinity:undefined:undefined:undefined:undefined":28,"s:82:2:85:Infinity":37,"s:83:22:83:70":38,"s:84:4:84:Infinity":39,"b:87:2:89:Infinity:undefined:undefined:undefined:undefined":29,"s:87:2:89:Infinity":40,"s:88:4:88:Infinity":41,"b:91:2:93:Infinity:undefined:undefined:undefined:undefined":30,"s:91:2:93:Infinity":42,"s:92:4:92:Infinity":43,"b:95:2:97:Infinity:undefined:undefined:undefined:undefined":31,"s:95:2:97:Infinity":44,"s:96:4:96:Infinity":45,"b:99:2:101:Infinity:undefined:undefined:undefined:undefined":32,"s:99:2:101:Infinity":46,"s:100:4:100:Infinity":47,"b:103:2:105:Infinity:undefined:undefined:undefined:undefined":33,"s:103:2:105:Infinity":48,"s:104:4:104:Infinity":49,"b:107:2:109:Infinity:undefined:undefined:undefined:undefined":34,"s:107:2:109:Infinity":50,"s:108:4:108:Infinity":51,"b:111:2:113:Infinity:undefined:undefined:undefined:undefined":35,"s:111:2:113:Infinity":52,"s:112:4:112:Infinity":53,"b:115:2:117:Infinity:undefined:undefined:undefined:undefined":36,"s:115:2:117:Infinity":54,"s:116:4:116:Infinity":55,"b:119:2:121:Infinity:undefined:undefined:undefined:undefined":37,"s:119:2:121:Infinity":56,"s:120:4:120:Infinity":57,"s:123:2:123:Infinity":58,"f:126:22:126:39":3,"s:127:22:127:44":59,"s:128:21:128:69":60,"b:128:21:128:47:128:51:128:69":38,"s:129:19:129:53":61,"b:129:19:129:40:129:44:129:53":39,"s:130:24:130:73":62,"s:131:22:131:63":63,"b:135:2:137:Infinity:undefined:undefined:undefined:undefined":40,"s:135:2:137:Infinity":64,"s:136:4:136:Infinity":65,"b:141:2:143:Infinity:undefined:undefined:undefined:undefined":41,"s:141:2:143:Infinity":66,"s:142:4:142:Infinity":67,"s:145:2:199:Infinity":68,"s:146:22:146:60":69,"b:146:22:146:44:146:48:146:60":42,"s:149:31:150:50":70,"b:149:31:149:70:150:9:150:50":43,"s:152:25:157:39":71,"b:152:39:157:34:157:37:157:39":44,"s:159:30:165:16":72,"b:167:4:169:Infinity:undefined:undefined:undefined:undefined":45,"s:167:4:169:Infinity":73,"b:167:8:167:11:167:15:167:26":46,"s:168:6:168:Infinity":74,"s:171:21:181:6":75,"s:184:20:184:22":76,"b:186:4:192:Infinity:188:11:192:Infinity":47,"s:186:4:192:Infinity":77,"s:187:6:187:Infinity":78,"b:188:11:192:Infinity:190:11:192:Infinity":48,"s:188:11:192:Infinity":79,"s:189:6:189:Infinity":80,"b:190:11:192:Infinity:undefined:undefined:undefined:undefined":49,"s:190:11:192:Infinity":81,"s:191:6:191:Infinity":82,"s:194:4:194:Infinity":83,"b:194:11:194:20:194:24:194:37":50,"s:197:4:197:Infinity":84,"s:198:4:198:Infinity":85}}}
,"D:\\Election Process education\\src\\utils\\firebase.js": {"path":"D:\\Election Process education\\src\\utils\\firebase.js","statementMap":{"0":{"start":{"line":7,"column":23},"end":{"line":15,"column":1}},"1":{"start":{"line":17,"column":10},"end":{"line":17,"column":14}},"2":{"start":{"line":18,"column":16},"end":{"line":18,"column":20}},"3":{"start":{"line":19,"column":11},"end":{"line":19,"column":15}},"4":{"start":{"line":20,"column":9},"end":{"line":20,"column":13}},"5":{"start":{"line":21,"column":14},"end":{"line":21,"column":18}},"6":{"start":{"line":24,"column":0},"end":{"line":51,"column":null}},"7":{"start":{"line":25,"column":2},"end":{"line":48,"column":null}},"8":{"start":{"line":26,"column":4},"end":{"line":26,"column":null}},"9":{"start":{"line":29,"column":4},"end":{"line":29,"column":null}},"10":{"start":{"line":30,"column":3},"end":{"line":30,"column":null}},"11":{"start":{"line":33,"column":4},"end":{"line":33,"column":null}},"12":{"start":{"line":34,"column":3},"end":{"line":36,"column":null}},"13":{"start":{"line":35,"column":6},"end":{"line":35,"column":null}},"14":{"start":{"line":39,"column":4},"end":{"line":39,"column":null}},"15":{"start":{"line":42,"column":4},"end":{"line":42,"column":null}},"16":{"start":{"line":44,"column":4},"end":{"line":44,"column":null}},"17":{"start":{"line":45,"column":4},"end":{"line":45,"column":null}},"18":{"start":{"line":47,"column":4},"end":{"line":47,"column":null}},"19":{"start":{"line":50,"column":2},"end":{"line":50,"column":null}},"20":{"start":{"line":53,"column":26},"end":{"line":55,"column":1}},"21":{"start":{"line":54,"column":2},"end":{"line":54,"column":null}},"22":{"start":{"line":54,"column":16},"end":{"line":54,"column":null}},"23":{"start":{"line":57,"column":23},"end":{"line":59,"column":1}},"24":{"start":{"line":58,"column":2},"end":{"line":58,"column":null}},"25":{"start":{"line":58,"column":16},"end":{"line":58,"column":null}},"26":{"start":{"line":64,"column":35},"end":{"line":76,"column":1}},"27":{"start":{"line":65,"column":2},"end":{"line":73,"column":null}},"28":{"start":{"line":66,"column":4},"end":{"line":72,"column":null}},"29":{"start":{"line":67,"column":6},"end":{"line":67,"column":null}},"30":{"start":{"line":68,"column":6},"end":{"line":68,"column":null}},"31":{"start":{"line":70,"column":6},"end":{"line":70,"column":null}},"32":{"start":{"line":71,"column":6},"end":{"line":71,"column":null}},"33":{"start":{"line":75,"column":2},"end":{"line":75,"column":null}},"34":{"start":{"line":81,"column":34},"end":{"line":93,"column":1}},"35":{"start":{"line":82,"column":2},"end":{"line":91,"column":null}},"36":{"start":{"line":83,"column":4},"end":{"line":90,"column":null}},"37":{"start":{"line":84,"column":20},"end":{"line":84,"column":45}},"38":{"start":{"line":85,"column":19},"end":{"line":85,"column":39}},"39":{"start":{"line":86,"column":6},"end":{"line":86,"column":null}},"40":{"start":{"line":88,"column":6},"end":{"line":88,"column":null}},"41":{"start":{"line":89,"column":6},"end":{"line":89,"column":null}},"42":{"start":{"line":92,"column":2},"end":{"line":92,"column":null}},"43":{"start":{"line":95,"column":30},"end":{"line":107,"column":1}},"44":{"start":{"line":96,"column":2},"end":{"line":105,"column":null}},"45":{"start":{"line":97,"column":4},"end":{"line":104,"column":null}},"46":{"start":{"line":98,"column":20},"end":{"line":98,"column":59}},"47":{"start":{"line":99,"column":19},"end":{"line":99,"column":39}},"48":{"start":{"line":100,"column":6},"end":{"line":100,"column":null}},"49":{"start":{"line":102,"column":6},"end":{"line":102,"column":null}},"50":{"start":{"line":103,"column":6},"end":{"line":103,"column":null}},"51":{"start":{"line":106,"column":2},"end":{"line":106,"column":null}},"52":{"start":{"line":109,"column":31},"end":{"line":117,"column":1}},"53":{"start":{"line":110,"column":2},"end":{"line":116,"column":null}},"54":{"start":{"line":111,"column":4},"end":{"line":115,"column":null}},"55":{"start":{"line":112,"column":6},"end":{"line":112,"column":null}},"56":{"start":{"line":114,"column":6},"end":{"line":114,"column":null}},"57":{"start":{"line":119,"column":28},"end":{"line":131,"column":1}},"58":{"start":{"line":120,"column":2},"end":{"line":129,"column":null}},"59":{"start":{"line":121,"column":4},"end":{"line":128,"column":null}},"60":{"start":{"line":122,"column":24},"end":{"line":122,"column":58}},"61":{"start":{"line":123,"column":6},"end":{"line":123,"column":null}},"62":{"start":{"line":124,"column":6},"end":{"line":124,"column":null}},"63":{"start":{"line":126,"column":6},"end":{"line":126,"column":null}},"64":{"start":{"line":127,"column":6},"end":{"line":127,"column":null}},"65":{"start":{"line":130,"column":2},"end":{"line":130,"column":null}}},"fnMap":{"0":{"name":"(anonymous_0)","decl":{"start":{"line":34,"column":34},"end":{"line":34,"column":35}},"loc":{"start":{"line":34,"column":45},"end":{"line":36,"column":5}},"line":34},"1":{"name":"(anonymous_1)","decl":{"start":{"line":53,"column":26},"end":{"line":53,"column":27}},"loc":{"start":{"line":53,"column":32},"end":{"line":55,"column":1}},"line":53},"2":{"name":"(anonymous_2)","decl":{"start":{"line":57,"column":23},"end":{"line":57,"column":24}},"loc":{"start":{"line":57,"column":29},"end":{"line":59,"column":1}},"line":57},"3":{"name":"(anonymous_3)","decl":{"start":{"line":64,"column":35},"end":{"line":64,"column":40}},"loc":{"start":{"line":64,"column":66},"end":{"line":76,"column":1}},"line":64},"4":{"name":"(anonymous_4)","decl":{"start":{"line":81,"column":34},"end":{"line":81,"column":39}},"loc":{"start":{"line":81,"column":52},"end":{"line":93,"column":1}},"line":81},"5":{"name":"(anonymous_5)","decl":{"start":{"line":95,"column":30},"end":{"line":95,"column":35}},"loc":{"start":{"line":95,"column":42},"end":{"line":107,"column":1}},"line":95},"6":{"name":"(anonymous_6)","decl":{"start":{"line":109,"column":31},"end":{"line":109,"column":36}},"loc":{"start":{"line":109,"column":51},"end":{"line":117,"column":1}},"line":109},"7":{"name":"(anonymous_7)","decl":{"start":{"line":119,"column":28},"end":{"line":119,"column":33}},"loc":{"start":{"line":119,"column":52},"end":{"line":131,"column":1}},"line":119}},"branchMap":{"0":{"loc":{"start":{"line":24,"column":0},"end":{"line":51,"column":null}},"type":"if","locations":[{"start":{"line":24,"column":0},"end":{"line":51,"column":null}},{"start":{"line":49,"column":7},"end":{"line":51,"column":null}}],"line":24},"1":{"loc":{"start":{"line":24,"column":4},"end":{"line":24,"column":65}},"type":"binary-expr","locations":[{"start":{"line":24,"column":4},"end":{"line":24,"column":25}},{"start":{"line":24,"column":29},"end":{"line":24,"column":65}}],"line":24},"2":{"loc":{"start":{"line":54,"column":2},"end":{"line":54,"column":null}},"type":"if","locations":[{"start":{"line":54,"column":2},"end":{"line":54,"column":null}},{"start":{},"end":{}}],"line":54},"3":{"loc":{"start":{"line":58,"column":2},"end":{"line":58,"column":null}},"type":"if","locations":[{"start":{"line":58,"column":2},"end":{"line":58,"column":null}},{"start":{},"end":{}}],"line":58},"4":{"loc":{"start":{"line":65,"column":2},"end":{"line":73,"column":null}},"type":"if","locations":[{"start":{"line":65,"column":2},"end":{"line":73,"column":null}},{"start":{},"end":{}}],"line":65},"5":{"loc":{"start":{"line":65,"column":6},"end":{"line":65,"column":18}},"type":"binary-expr","locations":[{"start":{"line":65,"column":6},"end":{"line":65,"column":8}},{"start":{"line":65,"column":12},"end":{"line":65,"column":18}}],"line":65},"6":{"loc":{"start":{"line":82,"column":2},"end":{"line":91,"column":null}},"type":"if","locations":[{"start":{"line":82,"column":2},"end":{"line":91,"column":null}},{"start":{},"end":{}}],"line":82},"7":{"loc":{"start":{"line":82,"column":6},"end":{"line":82,"column":18}},"type":"binary-expr","locations":[{"start":{"line":82,"column":6},"end":{"line":82,"column":8}},{"start":{"line":82,"column":12},"end":{"line":82,"column":18}}],"line":82},"8":{"loc":{"start":{"line":86,"column":13},"end":{"line":86,"column":47}},"type":"cond-expr","locations":[{"start":{"line":86,"column":29},"end":{"line":86,"column":40}},{"start":{"line":86,"column":43},"end":{"line":86,"column":47}}],"line":86},"9":{"loc":{"start":{"line":96,"column":2},"end":{"line":105,"column":null}},"type":"if","locations":[{"start":{"line":96,"column":2},"end":{"line":105,"column":null}},{"start":{},"end":{}}],"line":96},"10":{"loc":{"start":{"line":96,"column":6},"end":{"line":96,"column":34}},"type":"binary-expr","locations":[{"start":{"line":96,"column":6},"end":{"line":96,"column":8}},{"start":{"line":96,"column":12},"end":{"line":96,"column":34}}],"line":96},"11":{"loc":{"start":{"line":100,"column":13},"end":{"line":100,"column":56}},"type":"cond-expr","locations":[{"start":{"line":100,"column":29},"end":{"line":100,"column":49}},{"start":{"line":100,"column":52},"end":{"line":100,"column":56}}],"line":100},"12":{"loc":{"start":{"line":110,"column":2},"end":{"line":116,"column":null}},"type":"if","locations":[{"start":{"line":110,"column":2},"end":{"line":116,"column":null}},{"start":{},"end":{}}],"line":110},"13":{"loc":{"start":{"line":110,"column":6},"end":{"line":110,"column":34}},"type":"binary-expr","locations":[{"start":{"line":110,"column":6},"end":{"line":110,"column":8}},{"start":{"line":110,"column":12},"end":{"line":110,"column":34}}],"line":110},"14":{"loc":{"start":{"line":120,"column":2},"end":{"line":129,"column":null}},"type":"if","locations":[{"start":{"line":120,"column":2},"end":{"line":129,"column":null}},{"start":{},"end":{}}],"line":120},"15":{"loc":{"start":{"line":120,"column":6},"end":{"line":120,"column":23}},"type":"binary-expr","locations":[{"start":{"line":120,"column":6},"end":{"line":120,"column":13}},{"start":{"line":120,"column":17},"end":{"line":120,"column":23}}],"line":120}},"s":{"0":1,"1":1,"2":1,"3":1,"4":1,"5":1,"6":1,"7":1,"8":1,"9":1,"10":1,"11":1,"12":1,"13":0,"14":1,"15":1,"16":1,"17":1,"18":0,"19":0,"20":1,"21":0,"22":0,"23":1,"24":0,"25":0,"26":1,"27":0,"28":0,"29":0,"30":0,"31":0,"32":0,"33":0,"34":1,"35":0,"36":0,"37":0,"38":0,"39":0,"40":0,"41":0,"42":0,"43":1,"44":0,"45":0,"46":0,"47":0,"48":0,"49":0,"50":0,"51":0,"52":1,"53":0,"54":0,"55":0,"56":0,"57":1,"58":0,"59":0,"60":0,"61":0,"62":0,"63":0,"64":0,"65":0},"f":{"0":0,"1":0,"2":0,"3":0,"4":0,"5":0,"6":0,"7":0},"b":{"0":[1,0],"1":[1,1],"2":[0,0],"3":[0,0],"4":[0,0],"5":[0,0],"6":[0,0],"7":[0,0],"8":[0,0],"9":[0,0],"10":[0,0],"11":[0,0],"12":[0,0],"13":[0,0],"14":[0,0],"15":[0,0]},"meta":{"lastBranch":16,"lastFunction":8,"lastStatement":66,"seen":{"s:7:23:15:1":0,"s:17:10:17:14":1,"s:18:16:18:20":2,"s:19:11:19:15":3,"s:20:9:20:13":4,"s:21:14:21:18":5,"b:24:0:51:Infinity:49:7:51:Infinity":0,"s:24:0:51:Infinity":6,"b:24:4:24:25:24:29:24:65":1,"s:25:2:48:Infinity":7,"s:26:4:26:Infinity":8,"s:29:4:29:Infinity":9,"s:30:3:30:Infinity":10,"s:33:4:33:Infinity":11,"s:34:3:36:Infinity":12,"f:34:34:34:35":0,"s:35:6:35:Infinity":13,"s:39:4:39:Infinity":14,"s:42:4:42:Infinity":15,"s:44:4:44:Infinity":16,"s:45:4:45:Infinity":17,"s:47:4:47:Infinity":18,"s:50:2:50:Infinity":19,"s:53:26:55:1":20,"f:53:26:53:27":1,"b:54:2:54:Infinity:undefined:undefined:undefined:undefined":2,"s:54:2:54:Infinity":21,"s:54:16:54:Infinity":22,"s:57:23:59:1":23,"f:57:23:57:24":2,"b:58:2:58:Infinity:undefined:undefined:undefined:undefined":3,"s:58:2:58:Infinity":24,"s:58:16:58:Infinity":25,"s:64:35:76:1":26,"f:64:35:64:40":3,"b:65:2:73:Infinity:undefined:undefined:undefined:undefined":4,"s:65:2:73:Infinity":27,"b:65:6:65:8:65:12:65:18":5,"s:66:4:72:Infinity":28,"s:67:6:67:Infinity":29,"s:68:6:68:Infinity":30,"s:70:6:70:Infinity":31,"s:71:6:71:Infinity":32,"s:75:2:75:Infinity":33,"s:81:34:93:1":34,"f:81:34:81:39":4,"b:82:2:91:Infinity:undefined:undefined:undefined:undefined":6,"s:82:2:91:Infinity":35,"b:82:6:82:8:82:12:82:18":7,"s:83:4:90:Infinity":36,"s:84:20:84:45":37,"s:85:19:85:39":38,"s:86:6:86:Infinity":39,"b:86:29:86:40:86:43:86:47":8,"s:88:6:88:Infinity":40,"s:89:6:89:Infinity":41,"s:92:2:92:Infinity":42,"s:95:30:107:1":43,"f:95:30:95:35":5,"b:96:2:105:Infinity:undefined:undefined:undefined:undefined":9,"s:96:2:105:Infinity":44,"b:96:6:96:8:96:12:96:34":10,"s:97:4:104:Infinity":45,"s:98:20:98:59":46,"s:99:19:99:39":47,"s:100:6:100:Infinity":48,"b:100:29:100:49:100:52:100:56":11,"s:102:6:102:Infinity":49,"s:103:6:103:Infinity":50,"s:106:2:106:Infinity":51,"s:109:31:117:1":52,"f:109:31:109:36":6,"b:110:2:116:Infinity:undefined:undefined:undefined:undefined":12,"s:110:2:116:Infinity":53,"b:110:6:110:8:110:12:110:34":13,"s:111:4:115:Infinity":54,"s:112:6:112:Infinity":55,"s:114:6:114:Infinity":56,"s:119:28:131:1":57,"f:119:28:119:33":7,"b:120:2:129:Infinity:undefined:undefined:undefined:undefined":14,"s:120:2:129:Infinity":58,"b:120:6:120:13:120:17:120:23":15,"s:121:4:128:Infinity":59,"s:122:24:122:58":60,"s:123:6:123:Infinity":61,"s:124:6:124:Infinity":62,"s:126:6:126:Infinity":63,"s:127:6:127:Infinity":64,"s:130:2:130:Infinity":65}}}
,"D:\\Election Process education\\src\\utils\\translations.js": {"path":"D:\\Election Process education\\src\\utils\\translations.js","statementMap":{"0":{"start":{"line":1,"column":31},"end":{"line":8,"column":1}},"1":{"start":{"line":10,"column":28},"end":{"line":145,"column":1}},"2":{"start":{"line":147,"column":0},"end":{"line":186,"column":null}},"3":{"start":{"line":188,"column":0},"end":{"line":227,"column":null}},"4":{"start":{"line":229,"column":0},"end":{"line":268,"column":null}},"5":{"start":{"line":270,"column":25},"end":{"line":475,"column":1}},"6":{"start":{"line":477,"column":0},"end":{"line":494,"column":null}},"7":{"start":{"line":496,"column":0},"end":{"line":512,"column":null}},"8":{"start":{"line":514,"column":0},"end":{"line":549,"column":null}},"9":{"start":{"line":551,"column":0},"end":{"line":587,"column":null}},"10":{"start":{"line":589,"column":0},"end":{"line":591,"column":null}},"11":{"start":{"line":590,"column":2},"end":{"line":590,"column":null}},"12":{"start":{"line":594,"column":16},"end":{"line":594,"column":81}},"13":{"start":{"line":595,"column":2},"end":{"line":598,"column":null}},"14":{"start":{"line":596,"column":35},"end":{"line":596,"column":78}}},"fnMap":{"0":{"name":"(anonymous_0)","decl":{"start":{"line":589,"column":41},"end":{"line":589,"column":42}},"loc":{"start":{"line":589,"column":65},"end":{"line":591,"column":1}},"line":589},"1":{"name":"getTranslation","decl":{"start":{"line":593,"column":16},"end":{"line":593,"column":30}},"loc":{"start":{"line":593,"column":59},"end":{"line":599,"column":null}},"line":593},"2":{"name":"(anonymous_2)","decl":{"start":{"line":596,"column":4},"end":{"line":596,"column":5}},"loc":{"start":{"line":596,"column":35},"end":{"line":596,"column":78}},"line":596}},"branchMap":{"0":{"loc":{"start":{"line":593,"column":46},"end":{"line":593,"column":57}},"type":"default-arg","locations":[{"start":{"line":593,"column":55},"end":{"line":593,"column":57}}],"line":593},"1":{"loc":{"start":{"line":594,"column":16},"end":{"line":594,"column":81}},"type":"binary-expr","locations":[{"start":{"line":594,"column":16},"end":{"line":594,"column":45}},{"start":{"line":594,"column":49},"end":{"line":594,"column":74}},{"start":{"line":594,"column":78},"end":{"line":594,"column":81}}],"line":594}},"s":{"0":3,"1":3,"2":3,"3":3,"4":3,"5":3,"6":3,"7":3,"8":3,"9":3,"10":3,"11":18,"12":42,"13":42,"14":0},"f":{"0":18,"1":42,"2":0},"b":{"0":[42],"1":[42,0,0]},"meta":{"lastBranch":2,"lastFunction":3,"lastStatement":15,"seen":{"s:1:31:8:1":0,"s:10:28:145:1":1,"s:147:0:186:Infinity":2,"s:188:0:227:Infinity":3,"s:229:0:268:Infinity":4,"s:270:25:475:1":5,"s:477:0:494:Infinity":6,"s:496:0:512:Infinity":7,"s:514:0:549:Infinity":8,"s:551:0:587:Infinity":9,"s:589:0:591:Infinity":10,"f:589:41:589:42":0,"s:590:2:590:Infinity":11,"f:593:16:593:30":1,"b:593:55:593:57":0,"s:594:16:594:81":12,"b:594:16:594:45:594:49:594:74:594:78:594:81":1,"s:595:2:598:Infinity":13,"f:596:4:596:5":2,"s:596:35:596:78":14}}}
}
