{"D:\\Election Process education\\src\\App.jsx": {"path":"D:\\Election Process education\\src\\App.jsx","statementMap":{"0":{"start":{"line":6,"column":6},"end":{"line":6,"column":null}},"1":{"start":{"line":6,"column":29},"end":{"line":6,"column":null}},"2":{"start":{"line":7,"column":6},"end":{"line":7,"column":null}},"3":{"start":{"line":7,"column":25},"end":{"line":7,"column":null}},"4":{"start":{"line":9,"column":17},"end":{"line":15,"column":null}},"5":{"start":{"line":18,"column":2},"end":{"line":18,"column":null}},"6":{"start":{"line":18,"column":37},"end":{"line":18,"column":null}},"7":{"start":{"line":19,"column":2},"end":{"line":23,"column":null}},"8":{"start":{"line":20,"column":18},"end":{"line":20,"column":62}},"9":{"start":{"line":21,"column":4},"end":{"line":21,"column":null}},"10":{"start":{"line":23,"column":4},"end":{"line":23,"column":null}},"11":{"start":{"line":28,"column":2},"end":{"line":28,"column":null}},"12":{"start":{"line":28,"column":29},"end":{"line":28,"column":null}},"13":{"start":{"line":29,"column":2},"end":{"line":29,"column":null}},"14":{"start":{"line":29,"column":44},"end":{"line":29,"column":null}},"15":{"start":{"line":30,"column":2},"end":{"line":30,"column":null}},"16":{"start":{"line":30,"column":39},"end":{"line":30,"column":null}},"17":{"start":{"line":31,"column":2},"end":{"line":31,"column":null}},"18":{"start":{"line":31,"column":43},"end":{"line":31,"column":null}},"19":{"start":{"line":32,"column":2},"end":{"line":32,"column":null}},"20":{"start":{"line":32,"column":43},"end":{"line":32,"column":null}},"21":{"start":{"line":33,"column":2},"end":{"line":33,"column":null}},"22":{"start":{"line":33,"column":50},"end":{"line":33,"column":null}},"23":{"start":{"line":34,"column":2},"end":{"line":34,"column":null}},"24":{"start":{"line":34,"column":47},"end":{"line":34,"column":null}},"25":{"start":{"line":35,"column":2},"end":{"line":35,"column":null}},"26":{"start":{"line":35,"column":60},"end":{"line":35,"column":null}},"27":{"start":{"line":36,"column":2},"end":{"line":36,"column":null}},"28":{"start":{"line":40,"column":22},"end":{"line":40,"column":61}},"29":{"start":{"line":41,"column":33},"end":{"line":41,"column":52}},"30":{"start":{"line":42,"column":24},"end":{"line":42,"column":56}},"31":{"start":{"line":44,"column":8},"end":{"line":46,"column":null}},"32":{"start":{"line":45,"column":4},"end":{"line":45,"column":null}},"33":{"start":{"line":46,"column":4},"end":{"line":46,"column":null}},"34":{"start":{"line":46,"column":33},"end":{"line":46,"column":93}},"35":{"start":{"line":49,"column":2},"end":{"line":56,"column":null}},"36":{"start":{"line":50,"column":4},"end":{"line":50,"column":null}},"37":{"start":{"line":50,"column":39},"end":{"line":50,"column":null}},"38":{"start":{"line":51,"column":4},"end":{"line":53,"column":null}},"39":{"start":{"line":52,"column":6},"end":{"line":52,"column":null}},"40":{"start":{"line":53,"column":6},"end":{"line":53,"column":null}},"41":{"start":{"line":55,"column":4},"end":{"line":55,"column":null}},"42":{"start":{"line":58,"column":2},"end":{"line":62,"column":null}},"43":{"start":{"line":59,"column":4},"end":{"line":60,"column":null}},"44":{"start":{"line":60,"column":6},"end":{"line":60,"column":null}},"45":{"start":{"line":64,"column":2},"end":{"line":76,"column":null}},"46":{"start":{"line":65,"column":4},"end":{"line":65,"column":null}},"47":{"start":{"line":65,"column":22},"end":{"line":65,"column":null}},"48":{"start":{"line":67,"column":4},"end":{"line":74,"column":null}},"49":{"start":{"line":71,"column":6},"end":{"line":74,"column":null}},"50":{"start":{"line":78,"column":2},"end":{"line":163,"column":null}},"51":{"start":{"line":108,"column":31},"end":{"line":108,"column":61}},"52":{"start":{"line":124,"column":14},"end":{"line":136,"column":null}},"53":{"start":{"line":128,"column":18},"end":{"line":131,"column":null}}},"fnMap":{"0":{"name":"(anonymous_0)","decl":{"start":{"line":6,"column":18},"end":{"line":6,"column":29}},"loc":{"start":{"line":6,"column":29},"end":{"line":6,"column":null}},"line":6},"1":{"name":"(anonymous_1)","decl":{"start":{"line":7,"column":14},"end":{"line":7,"column":25}},"loc":{"start":{"line":7,"column":25},"end":{"line":7,"column":null}},"line":7},"2":{"name":"loadProfile","decl":{"start":{"line":17,"column":9},"end":{"line":17,"column":23}},"loc":{"start":{"line":17,"column":23},"end":{"line":23,"column":null}},"line":17},"3":{"name":"getVoterTypeKey","decl":{"start":{"line":27,"column":9},"end":{"line":27,"column":25}},"loc":{"start":{"line":27,"column":34},"end":{"line":36,"column":null}},"line":27},"4":{"name":"App","decl":{"start":{"line":39,"column":24},"end":{"line":39,"column":30}},"loc":{"start":{"line":39,"column":30},"end":{"line":163,"column":null}},"line":39},"5":{"name":"(anonymous_5)","decl":{"start":{"line":44,"column":8},"end":{"line":44,"column":26}},"loc":{"start":{"line":44,"column":43},"end":{"line":46,"column":null}},"line":44},"6":{"name":"(anonymous_6)","decl":{"start":{"line":46,"column":4},"end":{"line":46,"column":20}},"loc":{"start":{"line":46,"column":33},"end":{"line":46,"column":93}},"line":46},"7":{"name":"(anonymous_7)","decl":{"start":{"line":49,"column":2},"end":{"line":49,"column":18}},"loc":{"start":{"line":49,"column":18},"end":{"line":56,"column":6}},"line":49},"8":{"name":"(anonymous_8)","decl":{"start":{"line":58,"column":2},"end":{"line":58,"column":18}},"loc":{"start":{"line":58,"column":18},"end":{"line":62,"column":6}},"line":58},"9":{"name":"(anonymous_9)","decl":{"start":{"line":64,"column":2},"end":{"line":64,"column":18}},"loc":{"start":{"line":64,"column":18},"end":{"line":76,"column":6}},"line":64},"10":{"name":"(anonymous_10)","decl":{"start":{"line":108,"column":14},"end":{"line":108,"column":25}},"loc":{"start":{"line":108,"column":31},"end":{"line":108,"column":61}},"line":108},"11":{"name":"(anonymous_11)","decl":{"start":{"line":123,"column":22},"end":{"line":123,"column":27}},"loc":{"start":{"line":124,"column":14},"end":{"line":136,"column":null}},"line":124},"12":{"name":"(anonymous_12)","decl":{"start":{"line":127,"column":16},"end":{"line":127,"column":28}},"loc":{"start":{"line":128,"column":18},"end":{"line":131,"column":null}},"line":128}},"branchMap":{"0":{"loc":{"start":{"line":18,"column":2},"end":{"line":18,"column":null}},"type":"if","locations":[{"start":{"line":18,"column":2},"end":{"line":18,"column":null}},{"start":{},"end":{}}],"line":18},"1":{"loc":{"start":{"line":21,"column":11},"end":{"line":21,"column":null}},"type":"cond-expr","locations":[{"start":{"line":21,"column":19},"end":{"line":21,"column":36}},{"start":{"line":21,"column":39},"end":{"line":21,"column":null}}],"line":21},"2":{"loc":{"start":{"line":28,"column":2},"end":{"line":28,"column":null}},"type":"if","locations":[{"start":{"line":28,"column":2},"end":{"line":28,"column":null}},{"start":{},"end":{}}],"line":28},"3":{"loc":{"start":{"line":29,"column":2},"end":{"line":29,"column":null}},"type":"if","locations":[{"start":{"line":29,"column":2},"end":{"line":29,"column":null}},{"start":{},"end":{}}],"line":29},"4":{"loc":{"start":{"line":30,"column":2},"end":{"line":30,"column":null}},"type":"if","locations":[{"start":{"line":30,"column":2},"end":{"line":30,"column":null}},{"start":{},"end":{}}],"line":30},"5":{"loc":{"start":{"line":31,"column":2},"end":{"line":31,"column":null}},"type":"if","locations":[{"start":{"line":31,"column":2},"end":{"line":31,"column":null}},{"start":{},"end":{}}],"line":31},"6":{"loc":{"start":{"line":32,"column":2},"end":{"line":32,"column":null}},"type":"if","locations":[{"start":{"line":32,"column":2},"end":{"line":32,"column":null}},{"start":{},"end":{}}],"line":32},"7":{"loc":{"start":{"line":33,"column":2},"end":{"line":33,"column":null}},"type":"if","locations":[{"start":{"line":33,"column":2},"end":{"line":33,"column":null}},{"start":{},"end":{}}],"line":33},"8":{"loc":{"start":{"line":34,"column":2},"end":{"line":34,"column":null}},"type":"if","locations":[{"start":{"line":34,"column":2},"end":{"line":34,"column":null}},{"start":{},"end":{}}],"line":34},"9":{"loc":{"start":{"line":35,"column":2},"end":{"line":35,"column":null}},"type":"if","locations":[{"start":{"line":35,"column":2},"end":{"line":35,"column":null}},{"start":{},"end":{}}],"line":35},"10":{"loc":{"start":{"line":46,"column":33},"end":{"line":46,"column":93}},"type":"cond-expr","locations":[{"start":{"line":46,"column":43},"end":{"line":46,"column":84}},{"start":{"line":46,"column":84},"end":{"line":46,"column":93}}],"line":46},"11":{"loc":{"start":{"line":50,"column":4},"end":{"line":50,"column":null}},"type":"if","locations":[{"start":{"line":50,"column":4},"end":{"line":50,"column":null}},{"start":{},"end":{}}],"line":50},"12":{"loc":{"start":{"line":51,"column":4},"end":{"line":53,"column":null}},"type":"if","locations":[{"start":{"line":51,"column":4},"end":{"line":53,"column":null}},{"start":{},"end":{}}],"line":51},"13":{"loc":{"start":{"line":59,"column":4},"end":{"line":60,"column":null}},"type":"if","locations":[{"start":{"line":59,"column":4},"end":{"line":60,"column":null}},{"start":{},"end":{}}],"line":59},"14":{"loc":{"start":{"line":59,"column":8},"end":{"line":59,"column":68}},"type":"binary-expr","locations":[{"start":{"line":59,"column":8},"end":{"line":59,"column":33}},{"start":{"line":59,"column":33},"end":{"line":59,"column":68}}],"line":59},"15":{"loc":{"start":{"line":65,"column":4},"end":{"line":65,"column":null}},"type":"if","locations":[{"start":{"line":65,"column":4},"end":{"line":65,"column":null}},{"start":{},"end":{}}],"line":65},"16":{"loc":{"start":{"line":67,"column":4},"end":{"line":74,"column":null}},"type":"if","locations":[{"start":{"line":67,"column":4},"end":{"line":74,"column":null}},{"start":{},"end":{}}],"line":67},"17":{"loc":{"start":{"line":68,"column":6},"end":{"line":69,"column":null}},"type":"binary-expr","locations":[{"start":{"line":68,"column":6},"end":{"line":68,"column":null}},{"start":{"line":69,"column":6},"end":{"line":69,"column":null}}],"line":68},"18":{"loc":{"start":{"line":72,"column":19},"end":{"line":72,"column":null}},"type":"binary-expr","locations":[{"start":{"line":72,"column":19},"end":{"line":72,"column":44}},{"start":{"line":72,"column":44},"end":{"line":72,"column":null}}],"line":72},"19":{"loc":{"start":{"line":73,"column":18},"end":{"line":73,"column":null}},"type":"binary-expr","locations":[{"start":{"line":73,"column":18},"end":{"line":73,"column":42}},{"start":{"line":73,"column":42},"end":{"line":73,"column":null}}],"line":73},"20":{"loc":{"start":{"line":95,"column":13},"end":{"line":99,"column":null}},"type":"cond-expr","locations":[{"start":{"line":96,"column":14},"end":{"line":99,"column":null}},{"start":{"line":99,"column":16},"end":{"line":99,"column":null}}],"line":95},"21":{"loc":{"start":{"line":129,"column":20},"end":{"line":131,"column":null}},"type":"cond-expr","locations":[{"start":{"line":130,"column":24},"end":{"line":130,"column":null}},{"start":{"line":131,"column":24},"end":{"line":131,"column":null}}],"line":129},"22":{"loc":{"start":{"line":150,"column":16},"end":{"line":153,"column":null}},"type":"cond-expr","locations":[{"start":{"line":151,"column":18},"end":{"line":153,"column":19}},{"start":{"line":153,"column":18},"end":{"line":153,"column":null}}],"line":150},"23":{"loc":{"start":{"line":157,"column":46},"end":{"line":157,"column":149}},"type":"cond-expr","locations":[{"start":{"line":157,"column":60},"end":{"line":157,"column":119}},{"start":{"line":157,"column":118},"end":{"line":157,"column":149}}],"line":157},"24":{"loc":{"start":{"line":158,"column":45},"end":{"line":158,"column":147}},"type":"cond-expr","locations":[{"start":{"line":158,"column":59},"end":{"line":158,"column":117}},{"start":{"line":158,"column":116},"end":{"line":158,"column":147}}],"line":158},"25":{"loc":{"start":{"line":159,"column":40},"end":{"line":159,"column":137}},"type":"cond-expr","locations":[{"start":{"line":159,"column":54},"end":{"line":159,"column":107}},{"start":{"line":159,"column":106},"end":{"line":159,"column":137}}],"line":159},"26":{"loc":{"start":{"line":160,"column":47},"end":{"line":160,"column":146}},"type":"cond-expr","locations":[{"start":{"line":160,"column":61},"end":{"line":160,"column":116}},{"start":{"line":160,"column":115},"end":{"line":160,"column":146}}],"line":160}},"s":{"0":1,"1":0,"2":1,"3":1,"4":1,"5":4,"6":0,"7":4,"8":4,"9":4,"10":0,"11":0,"12":0,"13":0,"14":0,"15":0,"16":0,"17":0,"18":0,"19":0,"20":0,"21":0,"22":0,"23":0,"24":0,"25":0,"26":0,"27":0,"28":5,"29":5,"30":5,"31":5,"32":1,"33":1,"34":1,"35":5,"36":4,"37":0,"38":4,"39":0,"40":0,"41":4,"42":5,"43":5,"44":0,"45":5,"46":4,"47":4,"48":0,"49":0,"50":5,"51":1,"52":25,"53":25},"f":{"0":0,"1":1,"2":4,"3":0,"4":5,"5":1,"6":1,"7":4,"8":5,"9":4,"10":1,"11":25,"12":25},"b":{"0":[0,4],"1":[0,4],"2":[0,0],"3":[0,0],"4":[0,0],"5":[0,0],"6":[0,0],"7":[0,0],"8":[0,0],"9":[0,0],"10":[0,1],"11":[0,4],"12":[0,4],"13":[0,5],"14":[5,0],"15":[4,0],"16":[0,0],"17":[0,0],"18":[0,0],"19":[0,0],"20":[0,5],"21":[0,25],"22":[0,5],"23":[0,5],"24":[0,5],"25":[0,5],"26":[0,5]},"meta":{"lastBranch":27,"lastFunction":13,"lastStatement":54,"seen":{"s:6:6:6:Infinity":0,"f:6:18:6:29":0,"s:6:29:6:Infinity":1,"s:7:6:7:Infinity":2,"f:7:14:7:25":1,"s:7:25:7:Infinity":3,"s:9:17:15:Infinity":4,"f:17:9:17:23":2,"b:18:2:18:Infinity:undefined:undefined:undefined:undefined":0,"s:18:2:18:Infinity":5,"s:18:37:18:Infinity":6,"s:19:2:23:Infinity":7,"s:20:18:20:62":8,"s:21:4:21:Infinity":9,"b:21:19:21:36:21:39:21:Infinity":1,"s:23:4:23:Infinity":10,"f:27:9:27:25":3,"b:28:2:28:Infinity:undefined:undefined:undefined:undefined":2,"s:28:2:28:Infinity":11,"s:28:29:28:Infinity":12,"b:29:2:29:Infinity:undefined:undefined:undefined:undefined":3,"s:29:2:29:Infinity":13,"s:29:44:29:Infinity":14,"b:30:2:30:Infinity:undefined:undefined:undefined:undefined":4,"s:30:2:30:Infinity":15,"s:30:39:30:Infinity":16,"b:31:2:31:Infinity:undefined:undefined:undefined:undefined":5,"s:31:2:31:Infinity":17,"s:31:43:31:Infinity":18,"b:32:2:32:Infinity:undefined:undefined:undefined:undefined":6,"s:32:2:32:Infinity":19,"s:32:43:32:Infinity":20,"b:33:2:33:Infinity:undefined:undefined:undefined:undefined":7,"s:33:2:33:Infinity":21,"s:33:50:33:Infinity":22,"b:34:2:34:Infinity:undefined:undefined:undefined:undefined":8,"s:34:2:34:Infinity":23,"s:34:47:34:Infinity":24,"b:35:2:35:Infinity:undefined:undefined:undefined:undefined":9,"s:35:2:35:Infinity":25,"s:35:60:35:Infinity":26,"s:36:2:36:Infinity":27,"f:39:24:39:30":4,"s:40:22:40:61":28,"s:41:33:41:52":29,"s:42:24:42:56":30,"s:44:8:46:Infinity":31,"f:44:8:44:26":5,"s:45:4:45:Infinity":32,"s:46:4:46:Infinity":33,"f:46:4:46:20":6,"s:46:33:46:93":34,"b:46:43:46:84:46:84:46:93":10,"s:49:2:56:Infinity":35,"f:49:2:49:18":7,"b:50:4:50:Infinity:undefined:undefined:undefined:undefined":11,"s:50:4:50:Infinity":36,"s:50:39:50:Infinity":37,"b:51:4:53:Infinity:undefined:undefined:undefined:undefined":12,"s:51:4:53:Infinity":38,"s:52:6:52:Infinity":39,"s:53:6:53:Infinity":40,"s:55:4:55:Infinity":41,"s:58:2:62:Infinity":42,"f:58:2:58:18":8,"b:59:4:60:Infinity:undefined:undefined:undefined:undefined":13,"s:59:4:60:Infinity":43,"b:59:8:59:33:59:33:59:68":14,"s:60:6:60:Infinity":44,"s:64:2:76:Infinity":45,"f:64:2:64:18":9,"b:65:4:65:Infinity:undefined:undefined:undefined:undefined":15,"s:65:4:65:Infinity":46,"s:65:22:65:Infinity":47,"b:67:4:74:Infinity:undefined:undefined:undefined:undefined":16,"s:67:4:74:Infinity":48,"b:68:6:68:Infinity:69:6:69:Infinity":17,"s:71:6:74:Infinity":49,"b:72:19:72:44:72:44:72:Infinity":18,"b:73:18:73:42:73:42:73:Infinity":19,"s:78:2:163:Infinity":50,"b:96:14:99:Infinity:99:16:99:Infinity":20,"f:108:14:108:25":10,"s:108:31:108:61":51,"f:123:22:123:27":11,"s:124:14:136:Infinity":52,"f:127:16:127:28":12,"s:128:18:131:Infinity":53,"b:130:24:130:Infinity:131:24:131:Infinity":21,"b:151:18:153:19:153:18:153:Infinity":22,"b:157:60:157:119:157:118:157:149":23,"b:158:59:158:117:158:116:158:147":24,"b:159:54:159:107:159:106:159:137":25,"b:160:61:160:116:160:115:160:146":26}}}
,"D:\\Election Process education\\src\\components\\ChatAssistant.jsx": {"path":"D:\\Election Process education\\src\\components\\ChatAssistant.jsx","statementMap":{"0":{"start":{"line":8,"column":20},"end":{"line":8,"column":39}},"1":{"start":{"line":9,"column":10},"end":{"line":9,"column":39}},"2":{"start":{"line":10,"column":17},"end":{"line":10,"column":null}},"3":{"start":{"line":12,"column":8},"end":{"line":12,"column":37}},"4":{"start":{"line":13,"column":19},"end":{"line":13,"column":46}},"5":{"start":{"line":14,"column":16},"end":{"line":14,"column":40}},"6":{"start":{"line":15,"column":19},"end":{"line":15,"column":49}},"7":{"start":{"line":17,"column":2},"end":{"line":33,"column":null}},"8":{"start":{"line":18,"column":24},"end":{"line":29,"column":null}},"9":{"start":{"line":19,"column":22},"end":{"line":19,"column":44}},"10":{"start":{"line":20,"column":6},"end":{"line":29,"column":null}},"11":{"start":{"line":21,"column":8},"end":{"line":21,"column":null}},"12":{"start":{"line":23,"column":8},"end":{"line":29,"column":null}},"13":{"start":{"line":32,"column":4},"end":{"line":32,"column":null}},"14":{"start":{"line":35,"column":2},"end":{"line":39,"column":null}},"15":{"start":{"line":36,"column":22},"end":{"line":36,"column":null}},"16":{"start":{"line":37,"column":4},"end":{"line":37,"column":null}},"17":{"start":{"line":37,"column":20},"end":{"line":37,"column":null}},"18":{"start":{"line":38,"column":4},"end":{"line":38,"column":null}},"19":{"start":{"line":41,"column":24},"end":{"line":60,"column":null}},"20":{"start":{"line":42,"column":18},"end":{"line":42,"column":null}},"21":{"start":{"line":43,"column":4},"end":{"line":43,"column":null}},"22":{"start":{"line":43,"column":35},"end":{"line":43,"column":null}},"23":{"start":{"line":45,"column":24},"end":{"line":45,"column":78}},"24":{"start":{"line":46,"column":4},"end":{"line":46,"column":null}},"25":{"start":{"line":47,"column":4},"end":{"line":47,"column":null}},"26":{"start":{"line":48,"column":4},"end":{"line":48,"column":null}},"27":{"start":{"line":51,"column":4},"end":{"line":51,"column":null}},"28":{"start":{"line":53,"column":18},"end":{"line":53,"column":114}},"29":{"start":{"line":55,"column":26},"end":{"line":55,"column":88}},"30":{"start":{"line":56,"column":4},"end":{"line":56,"column":null}},"31":{"start":{"line":57,"column":4},"end":{"line":57,"column":null}},"32":{"start":{"line":60,"column":4},"end":{"line":60,"column":null}},"33":{"start":{"line":63,"column":2},"end":{"line":187,"column":null}},"34":{"start":{"line":94,"column":35},"end":{"line":94,"column":null}},"35":{"start":{"line":95,"column":39},"end":{"line":95,"column":52}},"36":{"start":{"line":96,"column":37},"end":{"line":96,"column":null}},"37":{"start":{"line":97,"column":16},"end":{"line":105,"column":null}},"38":{"start":{"line":101,"column":33},"end":{"line":101,"column":94}},"39":{"start":{"line":131,"column":14},"end":{"line":140,"column":null}},"40":{"start":{"line":169,"column":37},"end":{"line":169,"column":65}},"41":{"start":{"line":171,"column":18},"end":{"line":173,"column":null}},"42":{"start":{"line":172,"column":20},"end":{"line":172,"column":null}},"43":{"start":{"line":173,"column":20},"end":{"line":173,"column":null}},"44":{"start":{"line":181,"column":31},"end":{"line":181,"column":46}}},"fnMap":{"0":{"name":"ChatAssistant","decl":{"start":{"line":7,"column":24},"end":{"line":7,"column":38}},"loc":{"start":{"line":7,"column":63},"end":{"line":187,"column":null}},"line":7},"1":{"name":"(anonymous_1)","decl":{"start":{"line":17,"column":2},"end":{"line":17,"column":18}},"loc":{"start":{"line":17,"column":18},"end":{"line":33,"column":6}},"line":17},"2":{"name":"(anonymous_2)","decl":{"start":{"line":18,"column":24},"end":{"line":18,"column":36}},"loc":{"start":{"line":18,"column":36},"end":{"line":29,"column":null}},"line":18},"3":{"name":"(anonymous_3)","decl":{"start":{"line":35,"column":2},"end":{"line":35,"column":18}},"loc":{"start":{"line":35,"column":18},"end":{"line":39,"column":6}},"line":35},"4":{"name":"(anonymous_4)","decl":{"start":{"line":41,"column":24},"end":{"line":41,"column":31}},"loc":{"start":{"line":41,"column":42},"end":{"line":60,"column":null}},"line":41},"5":{"name":"(anonymous_5)","decl":{"start":{"line":93,"column":35},"end":{"line":93,"column":40}},"loc":{"start":{"line":93,"column":51},"end":{"line":105,"column":null}},"line":93},"6":{"name":"(anonymous_6)","decl":{"start":{"line":101,"column":18},"end":{"line":101,"column":33}},"loc":{"start":{"line":101,"column":33},"end":{"line":101,"column":94}},"line":101},"7":{"name":"(anonymous_7)","decl":{"start":{"line":130,"column":22},"end":{"line":130,"column":27}},"loc":{"start":{"line":131,"column":14},"end":{"line":140,"column":null}},"line":131},"8":{"name":"(anonymous_8)","decl":{"start":{"line":169,"column":16},"end":{"line":169,"column":27}},"loc":{"start":{"line":169,"column":37},"end":{"line":169,"column":65}},"line":169},"9":{"name":"(anonymous_9)","decl":{"start":{"line":170,"column":16},"end":{"line":170,"column":28}},"loc":{"start":{"line":170,"column":38},"end":{"line":173,"column":null}},"line":170},"10":{"name":"(anonymous_10)","decl":{"start":{"line":181,"column":16},"end":{"line":181,"column":31}},"loc":{"start":{"line":181,"column":31},"end":{"line":181,"column":46}},"line":181}},"branchMap":{"0":{"loc":{"start":{"line":7,"column":40},"end":{"line":7,"column":63}},"type":"default-arg","locations":[{"start":{"line":7,"column":55},"end":{"line":7,"column":63}}],"line":7},"1":{"loc":{"start":{"line":10,"column":17},"end":{"line":10,"column":null}},"type":"binary-expr","locations":[{"start":{"line":10,"column":17},"end":{"line":10,"column":59}},{"start":{"line":10,"column":59},"end":{"line":10,"column":null}}],"line":10},"2":{"loc":{"start":{"line":20,"column":6},"end":{"line":29,"column":null}},"type":"if","locations":[{"start":{"line":20,"column":6},"end":{"line":29,"column":null}},{"start":{"line":22,"column":13},"end":{"line":29,"column":null}}],"line":20},"3":{"loc":{"start":{"line":20,"column":10},"end":{"line":20,"column":78}},"type":"binary-expr","locations":[{"start":{"line":20,"column":10},"end":{"line":20,"column":21}},{"start":{"line":20,"column":21},"end":{"line":20,"column":43}},{"start":{"line":20,"column":43},"end":{"line":20,"column":78}}],"line":20},"4":{"loc":{"start":{"line":37,"column":4},"end":{"line":37,"column":null}},"type":"if","locations":[{"start":{"line":37,"column":4},"end":{"line":37,"column":null}},{"start":{},"end":{}}],"line":37},"5":{"loc":{"start":{"line":42,"column":18},"end":{"line":42,"column":null}},"type":"binary-expr","locations":[{"start":{"line":42,"column":18},"end":{"line":42,"column":34}},{"start":{"line":42,"column":34},"end":{"line":42,"column":null}}],"line":42},"6":{"loc":{"start":{"line":43,"column":4},"end":{"line":43,"column":null}},"type":"if","locations":[{"start":{"line":43,"column":4},"end":{"line":43,"column":null}},{"start":{},"end":{}}],"line":43},"7":{"loc":{"start":{"line":43,"column":8},"end":{"line":43,"column":35}},"type":"binary-expr","locations":[{"start":{"line":43,"column":8},"end":{"line":43,"column":21}},{"start":{"line":43,"column":25},"end":{"line":43,"column":35}}],"line":43},"8":{"loc":{"start":{"line":66,"column":8},"end":{"line":68,"column":null}},"type":"cond-expr","locations":[{"start":{"line":67,"column":12},"end":{"line":67,"column":null}},{"start":{"line":68,"column":12},"end":{"line":68,"column":null}}],"line":66},"9":{"loc":{"start":{"line":88,"column":43},"end":{"line":88,"column":null}},"type":"cond-expr","locations":[{"start":{"line":88,"column":58},"end":{"line":88,"column":85}},{"start":{"line":88,"column":85},"end":{"line":88,"column":null}}],"line":88},"10":{"loc":{"start":{"line":94,"column":35},"end":{"line":94,"column":null}},"type":"binary-expr","locations":[{"start":{"line":94,"column":35},"end":{"line":94,"column":50}},{"start":{"line":94,"column":50},"end":{"line":94,"column":null}}],"line":94},"11":{"loc":{"start":{"line":96,"column":37},"end":{"line":96,"column":null}},"type":"binary-expr","locations":[{"start":{"line":96,"column":37},"end":{"line":96,"column":54}},{"start":{"line":96,"column":54},"end":{"line":96,"column":null}}],"line":96},"12":{"loc":{"start":{"line":113,"column":15},"end":{"line":115,"column":null}},"type":"cond-expr","locations":[{"start":{"line":114,"column":18},"end":{"line":114,"column":73}},{"start":{"line":115,"column":18},"end":{"line":115,"column":null}}],"line":113},"13":{"loc":{"start":{"line":128,"column":72},"end":{"line":128,"column":127}},"type":"cond-expr","locations":[{"start":{"line":128,"column":87},"end":{"line":128,"column":111}},{"start":{"line":128,"column":111},"end":{"line":128,"column":127}}],"line":128},"14":{"loc":{"start":{"line":134,"column":18},"end":{"line":136,"column":null}},"type":"cond-expr","locations":[{"start":{"line":135,"column":22},"end":{"line":135,"column":null}},{"start":{"line":136,"column":22},"end":{"line":136,"column":null}}],"line":134},"15":{"loc":{"start":{"line":142,"column":13},"end":{"line":157,"column":null}},"type":"cond-expr","locations":[{"start":{"line":143,"column":14},"end":{"line":157,"column":null}},{"start":{"line":157,"column":16},"end":{"line":157,"column":null}}],"line":142},"16":{"loc":{"start":{"line":171,"column":18},"end":{"line":173,"column":null}},"type":"if","locations":[{"start":{"line":171,"column":18},"end":{"line":173,"column":null}},{"start":{},"end":{}}],"line":171}},"s":{"0":10,"1":10,"2":10,"3":10,"4":10,"5":10,"6":10,"7":10,"8":2,"9":2,"10":2,"11":0,"12":2,"13":2,"14":10,"15":7,"16":7,"17":0,"18":7,"19":10,"20":3,"21":3,"22":1,"23":2,"24":2,"25":2,"26":2,"27":2,"28":2,"29":2,"30":2,"31":2,"32":2,"33":10,"34":27,"35":27,"36":27,"37":27,"38":1,"39":12,"40":2,"41":1,"42":1,"43":1,"44":1},"f":{"0":10,"1":2,"2":2,"3":7,"4":3,"5":27,"6":1,"7":12,"8":2,"9":1,"10":1},"b":{"0":[10],"1":[10,9],"2":[0,2],"3":[2,0,0],"4":[0,7],"5":[3,2],"6":[1,2],"7":[3,3],"8":[9,0],"9":[9,0],"10":[27,0],"11":[27,0],"12":[0,9],"13":[9,0],"14":[5,7],"15":[3,6],"16":[1,0]},"meta":{"lastBranch":17,"lastFunction":11,"lastStatement":45,"seen":{"f:7:24:7:38":0,"b:7:55:7:63":0,"s:8:20:8:39":0,"s:9:10:9:39":1,"s:10:17:10:Infinity":2,"b:10:17:10:59:10:59:10:Infinity":1,"s:12:8:12:37":3,"s:13:19:13:46":4,"s:14:16:14:40":5,"s:15:19:15:49":6,"s:17:2:33:Infinity":7,"f:17:2:17:18":1,"s:18:24:29:Infinity":8,"f:18:24:18:36":2,"s:19:22:19:44":9,"b:20:6:29:Infinity:22:13:29:Infinity":2,"s:20:6:29:Infinity":10,"b:20:10:20:21:20:21:20:43:20:43:20:78":3,"s:21:8:21:Infinity":11,"s:23:8:29:Infinity":12,"s:32:4:32:Infinity":13,"s:35:2:39:Infinity":14,"f:35:2:35:18":3,"s:36:22:36:Infinity":15,"b:37:4:37:Infinity:undefined:undefined:undefined:undefined":4,"s:37:4:37:Infinity":16,"s:37:20:37:Infinity":17,"s:38:4:38:Infinity":18,"s:41:24:60:Infinity":19,"f:41:24:41:31":4,"s:42:18:42:Infinity":20,"b:42:18:42:34:42:34:42:Infinity":5,"b:43:4:43:Infinity:undefined:undefined:undefined:undefined":6,"s:43:4:43:Infinity":21,"b:43:8:43:21:43:25:43:35":7,"s:43:35:43:Infinity":22,"s:45:24:45:78":23,"s:46:4:46:Infinity":24,"s:47:4:47:Infinity":25,"s:48:4:48:Infinity":26,"s:51:4:51:Infinity":27,"s:53:18:53:114":28,"s:55:26:55:88":29,"s:56:4:56:Infinity":30,"s:57:4:57:Infinity":31,"s:60:4:60:Infinity":32,"s:63:2:187:Infinity":33,"b:67:12:67:Infinity:68:12:68:Infinity":8,"b:88:58:88:85:88:85:88:Infinity":9,"f:93:35:93:40":5,"s:94:35:94:Infinity":34,"b:94:35:94:50:94:50:94:Infinity":10,"s:95:39:95:52":35,"s:96:37:96:Infinity":36,"b:96:37:96:54:96:54:96:Infinity":11,"s:97:16:105:Infinity":37,"f:101:18:101:33":6,"s:101:33:101:94":38,"b:114:18:114:73:115:18:115:Infinity":12,"b:128:87:128:111:128:111:128:127":13,"f:130:22:130:27":7,"s:131:14:140:Infinity":39,"b:135:22:135:Infinity:136:22:136:Infinity":14,"b:143:14:157:Infinity:157:16:157:Infinity":15,"f:169:16:169:27":8,"s:169:37:169:65":40,"f:170:16:170:28":9,"b:171:18:173:Infinity:undefined:undefined:undefined:undefined":16,"s:171:18:173:Infinity":41,"s:172:20:172:Infinity":42,"s:173:20:173:Infinity":43,"f:181:16:181:31":10,"s:181:31:181:46":44}}}
,"D:\\Election Process education\\src\\contexts\\LanguageContext.jsx": {"path":"D:\\Election Process education\\src\\contexts\\LanguageContext.jsx","statementMap":{"0":{"start":{"line":4,"column":6},"end":{"line":4,"column":39}},"1":{"start":{"line":6,"column":25},"end":{"line":13,"column":null}},"2":{"start":{"line":16,"column":19},"end":{"line":16,"column":53}},"3":{"start":{"line":17,"column":8},"end":{"line":17,"column":66}},"4":{"start":{"line":17,"column":18},"end":{"line":17,"column":66}},"5":{"start":{"line":19,"column":2},"end":{"line":22,"column":null}},"6":{"start":{"line":27,"column":2},"end":{"line":27,"column":null}}},"fnMap":{"0":{"name":"LanguageProvider","decl":{"start":{"line":15,"column":16},"end":{"line":15,"column":33}},"loc":{"start":{"line":15,"column":47},"end":{"line":22,"column":null}},"line":15},"1":{"name":"(anonymous_1)","decl":{"start":{"line":17,"column":8},"end":{"line":17,"column":13}},"loc":{"start":{"line":17,"column":18},"end":{"line":17,"column":66}},"line":17},"2":{"name":"useLanguage","decl":{"start":{"line":26,"column":16},"end":{"line":26,"column":30}},"loc":{"start":{"line":26,"column":30},"end":{"line":27,"column":null}},"line":26}},"branchMap":{},"s":{"0":4,"1":4,"2":16,"3":16,"4":293,"5":16,"6":28},"f":{"0":16,"1":293,"2":28},"b":{},"meta":{"lastBranch":0,"lastFunction":3,"lastStatement":7,"seen":{"s:4:6:4:39":0,"s:6:25:13:Infinity":1,"f:15:16:15:33":0,"s:16:19:16:53":2,"s:17:8:17:66":3,"f:17:8:17:13":1,"s:17:18:17:66":4,"s:19:2:22:Infinity":5,"f:26:16:26:30":2,"s:27:2:27:Infinity":6}}}
,"D:\\Election Process education\\src\\contexts\\ProfileContext.jsx": {"path":"D:\\Election Process education\\src\\contexts\\ProfileContext.jsx","statementMap":{"0":{"start":{"line":3,"column":6},"end":{"line":3,"column":42}},"1":{"start":{"line":5,"column":29},"end":{"line":125,"column":null}},"2":{"start":{"line":128,"column":23},"end":{"line":131,"column":4}},"3":{"start":{"line":133,"column":2},"end":{"line":136,"column":null}},"4":{"start":{"line":141,"column":2},"end":{"line":141,"column":null}}},"fnMap":{"0":{"name":"ProfileProvider","decl":{"start":{"line":127,"column":16},"end":{"line":127,"column":32}},"loc":{"start":{"line":127,"column":46},"end":{"line":136,"column":null}},"line":127},"1":{"name":"useProfile","decl":{"start":{"line":140,"column":16},"end":{"line":140,"column":29}},"loc":{"start":{"line":140,"column":29},"end":{"line":141,"column":null}},"line":140}},"branchMap":{},"s":{"0":6,"1":6,"2":18,"3":18,"4":28},"f":{"0":18,"1":28},"b":{},"meta":{"lastBranch":0,"lastFunction":2,"lastStatement":5,"seen":{"s:3:6:3:42":0,"s:5:29:125:Infinity":1,"f:127:16:127:32":0,"s:128:23:131:4":2,"s:133:2:136:Infinity":3,"f:140:16:140:29":1,"s:141:2:141:Infinity":4}}}
,"D:\\Election Process education\\src\\pages\\Dashboard.jsx": {"path":"D:\\Election Process education\\src\\pages\\Dashboard.jsx","statementMap":{"0":{"start":{"line":6,"column":6},"end":{"line":6,"column":null}},"1":{"start":{"line":6,"column":33},"end":{"line":6,"column":null}},"2":{"start":{"line":7,"column":6},"end":{"line":7,"column":null}},"3":{"start":{"line":7,"column":28},"end":{"line":7,"column":null}},"4":{"start":{"line":8,"column":6},"end":{"line":8,"column":null}},"5":{"start":{"line":8,"column":35},"end":{"line":8,"column":null}},"6":{"start":{"line":9,"column":6},"end":{"line":9,"column":null}},"7":{"start":{"line":9,"column":29},"end":{"line":9,"column":null}},"8":{"start":{"line":11,"column":24},"end":{"line":84,"column":null}},"9":{"start":{"line":86,"column":14},"end":{"line":90,"column":null}},"10":{"start":{"line":93,"column":2},"end":{"line":93,"column":null}},"11":{"start":{"line":97,"column":18},"end":{"line":97,"column":null}},"12":{"start":{"line":98,"column":10},"end":{"line":98,"column":29}},"13":{"start":{"line":100,"column":2},"end":{"line":173,"column":null}},"14":{"start":{"line":136,"column":12},"end":{"line":144,"column":null}},"15":{"start":{"line":155,"column":12},"end":{"line":163,"column":null}},"16":{"start":{"line":180,"column":10},"end":{"line":180,"column":39}},"17":{"start":{"line":181,"column":8},"end":{"line":181,"column":32}},"18":{"start":{"line":183,"column":24},"end":{"line":183,"column":null}},"19":{"start":{"line":184,"column":8},"end":{"line":186,"column":21}},"20":{"start":{"line":185,"column":4},"end":{"line":185,"column":null}},"21":{"start":{"line":188,"column":2},"end":{"line":194,"column":null}},"22":{"start":{"line":189,"column":4},"end":{"line":194,"column":null}},"23":{"start":{"line":198,"column":2},"end":{"line":204,"column":null}},"24":{"start":{"line":199,"column":4},"end":{"line":204,"column":null}},"25":{"start":{"line":208,"column":2},"end":{"line":214,"column":null}},"26":{"start":{"line":209,"column":4},"end":{"line":214,"column":null}},"27":{"start":{"line":218,"column":2},"end":{"line":224,"column":null}},"28":{"start":{"line":219,"column":4},"end":{"line":224,"column":null}},"29":{"start":{"line":228,"column":2},"end":{"line":233,"column":null}},"30":{"start":{"line":231,"column":29},"end":{"line":231,"column":51}},"31":{"start":{"line":232,"column":29},"end":{"line":232,"column":null}}},"fnMap":{"0":{"name":"(anonymous_0)","decl":{"start":{"line":6,"column":22},"end":{"line":6,"column":33}},"loc":{"start":{"line":6,"column":33},"end":{"line":6,"column":null}},"line":6},"1":{"name":"(anonymous_1)","decl":{"start":{"line":7,"column":17},"end":{"line":7,"column":28}},"loc":{"start":{"line":7,"column":28},"end":{"line":7,"column":null}},"line":7},"2":{"name":"(anonymous_2)","decl":{"start":{"line":8,"column":24},"end":{"line":8,"column":35}},"loc":{"start":{"line":8,"column":35},"end":{"line":8,"column":null}},"line":8},"3":{"name":"(anonymous_3)","decl":{"start":{"line":9,"column":18},"end":{"line":9,"column":29}},"loc":{"start":{"line":9,"column":29},"end":{"line":9,"column":null}},"line":9},"4":{"name":"DashboardTabFallback","decl":{"start":{"line":92,"column":9},"end":{"line":92,"column":32}},"loc":{"start":{"line":92,"column":32},"end":{"line":93,"column":null}},"line":92},"5":{"name":"DashboardHome","decl":{"start":{"line":96,"column":9},"end":{"line":96,"column":23}},"loc":{"start":{"line":96,"column":72},"end":{"line":173,"column":null}},"line":96},"6":{"name":"(anonymous_6)","decl":{"start":{"line":135,"column":25},"end":{"line":135,"column":30}},"loc":{"start":{"line":136,"column":12},"end":{"line":144,"column":null}},"line":136},"7":{"name":"(anonymous_7)","decl":{"start":{"line":154,"column":17},"end":{"line":154,"column":22}},"loc":{"start":{"line":155,"column":12},"end":{"line":163,"column":null}},"line":155},"8":{"name":"Dashboard","decl":{"start":{"line":179,"column":24},"end":{"line":179,"column":34}},"loc":{"start":{"line":179,"column":70},"end":{"line":233,"column":null}},"line":179},"9":{"name":"(anonymous_9)","decl":{"start":{"line":184,"column":20},"end":{"line":184,"column":34}},"loc":{"start":{"line":184,"column":34},"end":{"line":186,"column":6}},"line":184},"10":{"name":"(anonymous_10)","decl":{"start":{"line":231,"column":6},"end":{"line":231,"column":29}},"loc":{"start":{"line":231,"column":29},"end":{"line":231,"column":51}},"line":231},"11":{"name":"(anonymous_11)","decl":{"start":{"line":232,"column":6},"end":{"line":232,"column":29}},"loc":{"start":{"line":232,"column":29},"end":{"line":232,"column":null}},"line":232}},"branchMap":{"0":{"loc":{"start":{"line":97,"column":18},"end":{"line":97,"column":null}},"type":"binary-expr","locations":[{"start":{"line":97,"column":18},"end":{"line":97,"column":48}},{"start":{"line":97,"column":48},"end":{"line":97,"column":null}}],"line":97},"1":{"loc":{"start":{"line":179,"column":36},"end":{"line":179,"column":55}},"type":"default-arg","locations":[{"start":{"line":179,"column":42},"end":{"line":179,"column":55}}],"line":179},"2":{"loc":{"start":{"line":183,"column":24},"end":{"line":183,"column":null}},"type":"cond-expr","locations":[{"start":{"line":183,"column":49},"end":{"line":183,"column":63}},{"start":{"line":183,"column":63},"end":{"line":183,"column":null}}],"line":183},"3":{"loc":{"start":{"line":185,"column":11},"end":{"line":185,"column":null}},"type":"binary-expr","locations":[{"start":{"line":185,"column":11},"end":{"line":185,"column":39}},{"start":{"line":185,"column":39},"end":{"line":185,"column":null}}],"line":185},"4":{"loc":{"start":{"line":188,"column":2},"end":{"line":194,"column":null}},"type":"if","locations":[{"start":{"line":188,"column":2},"end":{"line":194,"column":null}},{"start":{},"end":{}}],"line":188},"5":{"loc":{"start":{"line":198,"column":2},"end":{"line":204,"column":null}},"type":"if","locations":[{"start":{"line":198,"column":2},"end":{"line":204,"column":null}},{"start":{},"end":{}}],"line":198},"6":{"loc":{"start":{"line":208,"column":2},"end":{"line":214,"column":null}},"type":"if","locations":[{"start":{"line":208,"column":2},"end":{"line":214,"column":null}},{"start":{},"end":{}}],"line":208},"7":{"loc":{"start":{"line":218,"column":2},"end":{"line":224,"column":null}},"type":"if","locations":[{"start":{"line":218,"column":2},"end":{"line":224,"column":null}},{"start":{},"end":{}}],"line":218}},"s":{"0":1,"1":1,"2":1,"3":1,"4":1,"5":1,"6":1,"7":1,"8":1,"9":1,"10":4,"11":6,"12":6,"13":6,"14":18,"15":18,"16":9,"17":9,"18":9,"19":9,"20":7,"21":9,"22":1,"23":8,"24":1,"25":7,"26":1,"27":6,"28":1,"29":5,"30":1,"31":1},"f":{"0":1,"1":1,"2":1,"3":1,"4":4,"5":6,"6":18,"7":18,"8":9,"9":7,"10":1,"11":1},"b":{"0":[6,6],"1":[9],"2":[9,0],"3":[7,0],"4":[1,8],"5":[1,7],"6":[1,6],"7":[1,5]},"meta":{"lastBranch":8,"lastFunction":12,"lastStatement":32,"seen":{"s:6:6:6:Infinity":0,"f:6:22:6:33":0,"s:6:33:6:Infinity":1,"s:7:6:7:Infinity":2,"f:7:17:7:28":1,"s:7:28:7:Infinity":3,"s:8:6:8:Infinity":4,"f:8:24:8:35":2,"s:8:35:8:Infinity":5,"s:9:6:9:Infinity":6,"f:9:18:9:29":3,"s:9:29:9:Infinity":7,"s:11:24:84:Infinity":8,"s:86:14:90:Infinity":9,"f:92:9:92:32":4,"s:93:2:93:Infinity":10,"f:96:9:96:23":5,"s:97:18:97:Infinity":11,"b:97:18:97:48:97:48:97:Infinity":0,"s:98:10:98:29":12,"s:100:2:173:Infinity":13,"f:135:25:135:30":6,"s:136:12:144:Infinity":14,"f:154:17:154:22":7,"s:155:12:163:Infinity":15,"f:179:24:179:34":8,"b:179:42:179:55":1,"s:180:10:180:39":16,"s:181:8:181:32":17,"s:183:24:183:Infinity":18,"b:183:49:183:63:183:63:183:Infinity":2,"s:184:8:186:21":19,"f:184:20:184:34":9,"s:185:4:185:Infinity":20,"b:185:11:185:39:185:39:185:Infinity":3,"b:188:2:194:Infinity:undefined:undefined:undefined:undefined":4,"s:188:2:194:Infinity":21,"s:189:4:194:Infinity":22,"b:198:2:204:Infinity:undefined:undefined:undefined:undefined":5,"s:198:2:204:Infinity":23,"s:199:4:204:Infinity":24,"b:208:2:214:Infinity:undefined:undefined:undefined:undefined":6,"s:208:2:214:Infinity":25,"s:209:4:214:Infinity":26,"b:218:2:224:Infinity:undefined:undefined:undefined:undefined":7,"s:218:2:224:Infinity":27,"s:219:4:224:Infinity":28,"s:228:2:233:Infinity":29,"f:231:6:231:29":10,"s:231:29:231:51":30,"f:232:6:232:29":11,"s:232:29:232:Infinity":31}}}
,"D:\\Election Process education\\src\\pages\\Entry.jsx": {"path":"D:\\Election Process education\\src\\pages\\Entry.jsx","statementMap":{"0":{"start":{"line":8,"column":8},"end":{"line":8,"column":32}},"1":{"start":{"line":9,"column":20},"end":{"line":9,"column":64}},"2":{"start":{"line":10,"column":33},"end":{"line":10,"column":52}},"3":{"start":{"line":11,"column":10},"end":{"line":11,"column":42}},"4":{"start":{"line":13,"column":21},"end":{"line":18,"column":null}},"5":{"start":{"line":20,"column":20},"end":{"line":20,"column":null}},"6":{"start":{"line":22,"column":8},"end":{"line":37,"column":null}},"7":{"start":{"line":23,"column":4},"end":{"line":23,"column":null}},"8":{"start":{"line":24,"column":25},"end":{"line":24,"column":76}},"9":{"start":{"line":24,"column":51},"end":{"line":24,"column":76}},"10":{"start":{"line":26,"column":27},"end":{"line":29,"column":null}},"11":{"start":{"line":30,"column":4},"end":{"line":30,"column":null}},"12":{"start":{"line":32,"column":4},"end":{"line":36,"column":null}},"13":{"start":{"line":37,"column":4},"end":{"line":37,"column":null}},"14":{"start":{"line":40,"column":2},"end":{"line":133,"column":null}},"15":{"start":{"line":75,"column":18},"end":{"line":93,"column":null}},"16":{"start":{"line":88,"column":39},"end":{"line":88,"column":67}},"17":{"start":{"line":102,"column":18},"end":{"line":119,"column":null}},"18":{"start":{"line":115,"column":39},"end":{"line":115,"column":66}}},"fnMap":{"0":{"name":"Entry","decl":{"start":{"line":7,"column":24},"end":{"line":7,"column":30}},"loc":{"start":{"line":7,"column":56},"end":{"line":133,"column":null}},"line":7},"1":{"name":"(anonymous_1)","decl":{"start":{"line":22,"column":8},"end":{"line":22,"column":24}},"loc":{"start":{"line":22,"column":30},"end":{"line":37,"column":null}},"line":22},"2":{"name":"(anonymous_2)","decl":{"start":{"line":24,"column":36},"end":{"line":24,"column":42}},"loc":{"start":{"line":24,"column":51},"end":{"line":24,"column":76}},"line":24},"3":{"name":"(anonymous_3)","decl":{"start":{"line":74,"column":28},"end":{"line":74,"column":33}},"loc":{"start":{"line":75,"column":18},"end":{"line":93,"column":null}},"line":75},"4":{"name":"(anonymous_4)","decl":{"start":{"line":88,"column":22},"end":{"line":88,"column":33}},"loc":{"start":{"line":88,"column":39},"end":{"line":88,"column":67}},"line":88},"5":{"name":"(anonymous_5)","decl":{"start":{"line":101,"column":27},"end":{"line":101,"column":32}},"loc":{"start":{"line":102,"column":18},"end":{"line":119,"column":null}},"line":102},"6":{"name":"(anonymous_6)","decl":{"start":{"line":115,"column":22},"end":{"line":115,"column":33}},"loc":{"start":{"line":115,"column":39},"end":{"line":115,"column":66}},"line":115}},"branchMap":{"0":{"loc":{"start":{"line":27,"column":17},"end":{"line":27,"column":null}},"type":"binary-expr","locations":[{"start":{"line":27,"column":17},"end":{"line":27,"column":41}},{"start":{"line":27,"column":41},"end":{"line":27,"column":null}}],"line":27},"1":{"loc":{"start":{"line":33,"column":17},"end":{"line":33,"column":null}},"type":"binary-expr","locations":[{"start":{"line":33,"column":17},"end":{"line":33,"column":41}},{"start":{"line":33,"column":41},"end":{"line":33,"column":null}}],"line":33},"2":{"loc":{"start":{"line":34,"column":20},"end":{"line":34,"column":null}},"type":"binary-expr","locations":[{"start":{"line":34,"column":20},"end":{"line":34,"column":41}},{"start":{"line":34,"column":41},"end":{"line":34,"column":null}}],"line":34},"3":{"loc":{"start":{"line":78,"column":22},"end":{"line":80,"column":null}},"type":"cond-expr","locations":[{"start":{"line":79,"column":26},"end":{"line":79,"column":null}},{"start":{"line":80,"column":26},"end":{"line":80,"column":null}}],"line":78},"4":{"loc":{"start":{"line":105,"column":22},"end":{"line":107,"column":null}},"type":"cond-expr","locations":[{"start":{"line":106,"column":26},"end":{"line":106,"column":null}},{"start":{"line":107,"column":26},"end":{"line":107,"column":null}}],"line":105}},"s":{"0":3,"1":3,"2":3,"3":3,"4":3,"5":3,"6":3,"7":1,"8":1,"9":2,"10":1,"11":1,"12":1,"13":1,"14":3,"15":12,"16":1,"17":18,"18":0},"f":{"0":3,"1":1,"2":2,"3":12,"4":1,"5":18,"6":0},"b":{"0":[1,0],"1":[1,0],"2":[1,0],"3":[3,9],"4":[3,15]},"meta":{"lastBranch":5,"lastFunction":7,"lastStatement":19,"seen":{"f:7:24:7:30":0,"s:8:8:8:32":0,"s:9:20:9:64":1,"s:10:33:10:52":2,"s:11:10:11:42":3,"s:13:21:18:Infinity":4,"s:20:20:20:Infinity":5,"s:22:8:37:Infinity":6,"f:22:8:22:24":1,"s:23:4:23:Infinity":7,"s:24:25:24:76":8,"f:24:36:24:42":2,"s:24:51:24:76":9,"s:26:27:29:Infinity":10,"b:27:17:27:41:27:41:27:Infinity":0,"s:30:4:30:Infinity":11,"s:32:4:36:Infinity":12,"b:33:17:33:41:33:41:33:Infinity":1,"b:34:20:34:41:34:41:34:Infinity":2,"s:37:4:37:Infinity":13,"s:40:2:133:Infinity":14,"f:74:28:74:33":3,"s:75:18:93:Infinity":15,"b:79:26:79:Infinity:80:26:80:Infinity":3,"f:88:22:88:33":4,"s:88:39:88:67":16,"f:101:27:101:32":5,"s:102:18:119:Infinity":17,"b:106:26:106:Infinity:107:26:107:Infinity":4,"f:115:22:115:33":6,"s:115:39:115:66":18}}}
,"D:\\Election Process education\\src\\pages\\Home.jsx": {"path":"D:\\Election Process education\\src\\pages\\Home.jsx","statementMap":{"0":{"start":{"line":4,"column":21},"end":{"line":25,"column":null}},"1":{"start":{"line":27,"column":18},"end":{"line":27,"column":null}},"2":{"start":{"line":30,"column":2},"end":{"line":157,"column":null}},"3":{"start":{"line":75,"column":18},"end":{"line":77,"column":null}},"4":{"start":{"line":99,"column":12},"end":{"line":106,"column":null}},"5":{"start":{"line":127,"column":14},"end":{"line":130,"column":null}},"6":{"start":{"line":143,"column":14},"end":{"line":149,"column":null}}},"fnMap":{"0":{"name":"Home","decl":{"start":{"line":29,"column":24},"end":{"line":29,"column":29}},"loc":{"start":{"line":29,"column":46},"end":{"line":157,"column":null}},"line":29},"1":{"name":"(anonymous_1)","decl":{"start":{"line":74,"column":27},"end":{"line":74,"column":32}},"loc":{"start":{"line":75,"column":18},"end":{"line":77,"column":null}},"line":75},"2":{"name":"(anonymous_2)","decl":{"start":{"line":98,"column":24},"end":{"line":98,"column":29}},"loc":{"start":{"line":99,"column":12},"end":{"line":106,"column":null}},"line":99},"3":{"name":"(anonymous_3)","decl":{"start":{"line":126,"column":14},"end":{"line":126,"column":19}},"loc":{"start":{"line":127,"column":14},"end":{"line":130,"column":null}},"line":127},"4":{"name":"(anonymous_4)","decl":{"start":{"line":142,"column":14},"end":{"line":142,"column":19}},"loc":{"start":{"line":143,"column":14},"end":{"line":149,"column":null}},"line":143}},"branchMap":{"0":{"loc":{"start":{"line":57,"column":17},"end":{"line":57,"column":null}},"type":"cond-expr","locations":[{"start":{"line":57,"column":31},"end":{"line":57,"column":53}},{"start":{"line":57,"column":53},"end":{"line":57,"column":null}}],"line":57},"1":{"loc":{"start":{"line":59,"column":15},"end":{"line":65,"column":null}},"type":"binary-expr","locations":[{"start":{"line":59,"column":15},"end":{"line":59,"column":null}},{"start":{"line":60,"column":16},"end":{"line":65,"column":null}}],"line":59}},"s":{"0":1,"1":1,"2":1,"3":6,"4":4,"5":3,"6":3},"f":{"0":1,"1":6,"2":4,"3":3,"4":3},"b":{"0":[0,1],"1":[1,0]},"meta":{"lastBranch":2,"lastFunction":5,"lastStatement":7,"seen":{"s:4:21:25:Infinity":0,"s:27:18:27:Infinity":1,"f:29:24:29:29":0,"s:30:2:157:Infinity":2,"b:57:31:57:53:57:53:57:Infinity":0,"b:59:15:59:Infinity:60:16:65:Infinity":1,"f:74:27:74:32":1,"s:75:18:77:Infinity":3,"f:98:24:98:29":2,"s:99:12:106:Infinity":4,"f:126:14:126:19":3,"s:127:14:130:Infinity":5,"f:142:14:142:19":4,"s:143:14:149:Infinity":6}}}
,"D:\\Election Process education\\src\\utils\\chat.js": {"path":"D:\\Election Process education\\src\\utils\\chat.js","statementMap":{"0":{"start":{"line":5,"column":15},"end":{"line":5,"column":50}},"1":{"start":{"line":8,"column":2},"end":{"line":8,"column":null}},"2":{"start":{"line":8,"column":14},"end":{"line":8,"column":null}},"3":{"start":{"line":9,"column":2},"end":{"line":9,"column":null}},"4":{"start":{"line":12,"column":11},"end":{"line":16,"column":8}},"5":{"start":{"line":19,"column":2},"end":{"line":19,"column":null}},"6":{"start":{"line":19,"column":44},"end":{"line":19,"column":null}},"7":{"start":{"line":20,"column":2},"end":{"line":20,"column":null}},"8":{"start":{"line":24,"column":2},"end":{"line":26,"column":null}},"9":{"start":{"line":25,"column":4},"end":{"line":25,"column":null}},"10":{"start":{"line":28,"column":14},"end":{"line":28,"column":94}},"11":{"start":{"line":29,"column":2},"end":{"line":29,"column":null}},"12":{"start":{"line":33,"column":28},"end":{"line":33,"column":49}},"13":{"start":{"line":34,"column":19},"end":{"line":34,"column":53}},"14":{"start":{"line":35,"column":20},"end":{"line":35,"column":42}},"15":{"start":{"line":37,"column":2},"end":{"line":49,"column":null}},"16":{"start":{"line":38,"column":4},"end":{"line":40,"column":null}},"17":{"start":{"line":39,"column":6},"end":{"line":39,"column":null}},"18":{"start":{"line":42,"column":4},"end":{"line":44,"column":null}},"19":{"start":{"line":43,"column":6},"end":{"line":43,"column":null}},"20":{"start":{"line":46,"column":4},"end":{"line":48,"column":null}},"21":{"start":{"line":47,"column":6},"end":{"line":47,"column":null}},"22":{"start":{"line":51,"column":2},"end":{"line":63,"column":null}},"23":{"start":{"line":52,"column":4},"end":{"line":54,"column":null}},"24":{"start":{"line":53,"column":6},"end":{"line":53,"column":null}},"25":{"start":{"line":56,"column":4},"end":{"line":58,"column":null}},"26":{"start":{"line":57,"column":6},"end":{"line":57,"column":null}},"27":{"start":{"line":60,"column":4},"end":{"line":62,"column":null}},"28":{"start":{"line":61,"column":6},"end":{"line":61,"column":null}},"29":{"start":{"line":65,"column":2},"end":{"line":77,"column":null}},"30":{"start":{"line":66,"column":4},"end":{"line":68,"column":null}},"31":{"start":{"line":67,"column":6},"end":{"line":67,"column":null}},"32":{"start":{"line":70,"column":4},"end":{"line":72,"column":null}},"33":{"start":{"line":71,"column":6},"end":{"line":71,"column":null}},"34":{"start":{"line":74,"column":4},"end":{"line":76,"column":null}},"35":{"start":{"line":75,"column":6},"end":{"line":75,"column":null}},"36":{"start":{"line":79,"column":2},"end":{"line":81,"column":null}},"37":{"start":{"line":80,"column":4},"end":{"line":80,"column":null}},"38":{"start":{"line":83,"column":2},"end":{"line":85,"column":null}},"39":{"start":{"line":84,"column":4},"end":{"line":84,"column":null}},"40":{"start":{"line":87,"column":2},"end":{"line":90,"column":null}},"41":{"start":{"line":88,"column":22},"end":{"line":88,"column":70}},"42":{"start":{"line":89,"column":4},"end":{"line":89,"column":null}},"43":{"start":{"line":92,"column":2},"end":{"line":94,"column":null}},"44":{"start":{"line":93,"column":4},"end":{"line":93,"column":null}},"45":{"start":{"line":96,"column":2},"end":{"line":98,"column":null}},"46":{"start":{"line":97,"column":4},"end":{"line":97,"column":null}},"47":{"start":{"line":100,"column":2},"end":{"line":102,"column":null}},"48":{"start":{"line":101,"column":4},"end":{"line":101,"column":null}},"49":{"start":{"line":104,"column":2},"end":{"line":106,"column":null}},"50":{"start":{"line":105,"column":4},"end":{"line":105,"column":null}},"51":{"start":{"line":108,"column":2},"end":{"line":110,"column":null}},"52":{"start":{"line":109,"column":4},"end":{"line":109,"column":null}},"53":{"start":{"line":112,"column":2},"end":{"line":114,"column":null}},"54":{"start":{"line":113,"column":4},"end":{"line":113,"column":null}},"55":{"start":{"line":116,"column":2},"end":{"line":118,"column":null}},"56":{"start":{"line":117,"column":4},"end":{"line":117,"column":null}},"57":{"start":{"line":120,"column":2},"end":{"line":122,"column":null}},"58":{"start":{"line":121,"column":4},"end":{"line":121,"column":null}},"59":{"start":{"line":124,"column":2},"end":{"line":126,"column":null}},"60":{"start":{"line":125,"column":4},"end":{"line":125,"column":null}},"61":{"start":{"line":128,"column":2},"end":{"line":128,"column":null}},"62":{"start":{"line":132,"column":22},"end":{"line":132,"column":44}},"63":{"start":{"line":133,"column":21},"end":{"line":133,"column":69}},"64":{"start":{"line":134,"column":19},"end":{"line":134,"column":53}},"65":{"start":{"line":135,"column":24},"end":{"line":135,"column":73}},"66":{"start":{"line":136,"column":22},"end":{"line":136,"column":63}},"67":{"start":{"line":139,"column":2},"end":{"line":141,"column":null}},"68":{"start":{"line":140,"column":4},"end":{"line":140,"column":null}},"69":{"start":{"line":143,"column":2},"end":{"line":204,"column":null}},"70":{"start":{"line":144,"column":22},"end":{"line":144,"column":60}},"71":{"start":{"line":147,"column":31},"end":{"line":148,"column":50}},"72":{"start":{"line":150,"column":25},"end":{"line":158,"column":75}},"73":{"start":{"line":160,"column":30},"end":{"line":166,"column":16}},"74":{"start":{"line":168,"column":4},"end":{"line":170,"column":null}},"75":{"start":{"line":169,"column":6},"end":{"line":169,"column":null}},"76":{"start":{"line":172,"column":21},"end":{"line":182,"column":6}},"77":{"start":{"line":185,"column":20},"end":{"line":185,"column":22}},"78":{"start":{"line":187,"column":4},"end":{"line":193,"column":null}},"79":{"start":{"line":188,"column":6},"end":{"line":188,"column":null}},"80":{"start":{"line":189,"column":11},"end":{"line":193,"column":null}},"81":{"start":{"line":190,"column":6},"end":{"line":190,"column":null}},"82":{"start":{"line":191,"column":11},"end":{"line":193,"column":null}},"83":{"start":{"line":192,"column":6},"end":{"line":192,"column":null}},"84":{"start":{"line":195,"column":4},"end":{"line":197,"column":null}},"85":{"start":{"line":196,"column":6},"end":{"line":196,"column":null}},"86":{"start":{"line":199,"column":4},"end":{"line":199,"column":null}},"87":{"start":{"line":202,"column":4},"end":{"line":202,"column":null}},"88":{"start":{"line":203,"column":4},"end":{"line":203,"column":null}}},"fnMap":{"0":{"name":"sanitizeInput","decl":{"start":{"line":7,"column":16},"end":{"line":7,"column":29}},"loc":{"start":{"line":7,"column":37},"end":{"line":10,"column":null}},"line":7},"1":{"name":"isLikelyWrongLanguage","decl":{"start":{"line":18,"column":9},"end":{"line":18,"column":30}},"loc":{"start":{"line":18,"column":52},"end":{"line":21,"column":null}},"line":18},"2":{"name":"buildWelcomeMessage","decl":{"start":{"line":23,"column":9},"end":{"line":23,"column":28}},"loc":{"start":{"line":23,"column":42},"end":{"line":30,"column":null}},"line":23},"3":{"name":"buildLocalReply","decl":{"start":{"line":32,"column":9},"end":{"line":32,"column":24}},"loc":{"start":{"line":32,"column":55},"end":{"line":129,"column":null}},"line":32},"4":{"name":"getAssistantReply","decl":{"start":{"line":131,"column":22},"end":{"line":131,"column":39}},"loc":{"start":{"line":131,"column":70},"end":{"line":205,"column":null}},"line":131}},"branchMap":{"0":{"loc":{"start":{"line":8,"column":2},"end":{"line":8,"column":null}},"type":"if","locations":[{"start":{"line":8,"column":2},"end":{"line":8,"column":null}},{"start":{},"end":{}}],"line":8},"1":{"loc":{"start":{"line":12,"column":11},"end":{"line":16,"column":8}},"type":"cond-expr","locations":[{"start":{"line":13,"column":4},"end":{"line":15,"column":null}},{"start":{"line":16,"column":4},"end":{"line":16,"column":8}}],"line":12},"2":{"loc":{"start":{"line":19,"column":2},"end":{"line":19,"column":null}},"type":"if","locations":[{"start":{"line":19,"column":2},"end":{"line":19,"column":null}},{"start":{},"end":{}}],"line":19},"3":{"loc":{"start":{"line":19,"column":6},"end":{"line":19,"column":42}},"type":"binary-expr","locations":[{"start":{"line":19,"column":6},"end":{"line":19,"column":16}},{"start":{"line":19,"column":20},"end":{"line":19,"column":42}}],"line":19},"4":{"loc":{"start":{"line":24,"column":2},"end":{"line":26,"column":null}},"type":"if","locations":[{"start":{"line":24,"column":2},"end":{"line":26,"column":null}},{"start":{},"end":{}}],"line":24},"5":{"loc":{"start":{"line":28,"column":14},"end":{"line":28,"column":94}},"type":"cond-expr","locations":[{"start":{"line":28,"column":55},"end":{"line":28,"column":73}},{"start":{"line":28,"column":76},"end":{"line":28,"column":94}}],"line":28},"6":{"loc":{"start":{"line":34,"column":19},"end":{"line":34,"column":53}},"type":"binary-expr","locations":[{"start":{"line":34,"column":19},"end":{"line":34,"column":40}},{"start":{"line":34,"column":44},"end":{"line":34,"column":53}}],"line":34},"7":{"loc":{"start":{"line":37,"column":2},"end":{"line":49,"column":null}},"type":"if","locations":[{"start":{"line":37,"column":2},"end":{"line":49,"column":null}},{"start":{},"end":{}}],"line":37},"8":{"loc":{"start":{"line":38,"column":4},"end":{"line":40,"column":null}},"type":"if","locations":[{"start":{"line":38,"column":4},"end":{"line":40,"column":null}},{"start":{},"end":{}}],"line":38},"9":{"loc":{"start":{"line":38,"column":8},"end":{"line":38,"column":114}},"type":"binary-expr","locations":[{"start":{"line":38,"column":8},"end":{"line":38,"column":28}},{"start":{"line":38,"column":32},"end":{"line":38,"column":114}}],"line":38},"10":{"loc":{"start":{"line":42,"column":4},"end":{"line":44,"column":null}},"type":"if","locations":[{"start":{"line":42,"column":4},"end":{"line":44,"column":null}},{"start":{},"end":{}}],"line":42},"11":{"loc":{"start":{"line":42,"column":8},"end":{"line":42,"column":80}},"type":"binary-expr","locations":[{"start":{"line":42,"column":8},"end":{"line":42,"column":24}},{"start":{"line":42,"column":28},"end":{"line":42,"column":80}}],"line":42},"12":{"loc":{"start":{"line":46,"column":4},"end":{"line":48,"column":null}},"type":"if","locations":[{"start":{"line":46,"column":4},"end":{"line":48,"column":null}},{"start":{},"end":{}}],"line":46},"13":{"loc":{"start":{"line":46,"column":8},"end":{"line":46,"column":75}},"type":"binary-expr","locations":[{"start":{"line":46,"column":8},"end":{"line":46,"column":26}},{"start":{"line":46,"column":30},"end":{"line":46,"column":75}}],"line":46},"14":{"loc":{"start":{"line":51,"column":2},"end":{"line":63,"column":null}},"type":"if","locations":[{"start":{"line":51,"column":2},"end":{"line":63,"column":null}},{"start":{},"end":{}}],"line":51},"15":{"loc":{"start":{"line":52,"column":4},"end":{"line":54,"column":null}},"type":"if","locations":[{"start":{"line":52,"column":4},"end":{"line":54,"column":null}},{"start":{},"end":{}}],"line":52},"16":{"loc":{"start":{"line":52,"column":8},"end":{"line":52,"column":86}},"type":"binary-expr","locations":[{"start":{"line":52,"column":8},"end":{"line":52,"column":35}},{"start":{"line":52,"column":39},"end":{"line":52,"column":86}}],"line":52},"17":{"loc":{"start":{"line":56,"column":4},"end":{"line":58,"column":null}},"type":"if","locations":[{"start":{"line":56,"column":4},"end":{"line":58,"column":null}},{"start":{},"end":{}}],"line":56},"18":{"loc":{"start":{"line":56,"column":8},"end":{"line":56,"column":106}},"type":"binary-expr","locations":[{"start":{"line":56,"column":8},"end":{"line":56,"column":37}},{"start":{"line":56,"column":41},"end":{"line":56,"column":106}}],"line":56},"19":{"loc":{"start":{"line":60,"column":4},"end":{"line":62,"column":null}},"type":"if","locations":[{"start":{"line":60,"column":4},"end":{"line":62,"column":null}},{"start":{},"end":{}}],"line":60},"20":{"loc":{"start":{"line":60,"column":8},"end":{"line":60,"column":111}},"type":"binary-expr","locations":[{"start":{"line":60,"column":8},"end":{"line":60,"column":31}},{"start":{"line":60,"column":35},"end":{"line":60,"column":111}}],"line":60},"21":{"loc":{"start":{"line":65,"column":2},"end":{"line":77,"column":null}},"type":"if","locations":[{"start":{"line":65,"column":2},"end":{"line":77,"column":null}},{"start":{},"end":{}}],"line":65},"22":{"loc":{"start":{"line":66,"column":4},"end":{"line":68,"column":null}},"type":"if","locations":[{"start":{"line":66,"column":4},"end":{"line":68,"column":null}},{"start":{},"end":{}}],"line":66},"23":{"loc":{"start":{"line":66,"column":8},"end":{"line":66,"column":94}},"type":"binary-expr","locations":[{"start":{"line":66,"column":8},"end":{"line":66,"column":36}},{"start":{"line":66,"column":40},"end":{"line":66,"column":94}}],"line":66},"24":{"loc":{"start":{"line":70,"column":4},"end":{"line":72,"column":null}},"type":"if","locations":[{"start":{"line":70,"column":4},"end":{"line":72,"column":null}},{"start":{},"end":{}}],"line":70},"25":{"loc":{"start":{"line":70,"column":8},"end":{"line":70,"column":131}},"type":"binary-expr","locations":[{"start":{"line":70,"column":8},"end":{"line":70,"column":40}},{"start":{"line":70,"column":44},"end":{"line":70,"column":131}}],"line":70},"26":{"loc":{"start":{"line":74,"column":4},"end":{"line":76,"column":null}},"type":"if","locations":[{"start":{"line":74,"column":4},"end":{"line":76,"column":null}},{"start":{},"end":{}}],"line":74},"27":{"loc":{"start":{"line":74,"column":8},"end":{"line":74,"column":110}},"type":"binary-expr","locations":[{"start":{"line":74,"column":8},"end":{"line":74,"column":41}},{"start":{"line":74,"column":45},"end":{"line":74,"column":110}}],"line":74},"28":{"loc":{"start":{"line":79,"column":2},"end":{"line":81,"column":null}},"type":"if","locations":[{"start":{"line":79,"column":2},"end":{"line":81,"column":null}},{"start":{},"end":{}}],"line":79},"29":{"loc":{"start":{"line":83,"column":2},"end":{"line":85,"column":null}},"type":"if","locations":[{"start":{"line":83,"column":2},"end":{"line":85,"column":null}},{"start":{},"end":{}}],"line":83},"30":{"loc":{"start":{"line":87,"column":2},"end":{"line":90,"column":null}},"type":"if","locations":[{"start":{"line":87,"column":2},"end":{"line":90,"column":null}},{"start":{},"end":{}}],"line":87},"31":{"loc":{"start":{"line":92,"column":2},"end":{"line":94,"column":null}},"type":"if","locations":[{"start":{"line":92,"column":2},"end":{"line":94,"column":null}},{"start":{},"end":{}}],"line":92},"32":{"loc":{"start":{"line":96,"column":2},"end":{"line":98,"column":null}},"type":"if","locations":[{"start":{"line":96,"column":2},"end":{"line":98,"column":null}},{"start":{},"end":{}}],"line":96},"33":{"loc":{"start":{"line":100,"column":2},"end":{"line":102,"column":null}},"type":"if","locations":[{"start":{"line":100,"column":2},"end":{"line":102,"column":null}},{"start":{},"end":{}}],"line":100},"34":{"loc":{"start":{"line":104,"column":2},"end":{"line":106,"column":null}},"type":"if","locations":[{"start":{"line":104,"column":2},"end":{"line":106,"column":null}},{"start":{},"end":{}}],"line":104},"35":{"loc":{"start":{"line":108,"column":2},"end":{"line":110,"column":null}},"type":"if","locations":[{"start":{"line":108,"column":2},"end":{"line":110,"column":null}},{"start":{},"end":{}}],"line":108},"36":{"loc":{"start":{"line":112,"column":2},"end":{"line":114,"column":null}},"type":"if","locations":[{"start":{"line":112,"column":2},"end":{"line":114,"column":null}},{"start":{},"end":{}}],"line":112},"37":{"loc":{"start":{"line":116,"column":2},"end":{"line":118,"column":null}},"type":"if","locations":[{"start":{"line":116,"column":2},"end":{"line":118,"column":null}},{"start":{},"end":{}}],"line":116},"38":{"loc":{"start":{"line":120,"column":2},"end":{"line":122,"column":null}},"type":"if","locations":[{"start":{"line":120,"column":2},"end":{"line":122,"column":null}},{"start":{},"end":{}}],"line":120},"39":{"loc":{"start":{"line":124,"column":2},"end":{"line":126,"column":null}},"type":"if","locations":[{"start":{"line":124,"column":2},"end":{"line":126,"column":null}},{"start":{},"end":{}}],"line":124},"40":{"loc":{"start":{"line":133,"column":21},"end":{"line":133,"column":69}},"type":"binary-expr","locations":[{"start":{"line":133,"column":21},"end":{"line":133,"column":47}},{"start":{"line":133,"column":51},"end":{"line":133,"column":69}}],"line":133},"41":{"loc":{"start":{"line":134,"column":19},"end":{"line":134,"column":53}},"type":"binary-expr","locations":[{"start":{"line":134,"column":19},"end":{"line":134,"column":40}},{"start":{"line":134,"column":44},"end":{"line":134,"column":53}}],"line":134},"42":{"loc":{"start":{"line":139,"column":2},"end":{"line":141,"column":null}},"type":"if","locations":[{"start":{"line":139,"column":2},"end":{"line":141,"column":null}},{"start":{},"end":{}}],"line":139},"43":{"loc":{"start":{"line":139,"column":6},"end":{"line":139,"column":24}},"type":"binary-expr","locations":[{"start":{"line":139,"column":6},"end":{"line":139,"column":9}},{"start":{"line":139,"column":13},"end":{"line":139,"column":24}}],"line":139},"44":{"loc":{"start":{"line":144,"column":22},"end":{"line":144,"column":60}},"type":"binary-expr","locations":[{"start":{"line":144,"column":22},"end":{"line":144,"column":44}},{"start":{"line":144,"column":48},"end":{"line":144,"column":60}}],"line":144},"45":{"loc":{"start":{"line":147,"column":31},"end":{"line":148,"column":50}},"type":"binary-expr","locations":[{"start":{"line":147,"column":31},"end":{"line":147,"column":70}},{"start":{"line":148,"column":9},"end":{"line":148,"column":50}}],"line":147},"46":{"loc":{"start":{"line":150,"column":25},"end":{"line":158,"column":75}},"type":"cond-expr","locations":[{"start":{"line":150,"column":39},"end":{"line":158,"column":70}},{"start":{"line":158,"column":73},"end":{"line":158,"column":75}}],"line":150},"47":{"loc":{"start":{"line":168,"column":4},"end":{"line":170,"column":null}},"type":"if","locations":[{"start":{"line":168,"column":4},"end":{"line":170,"column":null}},{"start":{},"end":{}}],"line":168},"48":{"loc":{"start":{"line":168,"column":8},"end":{"line":168,"column":26}},"type":"binary-expr","locations":[{"start":{"line":168,"column":8},"end":{"line":168,"column":11}},{"start":{"line":168,"column":15},"end":{"line":168,"column":26}}],"line":168},"49":{"loc":{"start":{"line":187,"column":4},"end":{"line":193,"column":null}},"type":"if","locations":[{"start":{"line":187,"column":4},"end":{"line":193,"column":null}},{"start":{"line":189,"column":11},"end":{"line":193,"column":null}}],"line":187},"50":{"loc":{"start":{"line":189,"column":11},"end":{"line":193,"column":null}},"type":"if","locations":[{"start":{"line":189,"column":11},"end":{"line":193,"column":null}},{"start":{"line":191,"column":11},"end":{"line":193,"column":null}}],"line":189},"51":{"loc":{"start":{"line":191,"column":11},"end":{"line":193,"column":null}},"type":"if","locations":[{"start":{"line":191,"column":11},"end":{"line":193,"column":null}},{"start":{},"end":{}}],"line":191},"52":{"loc":{"start":{"line":195,"column":4},"end":{"line":197,"column":null}},"type":"if","locations":[{"start":{"line":195,"column":4},"end":{"line":197,"column":null}},{"start":{},"end":{}}],"line":195},"53":{"loc":{"start":{"line":199,"column":11},"end":{"line":199,"column":81}},"type":"cond-expr","locations":[{"start":{"line":199,"column":56},"end":{"line":199,"column":69}},{"start":{"line":199,"column":72},"end":{"line":199,"column":81}}],"line":199}},"s":{"0":1,"1":18,"2":0,"3":18,"4":1,"5":4,"6":3,"7":1,"8":0,"9":0,"10":0,"11":0,"12":16,"13":16,"14":16,"15":16,"16":2,"17":2,"18":0,"19":0,"20":0,"21":0,"22":14,"23":2,"24":1,"25":1,"26":1,"27":0,"28":0,"29":12,"30":3,"31":1,"32":2,"33":1,"34":1,"35":1,"36":9,"37":1,"38":8,"39":2,"40":6,"41":0,"42":0,"43":6,"44":0,"45":6,"46":1,"47":5,"48":0,"49":5,"50":0,"51":5,"52":0,"53":5,"54":0,"55":5,"56":0,"57":5,"58":0,"59":5,"60":0,"61":5,"62":16,"63":16,"64":16,"65":16,"66":16,"67":16,"68":0,"69":16,"70":16,"71":16,"72":16,"73":16,"74":16,"75":0,"76":16,"77":5,"78":5,"79":3,"80":2,"81":1,"82":1,"83":1,"84":5,"85":1,"86":4,"87":11,"88":11},"f":{"0":18,"1":4,"2":0,"3":16,"4":16},"b":{"0":[0,18],"1":[1,0],"2":[3,1],"3":[4,4],"4":[0,0],"5":[0,0],"6":[16,0],"7":[2,14],"8":[2,0],"9":[2,1],"10":[0,0],"11":[0,0],"12":[0,0],"13":[0,0],"14":[2,12],"15":[1,1],"16":[2,1],"17":[1,0],"18":[1,0],"19":[0,0],"20":[0,0],"21":[3,9],"22":[1,2],"23":[3,2],"24":[1,1],"25":[2,1],"26":[1,0],"27":[1,0],"28":[1,8],"29":[2,6],"30":[0,6],"31":[0,6],"32":[1,5],"33":[0,5],"34":[0,5],"35":[0,5],"36":[0,5],"37":[0,5],"38":[0,5],"39":[0,5],"40":[16,16],"41":[16,0],"42":[0,16],"43":[16,16],"44":[16,0],"45":[16,0],"46":[16,0],"47":[0,16],"48":[16,16],"49":[3,2],"50":[1,1],"51":[1,0],"52":[1,4],"53":[1,3]},"meta":{"lastBranch":54,"lastFunction":5,"lastStatement":89,"seen":{"s:5:15:5:50":0,"f:7:16:7:29":0,"b:8:2:8:Infinity:undefined:undefined:undefined:undefined":0,"s:8:2:8:Infinity":1,"s:8:14:8:Infinity":2,"s:9:2:9:Infinity":3,"s:12:11:16:8":4,"b:13:4:15:Infinity:16:4:16:8":1,"f:18:9:18:30":1,"b:19:2:19:Infinity:undefined:undefined:undefined:undefined":2,"s:19:2:19:Infinity":5,"b:19:6:19:16:19:20:19:42":3,"s:19:44:19:Infinity":6,"s:20:2:20:Infinity":7,"f:23:9:23:28":2,"b:24:2:26:Infinity:undefined:undefined:undefined:undefined":4,"s:24:2:26:Infinity":8,"s:25:4:25:Infinity":9,"s:28:14:28:94":10,"b:28:55:28:73:28:76:28:94":5,"s:29:2:29:Infinity":11,"f:32:9:32:24":3,"s:33:28:33:49":12,"s:34:19:34:53":13,"b:34:19:34:40:34:44:34:53":6,"s:35:20:35:42":14,"b:37:2:49:Infinity:undefined:undefined:undefined:undefined":7,"s:37:2:49:Infinity":15,"b:38:4:40:Infinity:undefined:undefined:undefined:undefined":8,"s:38:4:40:Infinity":16,"b:38:8:38:28:38:32:38:114":9,"s:39:6:39:Infinity":17,"b:42:4:44:Infinity:undefined:undefined:undefined:undefined":10,"s:42:4:44:Infinity":18,"b:42:8:42:24:42:28:42:80":11,"s:43:6:43:Infinity":19,"b:46:4:48:Infinity:undefined:undefined:undefined:undefined":12,"s:46:4:48:Infinity":20,"b:46:8:46:26:46:30:46:75":13,"s:47:6:47:Infinity":21,"b:51:2:63:Infinity:undefined:undefined:undefined:undefined":14,"s:51:2:63:Infinity":22,"b:52:4:54:Infinity:undefined:undefined:undefined:undefined":15,"s:52:4:54:Infinity":23,"b:52:8:52:35:52:39:52:86":16,"s:53:6:53:Infinity":24,"b:56:4:58:Infinity:undefined:undefined:undefined:undefined":17,"s:56:4:58:Infinity":25,"b:56:8:56:37:56:41:56:106":18,"s:57:6:57:Infinity":26,"b:60:4:62:Infinity:undefined:undefined:undefined:undefined":19,"s:60:4:62:Infinity":27,"b:60:8:60:31:60:35:60:111":20,"s:61:6:61:Infinity":28,"b:65:2:77:Infinity:undefined:undefined:undefined:undefined":21,"s:65:2:77:Infinity":29,"b:66:4:68:Infinity:undefined:undefined:undefined:undefined":22,"s:66:4:68:Infinity":30,"b:66:8:66:36:66:40:66:94":23,"s:67:6:67:Infinity":31,"b:70:4:72:Infinity:undefined:undefined:undefined:undefined":24,"s:70:4:72:Infinity":32,"b:70:8:70:40:70:44:70:131":25,"s:71:6:71:Infinity":33,"b:74:4:76:Infinity:undefined:undefined:undefined:undefined":26,"s:74:4:76:Infinity":34,"b:74:8:74:41:74:45:74:110":27,"s:75:6:75:Infinity":35,"b:79:2:81:Infinity:undefined:undefined:undefined:undefined":28,"s:79:2:81:Infinity":36,"s:80:4:80:Infinity":37,"b:83:2:85:Infinity:undefined:undefined:undefined:undefined":29,"s:83:2:85:Infinity":38,"s:84:4:84:Infinity":39,"b:87:2:90:Infinity:undefined:undefined:undefined:undefined":30,"s:87:2:90:Infinity":40,"s:88:22:88:70":41,"s:89:4:89:Infinity":42,"b:92:2:94:Infinity:undefined:undefined:undefined:undefined":31,"s:92:2:94:Infinity":43,"s:93:4:93:Infinity":44,"b:96:2:98:Infinity:undefined:undefined:undefined:undefined":32,"s:96:2:98:Infinity":45,"s:97:4:97:Infinity":46,"b:100:2:102:Infinity:undefined:undefined:undefined:undefined":33,"s:100:2:102:Infinity":47,"s:101:4:101:Infinity":48,"b:104:2:106:Infinity:undefined:undefined:undefined:undefined":34,"s:104:2:106:Infinity":49,"s:105:4:105:Infinity":50,"b:108:2:110:Infinity:undefined:undefined:undefined:undefined":35,"s:108:2:110:Infinity":51,"s:109:4:109:Infinity":52,"b:112:2:114:Infinity:undefined:undefined:undefined:undefined":36,"s:112:2:114:Infinity":53,"s:113:4:113:Infinity":54,"b:116:2:118:Infinity:undefined:undefined:undefined:undefined":37,"s:116:2:118:Infinity":55,"s:117:4:117:Infinity":56,"b:120:2:122:Infinity:undefined:undefined:undefined:undefined":38,"s:120:2:122:Infinity":57,"s:121:4:121:Infinity":58,"b:124:2:126:Infinity:undefined:undefined:undefined:undefined":39,"s:124:2:126:Infinity":59,"s:125:4:125:Infinity":60,"s:128:2:128:Infinity":61,"f:131:22:131:39":4,"s:132:22:132:44":62,"s:133:21:133:69":63,"b:133:21:133:47:133:51:133:69":40,"s:134:19:134:53":64,"b:134:19:134:40:134:44:134:53":41,"s:135:24:135:73":65,"s:136:22:136:63":66,"b:139:2:141:Infinity:undefined:undefined:undefined:undefined":42,"s:139:2:141:Infinity":67,"b:139:6:139:9:139:13:139:24":43,"s:140:4:140:Infinity":68,"s:143:2:204:Infinity":69,"s:144:22:144:60":70,"b:144:22:144:44:144:48:144:60":44,"s:147:31:148:50":71,"b:147:31:147:70:148:9:148:50":45,"s:150:25:158:75":72,"b:150:39:158:70:158:73:158:75":46,"s:160:30:166:16":73,"b:168:4:170:Infinity:undefined:undefined:undefined:undefined":47,"s:168:4:170:Infinity":74,"b:168:8:168:11:168:15:168:26":48,"s:169:6:169:Infinity":75,"s:172:21:182:6":76,"s:185:20:185:22":77,"b:187:4:193:Infinity:189:11:193:Infinity":49,"s:187:4:193:Infinity":78,"s:188:6:188:Infinity":79,"b:189:11:193:Infinity:191:11:193:Infinity":50,"s:189:11:193:Infinity":80,"s:190:6:190:Infinity":81,"b:191:11:193:Infinity:undefined:undefined:undefined:undefined":51,"s:191:11:193:Infinity":82,"s:192:6:192:Infinity":83,"b:195:4:197:Infinity:undefined:undefined:undefined:undefined":52,"s:195:4:197:Infinity":84,"s:196:6:196:Infinity":85,"s:199:4:199:Infinity":86,"b:199:56:199:69:199:72:199:81":53,"s:202:4:202:Infinity":87,"s:203:4:203:Infinity":88}}}
,"D:\\Election Process education\\src\\utils\\translations.js": {"path":"D:\\Election Process education\\src\\utils\\translations.js","statementMap":{"0":{"start":{"line":1,"column":31},"end":{"line":8,"column":1}},"1":{"start":{"line":10,"column":28},"end":{"line":256,"column":1}},"2":{"start":{"line":258,"column":0},"end":{"line":332,"column":null}},"3":{"start":{"line":334,"column":0},"end":{"line":408,"column":null}},"4":{"start":{"line":410,"column":0},"end":{"line":484,"column":null}},"5":{"start":{"line":486,"column":25},"end":{"line":711,"column":1}},"6":{"start":{"line":713,"column":0},"end":{"line":735,"column":null}},"7":{"start":{"line":737,"column":0},"end":{"line":758,"column":null}},"8":{"start":{"line":760,"column":0},"end":{"line":795,"column":null}},"9":{"start":{"line":797,"column":0},"end":{"line":833,"column":null}},"10":{"start":{"line":835,"column":0},"end":{"line":866,"column":null}},"11":{"start":{"line":868,"column":0},"end":{"line":899,"column":null}},"12":{"start":{"line":901,"column":0},"end":{"line":932,"column":null}},"13":{"start":{"line":934,"column":0},"end":{"line":965,"column":null}},"14":{"start":{"line":967,"column":0},"end":{"line":998,"column":null}},"15":{"start":{"line":1000,"column":0},"end":{"line":1031,"column":null}},"16":{"start":{"line":1033,"column":0},"end":{"line":1036,"column":null}},"17":{"start":{"line":1038,"column":0},"end":{"line":1041,"column":null}},"18":{"start":{"line":1043,"column":0},"end":{"line":1046,"column":null}},"19":{"start":{"line":1048,"column":0},"end":{"line":1051,"column":null}},"20":{"start":{"line":1053,"column":0},"end":{"line":1056,"column":null}},"21":{"start":{"line":1058,"column":0},"end":{"line":1065,"column":null}},"22":{"start":{"line":1067,"column":0},"end":{"line":1074,"column":null}},"23":{"start":{"line":1076,"column":0},"end":{"line":1083,"column":null}},"24":{"start":{"line":1085,"column":0},"end":{"line":1092,"column":null}},"25":{"start":{"line":1094,"column":0},"end":{"line":1101,"column":null}},"26":{"start":{"line":1103,"column":0},"end":{"line":1105,"column":null}},"27":{"start":{"line":1104,"column":2},"end":{"line":1104,"column":null}},"28":{"start":{"line":1108,"column":16},"end":{"line":1108,"column":81}},"29":{"start":{"line":1109,"column":2},"end":{"line":1112,"column":null}},"30":{"start":{"line":1110,"column":35},"end":{"line":1110,"column":78}}},"fnMap":{"0":{"name":"(anonymous_0)","decl":{"start":{"line":1103,"column":41},"end":{"line":1103,"column":42}},"loc":{"start":{"line":1103,"column":65},"end":{"line":1105,"column":1}},"line":1103},"1":{"name":"getTranslation","decl":{"start":{"line":1107,"column":16},"end":{"line":1107,"column":30}},"loc":{"start":{"line":1107,"column":59},"end":{"line":1113,"column":null}},"line":1107},"2":{"name":"(anonymous_2)","decl":{"start":{"line":1110,"column":4},"end":{"line":1110,"column":5}},"loc":{"start":{"line":1110,"column":35},"end":{"line":1110,"column":78}},"line":1110}},"branchMap":{"0":{"loc":{"start":{"line":1107,"column":46},"end":{"line":1107,"column":57}},"type":"default-arg","locations":[{"start":{"line":1107,"column":55},"end":{"line":1107,"column":57}}],"line":1107},"1":{"loc":{"start":{"line":1108,"column":16},"end":{"line":1108,"column":81}},"type":"binary-expr","locations":[{"start":{"line":1108,"column":16},"end":{"line":1108,"column":45}},{"start":{"line":1108,"column":49},"end":{"line":1108,"column":74}},{"start":{"line":1108,"column":78},"end":{"line":1108,"column":81}}],"line":1108}},"s":{"0":5,"1":5,"2":5,"3":5,"4":5,"5":5,"6":5,"7":5,"8":5,"9":5,"10":5,"11":5,"12":5,"13":5,"14":5,"15":5,"16":5,"17":5,"18":5,"19":5,"20":5,"21":5,"22":5,"23":5,"24":5,"25":5,"26":5,"27":30,"28":325,"29":325,"30":0},"f":{"0":30,"1":325,"2":0},"b":{"0":[325],"1":[325,0,0]},"meta":{"lastBranch":2,"lastFunction":3,"lastStatement":31,"seen":{"s:1:31:8:1":0,"s:10:28:256:1":1,"s:258:0:332:Infinity":2,"s:334:0:408:Infinity":3,"s:410:0:484:Infinity":4,"s:486:25:711:1":5,"s:713:0:735:Infinity":6,"s:737:0:758:Infinity":7,"s:760:0:795:Infinity":8,"s:797:0:833:Infinity":9,"s:835:0:866:Infinity":10,"s:868:0:899:Infinity":11,"s:901:0:932:Infinity":12,"s:934:0:965:Infinity":13,"s:967:0:998:Infinity":14,"s:1000:0:1031:Infinity":15,"s:1033:0:1036:Infinity":16,"s:1038:0:1041:Infinity":17,"s:1043:0:1046:Infinity":18,"s:1048:0:1051:Infinity":19,"s:1053:0:1056:Infinity":20,"s:1058:0:1065:Infinity":21,"s:1067:0:1074:Infinity":22,"s:1076:0:1083:Infinity":23,"s:1085:0:1092:Infinity":24,"s:1094:0:1101:Infinity":25,"s:1103:0:1105:Infinity":26,"f:1103:41:1103:42":0,"s:1104:2:1104:Infinity":27,"f:1107:16:1107:30":1,"b:1107:55:1107:57":0,"s:1108:16:1108:81":28,"b:1108:16:1108:45:1108:49:1108:74:1108:78:1108:81":1,"s:1109:2:1112:Infinity":29,"f:1110:4:1110:5":2,"s:1110:35:1110:78":30}}}
}
